#
# There is insufficient memory for the Java Runtime Environment to continue.
# Native memory allocation (malloc) failed to allocate 32744 bytes for ChunkPool::allocate
# Possible reasons:
#   The system is out of physical RAM or swap space
#   The process is running with CompressedOops enabled, and the Java Heap may be blocking the growth of the native heap
# Possible solutions:
#   Reduce memory load on the system
#   Increase physical memory or swap space
#   Check if swap backing store is full
#   Decrease Java heap size (-Xmx/-Xms)
#   Decrease number of Java threads
#   Decrease Java thread stack sizes (-Xss)
#   Set larger code cache with -XX:ReservedCodeCacheSize=
#   JVM is running with Unscaled Compressed Oops mode in which the Java heap is
#     placed in the first 4GB address space. The Java Heap base address is the
#     maximum limit for the native heap growth. Please use -XX:HeapBaseMinAddress
#     to set the Java Heap base and to place the Java Heap above 4GB virtual address.
# This output file may be truncated or incomplete.
#
#  Out of Memory Error (arena.cpp:78), pid=33868, tid=28620
#
# JRE version: Java(TM) SE Runtime Environment (17.0.14+8) (build 17.0.14+8-LTS-191)
# Java VM: Java HotSpot(TM) 64-Bit Server VM (17.0.14+8-LTS-191, mixed mode, emulated-client, sharing, tiered, compressed oops, compressed class ptrs, g1 gc, windows-amd64)
# No core dump will be written. Minidumps are not enabled by default on client versions of Windows
#

---------------  S U M M A R Y ------------

Command Line: -XX:TieredStopAtLevel=1 -Dfile.encoding=x-windows-949 -Duser.country=KR -Duser.language=ko -Duser.variant com.creepy.bit.BitApplication

Host: Intel(R) Core(TM) i7-1065G7 CPU @ 1.30GHz, 8 cores, 7G,  Windows 11 , 64 bit Build 26100 (10.0.26100.3775)
Time: Fri May 16 15:41:57 2025  Windows 11 , 64 bit Build 26100 (10.0.26100.3775) elapsed time: 934.257683 seconds (0d 0h 15m 34s)

---------------  T H R E A D  ---------------

Current thread (0x000002e2181ade10):  JavaThread "Forwarding newSession on session null to remote" daemon [_thread_in_vm, id=28620, stack(0x000000f445400000,0x000000f445500000)]

Stack: [0x000000f445400000,0x000000f445500000]
Native frames: (J=compiled Java code, j=interpreted, Vv=VM code, C=native code)
V  [jvm.dll+0x67a38a]
V  [jvm.dll+0x7da7ed]
V  [jvm.dll+0x7dc133]
V  [jvm.dll+0x7dc7a3]
V  [jvm.dll+0x24517f]
V  [jvm.dll+0xab9a4]
V  [jvm.dll+0xabd3c]
V  [jvm.dll+0x6d1507]
V  [jvm.dll+0x6d11e9]
V  [jvm.dll+0x6d1808]
V  [jvm.dll+0x6d0d85]
V  [jvm.dll+0x6d178f]
V  [jvm.dll+0x36e5b5]
V  [jvm.dll+0x36e45b]
V  [jvm.dll+0x36e426]
V  [jvm.dll+0x36d664]
V  [jvm.dll+0x36d608]
V  [jvm.dll+0x37d31a]
C  0x000002e20d3e98b0

Java frames: (J=compiled Java code, j=interpreted, Vv=VM code)
j  org.openqa.selenium.remote.Dialect$1.getCommandCodec()Lorg/openqa/selenium/remote/CommandCodec;+0
j  org.openqa.selenium.remote.HttpCommandExecutor.execute(Lorg/openqa/selenium/remote/Command;)Lorg/openqa/selenium/remote/Response;+123
j  org.openqa.selenium.remote.service.DriverCommandExecutor.invokeExecute(Lorg/openqa/selenium/remote/Command;)Lorg/openqa/selenium/remote/Response;+2
j  org.openqa.selenium.remote.service.DriverCommandExecutor.execute(Lorg/openqa/selenium/remote/Command;)Lorg/openqa/selenium/remote/Response;+195
j  org.openqa.selenium.remote.RemoteWebDriver.execute(Lorg/openqa/selenium/remote/CommandPayload;)Lorg/openqa/selenium/remote/Response;+77
j  org.openqa.selenium.remote.RemoteWebDriver.startSession(Lorg/openqa/selenium/Capabilities;)V+18
j  org.openqa.selenium.remote.RemoteWebDriver.<init>(Lorg/openqa/selenium/remote/CommandExecutor;Lorg/openqa/selenium/Capabilities;)V+88
j  org.openqa.selenium.chromium.ChromiumDriver.<init>(Lorg/openqa/selenium/remote/CommandExecutor;Lorg/openqa/selenium/Capabilities;Ljava/lang/String;)V+3
j  org.openqa.selenium.chrome.ChromeDriver.<init>(Lorg/openqa/selenium/chrome/ChromeDriverService;Lorg/openqa/selenium/chrome/ChromeOptions;Lorg/openqa/selenium/remote/http/ClientConfig;)V+10
j  org.openqa.selenium.chrome.ChromeDriver.<init>(Lorg/openqa/selenium/chrome/ChromeDriverService;Lorg/openqa/selenium/chrome/ChromeOptions;)V+6
j  org.openqa.selenium.chrome.ChromeDriver.<init>(Lorg/openqa/selenium/chrome/ChromeOptions;)V+5
j  com.creepy.bit.service.GooglePlaceService.crawlGoogleMapImageWithSelenium(Ljava/lang/String;)Ljava/lang/String;+71
j  com.creepy.bit.service.GooglePlaceService.getPlaceImageUrl(Ljava/lang/String;DD)Ljava/lang/String;+323
j  com.creepy.bit.controller.GooglePlaceController.getPlaceImage(Ljava/lang/String;DD)Ljava/lang/String;+16
v  ~StubRoutines::call_stub
J 3974  jdk.internal.reflect.NativeMethodAccessorImpl.invoke0(Ljava/lang/reflect/Method;Ljava/lang/Object;[Ljava/lang/Object;)Ljava/lang/Object; java.base@17.0.14 (0 bytes) @ 0x000002e20dca6fa7 [0x000002e20dca6f20+0x0000000000000087]
J 4408 c1 jdk.internal.reflect.NativeMethodAccessorImpl.invoke(Ljava/lang/Object;[Ljava/lang/Object;)Ljava/lang/Object; java.base@17.0.14 (137 bytes) @ 0x000002e20dd56b14 [0x000002e20dd56800+0x0000000000000314]
J 4402 c1 jdk.internal.reflect.DelegatingMethodAccessorImpl.invoke(Ljava/lang/Object;[Ljava/lang/Object;)Ljava/lang/Object; java.base@17.0.14 (10 bytes) @ 0x000002e20dd54f64 [0x000002e20dd54f20+0x0000000000000044]
J 4403 c1 java.lang.reflect.Method.invoke(Ljava/lang/Object;[Ljava/lang/Object;)Ljava/lang/Object; java.base@17.0.14 (65 bytes) @ 0x000002e20dd55364 [0x000002e20dd55260+0x0000000000000104]
j  org.springframework.web.method.support.InvocableHandlerMethod.doInvoke([Ljava/lang/Object;)Ljava/lang/Object;+55
j  org.springframework.web.method.support.InvocableHandlerMethod.invokeForRequest(Lorg/springframework/web/context/request/NativeWebRequest;Lorg/springframework/web/method/support/ModelAndViewContainer;[Ljava/lang/Object;)Ljava/lang/Object;+82
j  org.springframework.web.servlet.mvc.method.annotation.ServletInvocableHandlerMethod.invokeAndHandle(Lorg/springframework/web/context/request/ServletWebRequest;Lorg/springframework/web/method/support/ModelAndViewContainer;[Ljava/lang/Object;)V+4
j  org.springframework.web.servlet.mvc.method.annotation.RequestMappingHandlerAdapter.invokeHandlerMethod(Ljakarta/servlet/http/HttpServletRequest;Ljakarta/servlet/http/HttpServletResponse;Lorg/springframework/web/method/HandlerMethod;)Lorg/springframework/web/servlet/ModelAndView;+309
j  org.springframework.web.servlet.mvc.method.annotation.RequestMappingHandlerAdapter.handleInternal(Ljakarta/servlet/http/HttpServletRequest;Ljakarta/servlet/http/HttpServletResponse;Lorg/springframework/web/method/HandlerMethod;)Lorg/springframework/web/servlet/ModelAndView;+81
j  org.springframework.web.servlet.mvc.method.AbstractHandlerMethodAdapter.handle(Ljakarta/servlet/http/HttpServletRequest;Ljakarta/servlet/http/HttpServletResponse;Ljava/lang/Object;)Lorg/springframework/web/servlet/ModelAndView;+7
j  org.springframework.web.servlet.DispatcherServlet.doDispatch(Ljakarta/servlet/http/HttpServletRequest;Ljakarta/servlet/http/HttpServletResponse;)V+304
j  org.springframework.web.servlet.DispatcherServlet.doService(Ljakarta/servlet/http/HttpServletRequest;Ljakarta/servlet/http/HttpServletResponse;)V+242
j  org.springframework.web.servlet.FrameworkServlet.processRequest(Ljakarta/servlet/http/HttpServletRequest;Ljakarta/servlet/http/HttpServletResponse;)V+70
j  org.springframework.web.servlet.FrameworkServlet.doGet(Ljakarta/servlet/http/HttpServletRequest;Ljakarta/servlet/http/HttpServletResponse;)V+3
j  jakarta.servlet.http.HttpServlet.service(Ljakarta/servlet/http/HttpServletRequest;Ljakarta/servlet/http/HttpServletResponse;)V+35
j  org.springframework.web.servlet.FrameworkServlet.service(Ljakarta/servlet/http/HttpServletRequest;Ljakarta/servlet/http/HttpServletResponse;)V+20
j  jakarta.servlet.http.HttpServlet.service(Ljakarta/servlet/ServletRequest;Ljakarta/servlet/ServletResponse;)V+37
j  org.apache.catalina.core.ApplicationFilterChain.internalDoFilter(Ljakarta/servlet/ServletRequest;Ljakarta/servlet/ServletResponse;)V+300
j  org.apache.catalina.core.ApplicationFilterChain.doFilter(Ljakarta/servlet/ServletRequest;Ljakarta/servlet/ServletResponse;)V+99
j  org.apache.tomcat.websocket.server.WsFilter.doFilter(Ljakarta/servlet/ServletRequest;Ljakarta/servlet/ServletResponse;Ljakarta/servlet/FilterChain;)V+21
j  org.apache.catalina.core.ApplicationFilterChain.internalDoFilter(Ljakarta/servlet/ServletRequest;Ljakarta/servlet/ServletResponse;)V+130
j  org.apache.catalina.core.ApplicationFilterChain.doFilter(Ljakarta/servlet/ServletRequest;Ljakarta/servlet/ServletResponse;)V+99
j  org.springframework.web.filter.CompositeFilter$VirtualFilterChain.doFilter(Ljakarta/servlet/ServletRequest;Ljakarta/servlet/ServletResponse;)V+22
j  org.springframework.security.web.FilterChainProxy.lambda$doFilterInternal$3(Lorg/springframework/security/web/firewall/FirewalledRequest;Ljakarta/servlet/FilterChain;Ljakarta/servlet/ServletRequest;Ljakarta/servlet/ServletResponse;)V+35
j  org.springframework.security.web.FilterChainProxy$$Lambda$1391+0x000002e21a8e0c90.doFilter(Ljakarta/servlet/ServletRequest;Ljakarta/servlet/ServletResponse;)V+10
j  org.springframework.security.web.FilterChainProxy$VirtualFilterChain.doFilter(Ljakarta/servlet/ServletRequest;Ljakarta/servlet/ServletResponse;)V+17
j  org.springframework.security.web.access.intercept.AuthorizationFilter.doFilter(Ljakarta/servlet/ServletRequest;Ljakarta/servlet/ServletResponse;Ljakarta/servlet/FilterChain;)V+147
j  org.springframework.security.web.FilterChainProxy$VirtualFilterChain.doFilter(Ljakarta/servlet/ServletRequest;Ljakarta/servlet/ServletResponse;)V+105
j  org.springframework.security.web.access.ExceptionTranslationFilter.doFilter(Ljakarta/servlet/http/HttpServletRequest;Ljakarta/servlet/http/HttpServletResponse;Ljakarta/servlet/FilterChain;)V+3
j  org.springframework.security.web.access.ExceptionTranslationFilter.doFilter(Ljakarta/servlet/ServletRequest;Ljakarta/servlet/ServletResponse;Ljakarta/servlet/FilterChain;)V+10
j  org.springframework.security.web.FilterChainProxy$VirtualFilterChain.doFilter(Ljakarta/servlet/ServletRequest;Ljakarta/servlet/ServletResponse;)V+105
j  org.springframework.security.web.authentication.AnonymousAuthenticationFilter.doFilter(Ljakarta/servlet/ServletRequest;Ljakarta/servlet/ServletResponse;Ljakarta/servlet/FilterChain;)V+33
j  org.springframework.security.web.FilterChainProxy$VirtualFilterChain.doFilter(Ljakarta/servlet/ServletRequest;Ljakarta/servlet/ServletResponse;)V+105
j  org.springframework.security.web.servletapi.SecurityContextHolderAwareRequestFilter.doFilter(Ljakarta/servlet/ServletRequest;Ljakarta/servlet/ServletResponse;Ljakarta/servlet/FilterChain;)V+19
j  org.springframework.security.web.FilterChainProxy$VirtualFilterChain.doFilter(Ljakarta/servlet/ServletRequest;Ljakarta/servlet/ServletResponse;)V+105
j  org.springframework.security.web.savedrequest.RequestCacheAwareFilter.doFilter(Ljakarta/servlet/ServletRequest;Ljakarta/servlet/ServletResponse;Ljakarta/servlet/FilterChain;)V+32
j  org.springframework.security.web.FilterChainProxy$VirtualFilterChain.doFilter(Ljakarta/servlet/ServletRequest;Ljakarta/servlet/ServletResponse;)V+105
j  org.springframework.security.web.authentication.logout.LogoutFilter.doFilter(Ljakarta/servlet/http/HttpServletRequest;Ljakarta/servlet/http/HttpServletResponse;Ljakarta/servlet/FilterChain;)V+83
j  org.springframework.security.web.authentication.logout.LogoutFilter.doFilter(Ljakarta/servlet/ServletRequest;Ljakarta/servlet/ServletResponse;Ljakarta/servlet/FilterChain;)V+10
j  org.springframework.security.web.FilterChainProxy$VirtualFilterChain.doFilter(Ljakarta/servlet/ServletRequest;Ljakarta/servlet/ServletResponse;)V+105
j  org.springframework.web.filter.CorsFilter.doFilterInternal(Ljakarta/servlet/http/HttpServletRequest;Ljakarta/servlet/http/HttpServletResponse;Ljakarta/servlet/FilterChain;)V+43
j  org.springframework.web.filter.OncePerRequestFilter.doFilter(Ljakarta/servlet/ServletRequest;Ljakarta/servlet/ServletResponse;Ljakarta/servlet/FilterChain;)V+150
j  org.springframework.security.web.FilterChainProxy$VirtualFilterChain.doFilter(Ljakarta/servlet/ServletRequest;Ljakarta/servlet/ServletResponse;)V+105
j  org.springframework.security.web.header.HeaderWriterFilter.doHeadersAfter(Ljakarta/servlet/http/HttpServletRequest;Ljakarta/servlet/http/HttpServletResponse;Ljakarta/servlet/FilterChain;)V+29
j  org.springframework.security.web.header.HeaderWriterFilter.doFilterInternal(Ljakarta/servlet/http/HttpServletRequest;Ljakarta/servlet/http/HttpServletResponse;Ljakarta/servlet/FilterChain;)V+21
j  org.springframework.web.filter.OncePerRequestFilter.doFilter(Ljakarta/servlet/ServletRequest;Ljakarta/servlet/ServletResponse;Ljakarta/servlet/FilterChain;)V+150
j  org.springframework.security.web.FilterChainProxy$VirtualFilterChain.doFilter(Ljakarta/servlet/ServletRequest;Ljakarta/servlet/ServletResponse;)V+105
j  org.springframework.security.web.context.SecurityContextHolderFilter.doFilter(Ljakarta/servlet/http/HttpServletRequest;Ljakarta/servlet/http/HttpServletResponse;Ljakarta/servlet/FilterChain;)V+59
j  org.springframework.security.web.context.SecurityContextHolderFilter.doFilter(Ljakarta/servlet/ServletRequest;Ljakarta/servlet/ServletResponse;Ljakarta/servlet/FilterChain;)V+10
j  org.springframework.security.web.FilterChainProxy$VirtualFilterChain.doFilter(Ljakarta/servlet/ServletRequest;Ljakarta/servlet/ServletResponse;)V+105
j  org.springframework.security.web.context.request.async.WebAsyncManagerIntegrationFilter.doFilterInternal(Ljakarta/servlet/http/HttpServletRequest;Ljakarta/servlet/http/HttpServletResponse;Ljakarta/servlet/FilterChain;)V+55
j  org.springframework.web.filter.OncePerRequestFilter.doFilter(Ljakarta/servlet/ServletRequest;Ljakarta/servlet/ServletResponse;Ljakarta/servlet/FilterChain;)V+150
j  org.springframework.security.web.FilterChainProxy$VirtualFilterChain.doFilter(Ljakarta/servlet/ServletRequest;Ljakarta/servlet/ServletResponse;)V+105
j  org.springframework.security.web.session.DisableEncodeUrlFilter.doFilterInternal(Ljakarta/servlet/http/HttpServletRequest;Ljakarta/servlet/http/HttpServletResponse;Ljakarta/servlet/FilterChain;)V+10
j  org.springframework.web.filter.OncePerRequestFilter.doFilter(Ljakarta/servlet/ServletRequest;Ljakarta/servlet/ServletResponse;Ljakarta/servlet/FilterChain;)V+150
j  org.springframework.security.web.FilterChainProxy$VirtualFilterChain.doFilter(Ljakarta/servlet/ServletRequest;Ljakarta/servlet/ServletResponse;)V+105
j  org.springframework.security.web.FilterChainProxy.doFilterInternal(Ljakarta/servlet/ServletRequest;Ljakarta/servlet/ServletResponse;Ljakarta/servlet/FilterChain;)V+163
j  org.springframework.security.web.FilterChainProxy.doFilter(Ljakarta/servlet/ServletRequest;Ljakarta/servlet/ServletResponse;Ljakarta/servlet/FilterChain;)V+48
j  org.springframework.web.filter.CompositeFilter$VirtualFilterChain.doFilter(Ljakarta/servlet/ServletRequest;Ljakarta/servlet/ServletResponse;)V+63
j  org.springframework.web.servlet.handler.HandlerMappingIntrospector.lambda$createCacheFilter$3(Ljakarta/servlet/ServletRequest;Ljakarta/servlet/ServletResponse;Ljakarta/servlet/FilterChain;)V+13
j  org.springframework.web.servlet.handler.HandlerMappingIntrospector$$Lambda$1255+0x000002e21a7b2a60.doFilter(Ljakarta/servlet/ServletRequest;Ljakarta/servlet/ServletResponse;Ljakarta/servlet/FilterChain;)V+7
j  org.springframework.web.filter.CompositeFilter$VirtualFilterChain.doFilter(Ljakarta/servlet/ServletRequest;Ljakarta/servlet/ServletResponse;)V+63
j  org.springframework.web.filter.CompositeFilter.doFilter(Ljakarta/servlet/ServletRequest;Ljakarta/servlet/ServletResponse;Ljakarta/servlet/FilterChain;)V+14
j  org.springframework.security.config.annotation.web.configuration.WebMvcSecurityConfiguration$CompositeFilterChainProxy.doFilter(Ljakarta/servlet/ServletRequest;Ljakarta/servlet/ServletResponse;Ljakarta/servlet/FilterChain;)V+7
j  org.springframework.web.filter.DelegatingFilterProxy.invokeDelegate(Ljakarta/servlet/Filter;Ljakarta/servlet/ServletRequest;Ljakarta/servlet/ServletResponse;Ljakarta/servlet/FilterChain;)V+5
j  org.springframework.web.filter.DelegatingFilterProxy.doFilter(Ljakarta/servlet/ServletRequest;Ljakarta/servlet/ServletResponse;Ljakarta/servlet/FilterChain;)V+98
j  org.apache.catalina.core.ApplicationFilterChain.internalDoFilter(Ljakarta/servlet/ServletRequest;Ljakarta/servlet/ServletResponse;)V+130
j  org.apache.catalina.core.ApplicationFilterChain.doFilter(Ljakarta/servlet/ServletRequest;Ljakarta/servlet/ServletResponse;)V+99
j  org.springframework.web.filter.RequestContextFilter.doFilterInternal(Ljakarta/servlet/http/HttpServletRequest;Ljakarta/servlet/http/HttpServletResponse;Ljakarta/servlet/FilterChain;)V+21
j  org.springframework.web.filter.OncePerRequestFilter.doFilter(Ljakarta/servlet/ServletRequest;Ljakarta/servlet/ServletResponse;Ljakarta/servlet/FilterChain;)V+150
j  org.apache.catalina.core.ApplicationFilterChain.internalDoFilter(Ljakarta/servlet/ServletRequest;Ljakarta/servlet/ServletResponse;)V+130
j  org.apache.catalina.core.ApplicationFilterChain.doFilter(Ljakarta/servlet/ServletRequest;Ljakarta/servlet/ServletResponse;)V+99
j  org.springframework.web.filter.FormContentFilter.doFilterInternal(Ljakarta/servlet/http/HttpServletRequest;Ljakarta/servlet/http/HttpServletResponse;Ljakarta/servlet/FilterChain;)V+38
j  org.springframework.web.filter.OncePerRequestFilter.doFilter(Ljakarta/servlet/ServletRequest;Ljakarta/servlet/ServletResponse;Ljakarta/servlet/FilterChain;)V+150
j  org.apache.catalina.core.ApplicationFilterChain.internalDoFilter(Ljakarta/servlet/ServletRequest;Ljakarta/servlet/ServletResponse;)V+130
j  org.apache.catalina.core.ApplicationFilterChain.doFilter(Ljakarta/servlet/ServletRequest;Ljakarta/servlet/ServletResponse;)V+99
j  org.springframework.web.filter.CharacterEncodingFilter.doFilterInternal(Ljakarta/servlet/http/HttpServletRequest;Ljakarta/servlet/http/HttpServletResponse;Ljakarta/servlet/FilterChain;)V+53
j  org.springframework.web.filter.OncePerRequestFilter.doFilter(Ljakarta/servlet/ServletRequest;Ljakarta/servlet/ServletResponse;Ljakarta/servlet/FilterChain;)V+150
j  org.apache.catalina.core.ApplicationFilterChain.internalDoFilter(Ljakarta/servlet/ServletRequest;Ljakarta/servlet/ServletResponse;)V+130
j  org.apache.catalina.core.ApplicationFilterChain.doFilter(Ljakarta/servlet/ServletRequest;Ljakarta/servlet/ServletResponse;)V+99
j  org.apache.catalina.core.StandardWrapperValve.invoke(Lorg/apache/catalina/connector/Request;Lorg/apache/catalina/connector/Response;)V+511
j  org.apache.catalina.core.StandardContextValve.invoke(Lorg/apache/catalina/connector/Request;Lorg/apache/catalina/connector/Response;)V+169
j  org.apache.catalina.authenticator.AuthenticatorBase.invoke(Lorg/apache/catalina/connector/Request;Lorg/apache/catalina/connector/Response;)V+221
j  org.apache.catalina.core.StandardHostValve.invoke(Lorg/apache/catalina/connector/Request;Lorg/apache/catalina/connector/Response;)V+131
j  org.apache.catalina.valves.ErrorReportValve.invoke(Lorg/apache/catalina/connector/Request;Lorg/apache/catalina/connector/Response;)V+6
j  org.apache.catalina.core.StandardEngineValve.invoke(Lorg/apache/catalina/connector/Request;Lorg/apache/catalina/connector/Response;)V+59
j  org.apache.catalina.connector.CoyoteAdapter.service(Lorg/apache/coyote/Request;Lorg/apache/coyote/Response;)V+188
j  org.apache.coyote.http11.Http11Processor.service(Lorg/apache/tomcat/util/net/SocketWrapperBase;)Lorg/apache/tomcat/util/net/AbstractEndpoint$Handler$SocketState;+796
j  org.apache.coyote.AbstractProcessorLight.process(Lorg/apache/tomcat/util/net/SocketWrapperBase;Lorg/apache/tomcat/util/net/SocketEvent;)Lorg/apache/tomcat/util/net/AbstractEndpoint$Handler$SocketState;+155
j  org.apache.coyote.AbstractProtocol$ConnectionHandler.process(Lorg/apache/tomcat/util/net/SocketWrapperBase;Lorg/apache/tomcat/util/net/SocketEvent;)Lorg/apache/tomcat/util/net/AbstractEndpoint$Handler$SocketState;+477
j  org.apache.tomcat.util.net.NioEndpoint$SocketProcessor.doRun()V+222
j  org.apache.tomcat.util.net.SocketProcessorBase.run()V+32
j  org.apache.tomcat.util.threads.ThreadPoolExecutor.runWorker(Lorg/apache/tomcat/util/threads/ThreadPoolExecutor$Worker;)V+92
j  org.apache.tomcat.util.threads.ThreadPoolExecutor$Worker.run()V+5
j  org.apache.tomcat.util.threads.TaskThread$WrappingRunnable.run()V+4
j  java.lang.Thread.run()V+11 java.base@17.0.14
v  ~StubRoutines::call_stub

---------------  P R O C E S S  ---------------

Threads class SMR info:
_java_thread_list=0x000002e260312b10, length=75, elements={
0x000002e217d70050, 0x000002e217d70a10, 0x000002e217d88b00, 0x000002e217d893d0,
0x000002e217d89ca0, 0x000002e217d8a660, 0x000002e217d8b020, 0x000002e217d9ba50,
0x000002e2182a7d00, 0x000002e2182ab520, 0x000002e25ee18930, 0x000002e25ee18e10,
0x000002e25ee192f0, 0x000002e2181ad3f0, 0x000002e2181acee0, 0x000002e2181ae320,
0x000002e2181ac9d0, 0x000002e2181ae830, 0x000002e2181ad900, 0x000002e2181ade10,
0x000002e2181aed40, 0x000002e2181af250, 0x000002e2181af760, 0x000002e2181ac4c0,
0x000002e25fc6f870, 0x000002e25fc6d500, 0x000002e25fc6ee50, 0x000002e25fc6da10,
0x000002e25fc6df20, 0x000002e25fc6cae0, 0x000002e25fc6c5d0, 0x000002e25fc6cff0,
0x000002e25fc6e940, 0x000002e25fc6f360, 0x000002e25fc6c0c0, 0x000002e25fc6fd80,
0x000002e25fc720f0, 0x000002e25fc72600, 0x000002e25fc72b10, 0x000002e25fc73020,
0x000002e25fc73530, 0x000002e25fc70cb0, 0x000002e25fc71be0, 0x000002e25fc711c0,
0x000002e25fc73a40, 0x000002e25fc716d0, 0x000002e25fc70290, 0x000002e25fc707a0,
0x000002e2602647b0, 0x000002e260262950, 0x000002e260266610, 0x000002e260264cc0,
0x000002e260263370, 0x000002e260262e60, 0x000002e2602651d0, 0x000002e2602642a0,
0x000002e260267030, 0x000002e260266b20, 0x000002e260265bf0, 0x000002e2602656e0,
0x000002e260266100, 0x000002e260263880, 0x000002e260267540, 0x000002e260263d90,
0x000002e260267a50, 0x000002e260268470, 0x000002e260268e90, 0x000002e2602693a0,
0x000002e260267f60, 0x000002e260268980, 0x000002e2602698b0, 0x000002e26026a2d0,
0x000002e260269dc0, 0x000002e2603a9d30, 0x000002e2603aa240
}

Java Threads: ( => current thread )
  0x000002e217d70050 JavaThread "Reference Handler" daemon [_thread_blocked, id=60696, stack(0x000000f443200000,0x000000f443300000)]
  0x000002e217d70a10 JavaThread "Finalizer" daemon [_thread_blocked, id=50940, stack(0x000000f443300000,0x000000f443400000)]
  0x000002e217d88b00 JavaThread "Signal Dispatcher" daemon [_thread_blocked, id=54956, stack(0x000000f443400000,0x000000f443500000)]
  0x000002e217d893d0 JavaThread "Attach Listener" daemon [_thread_blocked, id=45028, stack(0x000000f443500000,0x000000f443600000)]
  0x000002e217d89ca0 JavaThread "Service Thread" daemon [_thread_blocked, id=58272, stack(0x000000f443600000,0x000000f443700000)]
  0x000002e217d8a660 JavaThread "Monitor Deflation Thread" daemon [_thread_blocked, id=15484, stack(0x000000f443700000,0x000000f443800000)]
  0x000002e217d8b020 JavaThread "C1 CompilerThread0" daemon [_thread_blocked, id=61084, stack(0x000000f443800000,0x000000f443900000)]
  0x000002e217d9ba50 JavaThread "Sweeper thread" daemon [_thread_blocked, id=48676, stack(0x000000f443900000,0x000000f443a00000)]
  0x000002e2182a7d00 JavaThread "Notification Thread" daemon [_thread_blocked, id=58528, stack(0x000000f443b00000,0x000000f443c00000)]
  0x000002e2182ab520 JavaThread "Common-Cleaner" daemon [_thread_blocked, id=51176, stack(0x000000f443d00000,0x000000f443e00000)]
  0x000002e25ee18930 JavaThread "Catalina-utility-1" [_thread_blocked, id=26220, stack(0x000000f444a00000,0x000000f444b00000)]
  0x000002e25ee18e10 JavaThread "Catalina-utility-2" [_thread_blocked, id=50452, stack(0x000000f444b00000,0x000000f444c00000)]
  0x000002e25ee192f0 JavaThread "container-0" [_thread_blocked, id=54188, stack(0x000000f444c00000,0x000000f444d00000)]
  0x000002e2181ad3f0 JavaThread "mysql-cj-abandoned-connection-cleanup" daemon [_thread_blocked, id=30320, stack(0x000000f444d00000,0x000000f444e00000)]
  0x000002e2181acee0 JavaThread "HikariPool-1 housekeeper" daemon [_thread_blocked, id=56408, stack(0x000000f444f00000,0x000000f445000000)]
  0x000002e2181ae320 JavaThread "File Watcher" daemon [_thread_blocked, id=47480, stack(0x000000f445000000,0x000000f445100000)]
  0x000002e2181ac9d0 JavaThread "Live Reload Server" daemon [_thread_in_native, id=55992, stack(0x000000f445200000,0x000000f445300000)]
  0x000002e2181ae830 JavaThread "Forwarding newSession on session null to remote" daemon [_thread_blocked, id=60540, stack(0x000000f445100000,0x000000f445200000)]
  0x000002e2181ad900 JavaThread "Forwarding newSession on session null to remote" daemon [_thread_blocked, id=59436, stack(0x000000f445300000,0x000000f445400000)]
=>0x000002e2181ade10 JavaThread "Forwarding newSession on session null to remote" daemon [_thread_in_vm, id=28620, stack(0x000000f445400000,0x000000f445500000)]
  0x000002e2181aed40 JavaThread "Forwarding newSession on session null to remote" daemon [_thread_blocked, id=48964, stack(0x000000f445500000,0x000000f445600000)]
  0x000002e2181af250 JavaThread "http-nio-8080-exec-5" daemon [_thread_blocked, id=47708, stack(0x000000f445600000,0x000000f445700000)]
  0x000002e2181af760 JavaThread "http-nio-8080-exec-6" daemon [_thread_blocked, id=61416, stack(0x000000f445700000,0x000000f445800000)]
  0x000002e2181ac4c0 JavaThread "http-nio-8080-exec-7" daemon [_thread_blocked, id=54680, stack(0x000000f445800000,0x000000f445900000)]
  0x000002e25fc6f870 JavaThread "http-nio-8080-exec-8" daemon [_thread_blocked, id=30876, stack(0x000000f445900000,0x000000f445a00000)]
  0x000002e25fc6d500 JavaThread "Forwarding newSession on session null to remote" daemon [_thread_blocked, id=49300, stack(0x000000f445a00000,0x000000f445b00000)]
  0x000002e25fc6ee50 JavaThread "Forwarding newSession on session null to remote" daemon [_thread_blocked, id=57776, stack(0x000000f445b00000,0x000000f445c00000)]
  0x000002e25fc6da10 JavaThread "http-nio-8080-Poller" daemon [_thread_in_native, id=60040, stack(0x000000f445c00000,0x000000f445d00000)]
  0x000002e25fc6df20 JavaThread "http-nio-8080-Acceptor" daemon [_thread_in_native, id=47468, stack(0x000000f445d00000,0x000000f445e00000)]
  0x000002e25fc6cae0 JavaThread "scheduling-1" [_thread_blocked, id=60464, stack(0x000000f445e00000,0x000000f445f00000)]
  0x000002e25fc6c5d0 JavaThread "DestroyJavaVM" [_thread_blocked, id=35204, stack(0x000000f442b00000,0x000000f442c00000)]
  0x000002e25fc6cff0 JavaThread "ForkJoinPool.commonPool-worker-1" daemon [_thread_blocked, id=39284, stack(0x000000f442800000,0x000000f442900000)]
  0x000002e25fc6e940 JavaThread "HttpClient-6-SelectorManager" daemon [_thread_in_native, id=49580, stack(0x000000f442a00000,0x000000f442b00000)]
  0x000002e25fc6f360 JavaThread "HttpClient-3-SelectorManager" daemon [_thread_in_native, id=45888, stack(0x000000f443a00000,0x000000f443b00000)]
  0x000002e25fc6c0c0 JavaThread "HttpClient-1-SelectorManager" daemon [_thread_in_native, id=26224, stack(0x000000f444200000,0x000000f444300000)]
  0x000002e25fc6fd80 JavaThread "HttpClient-5-SelectorManager" daemon [_thread_in_native, id=54364, stack(0x000000f444300000,0x000000f444400000)]
  0x000002e25fc720f0 JavaThread "HttpClient-4-SelectorManager" daemon [_thread_in_native, id=37168, stack(0x000000f444800000,0x000000f444900000)]
  0x000002e25fc72600 JavaThread "HttpClient-2-SelectorManager" daemon [_thread_in_native, id=11464, stack(0x000000f444900000,0x000000f444a00000)]
  0x000002e25fc72b10 JavaThread "External Process Output Forwarder - C:/tools/chromedriver/chromedriver.exe" daemon [_thread_in_native, id=28420, stack(0x000000f444e00000,0x000000f444f00000)]
  0x000002e25fc73020 JavaThread "Driver Service Executor" daemon [_thread_blocked, id=61376, stack(0x000000f445f00000,0x000000f446000000)]
  0x000002e25fc73530 JavaThread "Driver Service Executor" daemon [_thread_in_native, id=38592, stack(0x000000f446000000,0x000000f446100000)]
  0x000002e25fc70cb0 JavaThread "UrlChecker-2" daemon [_thread_blocked, id=56808, stack(0x000000f446100000,0x000000f446200000)]
  0x000002e25fc71be0 JavaThread "External Process Output Forwarder - C:/tools/chromedriver/chromedriver.exe" daemon [_thread_in_native, id=13200, stack(0x000000f446200000,0x000000f446300000)]
  0x000002e25fc711c0 JavaThread "Driver Service Executor" daemon [_thread_blocked, id=57760, stack(0x000000f446300000,0x000000f446400000)]
  0x000002e25fc73a40 JavaThread "Driver Service Executor" daemon [_thread_in_native, id=57972, stack(0x000000f446400000,0x000000f446500000)]
  0x000002e25fc716d0 JavaThread "UrlChecker-3" daemon [_thread_blocked, id=20420, stack(0x000000f446600000,0x000000f446700000)]
  0x000002e25fc70290 JavaThread "External Process Output Forwarder - C:/tools/chromedriver/chromedriver.exe" daemon [_thread_in_native, id=5828, stack(0x000000f446700000,0x000000f446800000)]
  0x000002e25fc707a0 JavaThread "Driver Service Executor" daemon [_thread_blocked, id=37232, stack(0x000000f446800000,0x000000f446900000)]
  0x000002e2602647b0 JavaThread "Driver Service Executor" daemon [_thread_in_native, id=60072, stack(0x000000f446900000,0x000000f446a00000)]
  0x000002e260262950 JavaThread "UrlChecker-4" daemon [_thread_blocked, id=11944, stack(0x000000f446a00000,0x000000f446b00000)]
  0x000002e260266610 JavaThread "External Process Output Forwarder - C:/tools/chromedriver/chromedriver.exe" daemon [_thread_in_native, id=56572, stack(0x000000f446b00000,0x000000f446c00000)]
  0x000002e260264cc0 JavaThread "Driver Service Executor" daemon [_thread_blocked, id=60020, stack(0x000000f446c00000,0x000000f446d00000)]
  0x000002e260263370 JavaThread "Driver Service Executor" daemon [_thread_in_native, id=11180, stack(0x000000f446d00000,0x000000f446e00000)]
  0x000002e260262e60 JavaThread "UrlChecker-5" daemon [_thread_blocked, id=42368, stack(0x000000f446e00000,0x000000f446f00000)]
  0x000002e2602651d0 JavaThread "External Process Output Forwarder - C:/tools/chromedriver/chromedriver.exe" daemon [_thread_in_native, id=56096, stack(0x000000f446f00000,0x000000f447000000)]
  0x000002e2602642a0 JavaThread "Driver Service Executor" daemon [_thread_blocked, id=44352, stack(0x000000f447000000,0x000000f447100000)]
  0x000002e260267030 JavaThread "Driver Service Executor" daemon [_thread_in_native, id=36512, stack(0x000000f447100000,0x000000f447200000)]
  0x000002e260266b20 JavaThread "UrlChecker-6" daemon [_thread_blocked, id=43644, stack(0x000000f447200000,0x000000f447300000)]
  0x000002e260265bf0 JavaThread "External Process Output Forwarder - C:/tools/chromedriver/chromedriver.exe" daemon [_thread_in_native, id=57532, stack(0x000000f447300000,0x000000f447400000)]
  0x000002e2602656e0 JavaThread "Driver Service Executor" daemon [_thread_blocked, id=18404, stack(0x000000f447400000,0x000000f447500000)]
  0x000002e260266100 JavaThread "Driver Service Executor" daemon [_thread_in_native, id=60176, stack(0x000000f447500000,0x000000f447600000)]
  0x000002e260263880 JavaThread "UrlChecker-7" daemon [_thread_blocked, id=46672, stack(0x000000f447600000,0x000000f447700000)]
  0x000002e260267540 JavaThread "JdkHttpClient-0-0" daemon [_thread_blocked, id=39972, stack(0x000000f447700000,0x000000f447800000)]
  0x000002e260263d90 JavaThread "JdkHttpClient-4-0" daemon [_thread_blocked, id=57648, stack(0x000000f447800000,0x000000f447900000)]
  0x000002e260267a50 JavaThread "JdkHttpClient-3-0" daemon [_thread_blocked, id=59036, stack(0x000000f447900000,0x000000f447a00000)]
  0x000002e260268470 JavaThread "JdkHttpClient-5-0" daemon [_thread_blocked, id=61340, stack(0x000000f447a00000,0x000000f447b00000)]
  0x000002e260268e90 JavaThread "JdkHttpClient-2-0" daemon [_thread_blocked, id=10064, stack(0x000000f447b00000,0x000000f447c00000)]
  0x000002e2602693a0 JavaThread "JdkHttpClient-1-0" daemon [_thread_blocked, id=20336, stack(0x000000f447c00000,0x000000f447d00000)]
  0x000002e260267f60 JavaThread "JdkHttpClient-5-1" daemon [_thread_blocked, id=12792, stack(0x000000f447d00000,0x000000f447e00000)]
  0x000002e260268980 JavaThread "JdkHttpClient-2-1" daemon [_thread_blocked, id=54892, stack(0x000000f447e00000,0x000000f447f00000)]
  0x000002e2602698b0 JavaThread "JdkHttpClient-4-1" daemon [_thread_blocked, id=24420, stack(0x000000f447f00000,0x000000f448000000)]
  0x000002e26026a2d0 JavaThread "JdkHttpClient-1-1" daemon [_thread_blocked, id=29044, stack(0x000000f448000000,0x000000f448100000)]
  0x000002e260269dc0 JavaThread "JdkHttpClient-3-1" daemon [_thread_blocked, id=28988, stack(0x000000f448100000,0x000000f448200000)]
  0x000002e2603a9d30 JavaThread "JdkHttpClient-0-1" daemon [_thread_blocked, id=44544, stack(0x000000f448200000,0x000000f448300000)]
  0x000002e2603aa240 JavaThread "JdkHttpClient-1-2" daemon [_thread_blocked, id=56056, stack(0x000000f448300000,0x000000f448400000)]

Other Threads:
  0x000002e217d6b6a0 VMThread "VM Thread" [stack: 0x000000f443100000,0x000000f443200000] [id=54704]
  0x000002e205afca50 WatcherThread [stack: 0x000000f443c00000,0x000000f443d00000] [id=60668]
  0x000002e205ad65f0 GCTaskThread "GC Thread#0" [stack: 0x000000f442c00000,0x000000f442d00000] [id=1864]
  0x000002e218be3060 GCTaskThread "GC Thread#1" [stack: 0x000000f443e00000,0x000000f443f00000] [id=41048]
  0x000002e218c35dc0 GCTaskThread "GC Thread#2" [stack: 0x000000f443f00000,0x000000f444000000] [id=45876]
  0x000002e218c36080 GCTaskThread "GC Thread#3" [stack: 0x000000f444000000,0x000000f444100000] [id=36308]
  0x000002e218c36340 GCTaskThread "GC Thread#4" [stack: 0x000000f444100000,0x000000f444200000] [id=50244]
  0x000002e25e05cc00 GCTaskThread "GC Thread#5" [stack: 0x000000f444500000,0x000000f444600000] [id=60972]
  0x000002e25e09e020 GCTaskThread "GC Thread#6" [stack: 0x000000f444600000,0x000000f444700000] [id=59308]
  0x000002e25e07a030 GCTaskThread "GC Thread#7" [stack: 0x000000f444700000,0x000000f444800000] [id=11876]
  0x000002e205ae7c50 ConcurrentGCThread "G1 Main Marker" [stack: 0x000000f442d00000,0x000000f442e00000] [id=21400]
  0x000002e205ae9330 ConcurrentGCThread "G1 Conc#0" [stack: 0x000000f442e00000,0x000000f442f00000] [id=51216]
  0x000002e25e7de090 ConcurrentGCThread "G1 Conc#1" [stack: 0x000000f444400000,0x000000f444500000] [id=43836]
  0x000002e217c0ff60 ConcurrentGCThread "G1 Refine#0" [stack: 0x000000f442f00000,0x000000f443000000] [id=54944]
  0x000002e217c11840 ConcurrentGCThread "G1 Service" [stack: 0x000000f443000000,0x000000f443100000] [id=44684]

Threads with active compile tasks:

VM state: not at safepoint (normal execution)

VM Mutex/Monitor currently owned by a thread: None

Heap address: 0x0000000084800000, size: 1976 MB, Compressed Oops mode: 32-bit

CDS archive(s) mapped at: [0x000002e219000000-0x000002e219bd0000-0x000002e219bd0000), size 12386304, SharedBaseAddress: 0x000002e219000000, ArchiveRelocationMode: 1.
Compressed class space mapped at: 0x000002e21a000000-0x000002e25a000000, reserved size: 1073741824
Narrow klass base: 0x000002e219000000, Narrow klass shift: 0, Narrow klass range: 0x100000000

GC Precious Log:
 CPUs: 8 total, 8 available
 Memory: 7901M
 Large Page Support: Disabled
 NUMA Support: Disabled
 Compressed Oops: Enabled (32-bit)
 Heap Region Size: 1M
 Heap Min Capacity: 8M
 Heap Initial Capacity: 124M
 Heap Max Capacity: 1976M
 Pre-touch: Disabled
 Parallel Workers: 8
 Concurrent Workers: 2
 Concurrent Refinement Workers: 8
 Periodic GC: Disabled

Heap:
 garbage-first heap   total 65536K, used 45641K [0x0000000084800000, 0x0000000100000000)
  region size 1024K, 14 young (14336K), 1 survivors (1024K)
 Metaspace       used 69049K, committed 69696K, reserved 1114112K
  class space    used 10000K, committed 10304K, reserved 1048576K

Heap Regions: E=young(eden), S=young(survivor), O=old, HS=humongous(starts), HC=humongous(continues), CS=collection set, F=free, OA=open archive, CA=closed archive, TAMS=top-at-mark-start (previous, next)
|   0|0x0000000084800000, 0x0000000084900000, 0x0000000084900000|100%|HS|  |TAMS 0x0000000084900000, 0x0000000084800000| Complete 
|   1|0x0000000084900000, 0x0000000084a00000, 0x0000000084a00000|100%|HS|  |TAMS 0x0000000084a00000, 0x0000000084900000| Complete 
|   2|0x0000000084a00000, 0x0000000084b00000, 0x0000000084b00000|100%| O|  |TAMS 0x0000000084b00000, 0x0000000084a00000| Untracked 
|   3|0x0000000084b00000, 0x0000000084c00000, 0x0000000084c00000|100%| O|  |TAMS 0x0000000084c00000, 0x0000000084b00000| Untracked 
|   4|0x0000000084c00000, 0x0000000084d00000, 0x0000000084d00000|100%| O|  |TAMS 0x0000000084d00000, 0x0000000084c00000| Untracked 
|   5|0x0000000084d00000, 0x0000000084e00000, 0x0000000084e00000|100%| O|  |TAMS 0x0000000084e00000, 0x0000000084d00000| Untracked 
|   6|0x0000000084e00000, 0x0000000084f00000, 0x0000000084f00000|100%| O|  |TAMS 0x0000000084f00000, 0x0000000084e00000| Untracked 
|   7|0x0000000084f00000, 0x0000000084f00000, 0x0000000085000000|  0%| F|  |TAMS 0x0000000084f00000, 0x0000000084f00000| Untracked 
|   8|0x0000000085000000, 0x0000000085100000, 0x0000000085100000|100%| O|  |TAMS 0x0000000085100000, 0x0000000085000000| Untracked 
|   9|0x0000000085100000, 0x0000000085200000, 0x0000000085200000|100%| O|  |TAMS 0x00000000851fca00, 0x0000000085100000| Untracked 
|  10|0x0000000085200000, 0x0000000085300000, 0x0000000085300000|100%| O|  |TAMS 0x0000000085300000, 0x0000000085200000| Untracked 
|  11|0x0000000085300000, 0x0000000085400000, 0x0000000085400000|100%| O|  |TAMS 0x0000000085400000, 0x0000000085300000| Untracked 
|  12|0x0000000085400000, 0x0000000085500000, 0x0000000085500000|100%| O|  |TAMS 0x0000000085500000, 0x0000000085400000| Untracked 
|  13|0x0000000085500000, 0x0000000085600000, 0x0000000085600000|100%| O|  |TAMS 0x0000000085600000, 0x0000000085500000| Untracked 
|  14|0x0000000085600000, 0x0000000085700000, 0x0000000085700000|100%| O|  |TAMS 0x0000000085700000, 0x0000000085600000| Untracked 
|  15|0x0000000085700000, 0x0000000085800000, 0x0000000085800000|100%| O|  |TAMS 0x0000000085700000, 0x0000000085700000| Untracked 
|  16|0x0000000085800000, 0x0000000085900000, 0x0000000085900000|100%| O|  |TAMS 0x0000000085900000, 0x0000000085800000| Untracked 
|  17|0x0000000085900000, 0x0000000085a00000, 0x0000000085a00000|100%| O|  |TAMS 0x0000000085a00000, 0x0000000085900000| Untracked 
|  18|0x0000000085a00000, 0x0000000085b00000, 0x0000000085b00000|100%| O|  |TAMS 0x0000000085a00000, 0x0000000085a00000| Untracked 
|  19|0x0000000085b00000, 0x0000000085c00000, 0x0000000085c00000|100%| O|  |TAMS 0x0000000085b00000, 0x0000000085b00000| Untracked 
|  20|0x0000000085c00000, 0x0000000085d00000, 0x0000000085d00000|100%| O|  |TAMS 0x0000000085d00000, 0x0000000085c00000| Untracked 
|  21|0x0000000085d00000, 0x0000000085d58200, 0x0000000085e00000| 34%| O|  |TAMS 0x0000000085d00000, 0x0000000085d00000| Untracked 
|  22|0x0000000085e00000, 0x0000000085f00000, 0x0000000085f00000|100%| O|  |TAMS 0x0000000085f00000, 0x0000000085e00000| Untracked 
|  23|0x0000000085f00000, 0x0000000086000000, 0x0000000086000000|100%| O|  |TAMS 0x0000000086000000, 0x0000000085f00000| Untracked 
|  24|0x0000000086000000, 0x0000000086100000, 0x0000000086100000|100%| O|  |TAMS 0x0000000086100000, 0x0000000086000000| Untracked 
|  25|0x0000000086100000, 0x0000000086200000, 0x0000000086200000|100%| O|  |TAMS 0x0000000086200000, 0x0000000086100000| Untracked 
|  26|0x0000000086200000, 0x0000000086200000, 0x0000000086300000|  0%| F|  |TAMS 0x0000000086200000, 0x0000000086200000| Untracked 
|  27|0x0000000086300000, 0x0000000086400000, 0x0000000086400000|100%| O|  |TAMS 0x0000000086400000, 0x0000000086300000| Untracked 
|  28|0x0000000086400000, 0x0000000086400000, 0x0000000086500000|  0%| F|  |TAMS 0x0000000086400000, 0x0000000086400000| Untracked 
|  29|0x0000000086500000, 0x0000000086500000, 0x0000000086600000|  0%| F|  |TAMS 0x0000000086500000, 0x0000000086500000| Untracked 
|  30|0x0000000086600000, 0x0000000086600000, 0x0000000086700000|  0%| F|  |TAMS 0x0000000086600000, 0x0000000086600000| Untracked 
|  31|0x0000000086700000, 0x0000000086800000, 0x0000000086800000|100%| O|  |TAMS 0x0000000086800000, 0x0000000086700000| Untracked 
|  32|0x0000000086800000, 0x0000000086900000, 0x0000000086900000|100%| O|  |TAMS 0x0000000086900000, 0x0000000086800000| Untracked 
|  33|0x0000000086900000, 0x0000000086a00000, 0x0000000086a00000|100%| O|  |TAMS 0x0000000086a00000, 0x0000000086900000| Untracked 
|  34|0x0000000086a00000, 0x0000000086b00000, 0x0000000086b00000|100%| O|  |TAMS 0x0000000086b00000, 0x0000000086a00000| Untracked 
|  35|0x0000000086b00000, 0x0000000086c00000, 0x0000000086c00000|100%| O|  |TAMS 0x0000000086c00000, 0x0000000086b00000| Untracked 
|  36|0x0000000086c00000, 0x0000000086d00000, 0x0000000086d00000|100%| O|  |TAMS 0x0000000086d00000, 0x0000000086c00000| Untracked 
|  37|0x0000000086d00000, 0x0000000086e00000, 0x0000000086e00000|100%| O|  |TAMS 0x0000000086e00000, 0x0000000086d00000| Untracked 
|  38|0x0000000086e00000, 0x0000000086e00000, 0x0000000086f00000|  0%| F|  |TAMS 0x0000000086e00000, 0x0000000086e00000| Untracked 
|  39|0x0000000086f00000, 0x0000000086f00000, 0x0000000087000000|  0%| F|  |TAMS 0x0000000086f00000, 0x0000000086f00000| Untracked 
|  40|0x0000000087000000, 0x0000000087000000, 0x0000000087100000|  0%| F|  |TAMS 0x0000000087000000, 0x0000000087000000| Untracked 
|  41|0x0000000087100000, 0x0000000087100000, 0x0000000087200000|  0%| F|  |TAMS 0x0000000087100000, 0x0000000087100000| Untracked 
|  42|0x0000000087200000, 0x0000000087200000, 0x0000000087300000|  0%| F|  |TAMS 0x0000000087200000, 0x0000000087200000| Untracked 
|  43|0x0000000087300000, 0x0000000087300000, 0x0000000087400000|  0%| F|  |TAMS 0x0000000087300000, 0x0000000087300000| Untracked 
|  44|0x0000000087400000, 0x0000000087400000, 0x0000000087500000|  0%| F|  |TAMS 0x0000000087400000, 0x0000000087400000| Untracked 
|  45|0x0000000087500000, 0x0000000087500000, 0x0000000087600000|  0%| F|  |TAMS 0x0000000087500000, 0x0000000087500000| Untracked 
|  46|0x0000000087600000, 0x0000000087600000, 0x0000000087700000|  0%| F|  |TAMS 0x0000000087600000, 0x0000000087600000| Untracked 
|  47|0x0000000087700000, 0x0000000087700000, 0x0000000087800000|  0%| F|  |TAMS 0x0000000087700000, 0x0000000087700000| Untracked 
|  48|0x0000000087800000, 0x0000000087800000, 0x0000000087900000|  0%| F|  |TAMS 0x0000000087800000, 0x0000000087800000| Untracked 
|  49|0x0000000087900000, 0x0000000087900000, 0x0000000087a00000|  0%| F|  |TAMS 0x0000000087900000, 0x0000000087900000| Untracked 
|  50|0x0000000087a00000, 0x0000000087a2fd20, 0x0000000087b00000| 18%| E|  |TAMS 0x0000000087a00000, 0x0000000087a00000| Complete 
|  51|0x0000000087b00000, 0x0000000087c00000, 0x0000000087c00000|100%| E|CS|TAMS 0x0000000087b00000, 0x0000000087b00000| Complete 
|  52|0x0000000087c00000, 0x0000000087d00000, 0x0000000087d00000|100%| E|CS|TAMS 0x0000000087c00000, 0x0000000087c00000| Complete 
|  53|0x0000000087d00000, 0x0000000087e00000, 0x0000000087e00000|100%| E|CS|TAMS 0x0000000087d00000, 0x0000000087d00000| Complete 
|  54|0x0000000087e00000, 0x0000000087f00000, 0x0000000087f00000|100%| E|CS|TAMS 0x0000000087e00000, 0x0000000087e00000| Complete 
|  55|0x0000000087f00000, 0x0000000088000000, 0x0000000088000000|100%| E|CS|TAMS 0x0000000087f00000, 0x0000000087f00000| Complete 
|  56|0x0000000088000000, 0x0000000088100000, 0x0000000088100000|100%| E|CS|TAMS 0x0000000088000000, 0x0000000088000000| Complete 
|  57|0x0000000088100000, 0x0000000088200000, 0x0000000088200000|100%| E|CS|TAMS 0x0000000088100000, 0x0000000088100000| Complete 
|  58|0x0000000088200000, 0x0000000088300000, 0x0000000088300000|100%| E|CS|TAMS 0x0000000088200000, 0x0000000088200000| Complete 
|  59|0x0000000088300000, 0x0000000088400000, 0x0000000088400000|100%| E|CS|TAMS 0x0000000088300000, 0x0000000088300000| Complete 
|  60|0x0000000088400000, 0x0000000088500000, 0x0000000088500000|100%| E|CS|TAMS 0x0000000088400000, 0x0000000088400000| Complete 
| 102|0x000000008ae00000, 0x000000008af00000, 0x000000008af00000|100%| E|CS|TAMS 0x000000008ae00000, 0x000000008ae00000| Complete 
| 103|0x000000008af00000, 0x000000008af3a2c0, 0x000000008b000000| 22%| S|CS|TAMS 0x000000008af00000, 0x000000008af00000| Complete 
| 123|0x000000008c300000, 0x000000008c400000, 0x000000008c400000|100%| E|CS|TAMS 0x000000008c300000, 0x000000008c300000| Complete 

Card table byte_map: [0x000002e211050000,0x000002e211430000] _byte_map_base: 0x000002e210c2c000

Marking Bits (Prev, Next): (CMBitMap*) 0x000002e205ad7c60, (CMBitMap*) 0x000002e205ad7c20
 Prev Bits: [0x000002e2136f0000, 0x000002e2155d0000)
 Next Bits: [0x000002e211810000, 0x000002e2136f0000)

Polling page: 0x000002e205b30000

Metaspace:

Usage:
  Non-class:     57.67 MB used.
      Class:      9.77 MB used.
       Both:     67.43 MB used.

Virtual space:
  Non-class space:       64.00 MB reserved,      58.00 MB ( 91%) committed,  1 nodes.
      Class space:        1.00 GB reserved,      10.06 MB ( <1%) committed,  1 nodes.
             Both:        1.06 GB reserved,      68.06 MB (  6%) committed. 

Chunk freelists:
   Non-Class:  5.88 MB
       Class:  5.84 MB
        Both:  11.72 MB

MaxMetaspaceSize: unlimited
CompressedClassSpaceSize: 1.00 GB
Initial GC threshold: 21.00 MB
Current GC threshold: 105.31 MB
CDS: on
MetaspaceReclaimPolicy: balanced
 - commit_granule_bytes: 65536.
 - commit_granule_words: 8192.
 - virtual_space_node_default_size: 8388608.
 - enlarge_chunks_in_place: 1.
 - new_chunks_are_fully_committed: 0.
 - uncommit_free_chunks: 1.
 - use_allocation_guard: 0.
 - handle_deallocations: 1.


Internal statistics:

num_allocs_failed_limit: 9.
num_arena_births: 1132.
num_arena_deaths: 288.
num_vsnodes_births: 2.
num_vsnodes_deaths: 0.
num_space_committed: 1089.
num_space_uncommitted: 0.
num_chunks_returned_to_freelist: 331.
num_chunks_taken_from_freelist: 3756.
num_chunk_merges: 120.
num_chunk_splits: 2510.
num_chunks_enlarged: 1826.
num_inconsistent_stats: 0.

CodeCache: size=49152Kb used=12359Kb max_used=12663Kb free=36792Kb
 bounds [0x000002e20d3d0000, 0x000002e20e070000, 0x000002e2103d0000]
 total_blobs=7570 nmethods=6924 adapters=572
 compilation: enabled
              stopped_count=0, restarted_count=0
 full_count=0

Compilation events (20 events):
Event: 921.876 Thread 0x000002e217d8b020 nmethod 6918 0x000002e20e064110 code [0x000002e20e064300, 0x000002e20e064728]
Event: 921.876 Thread 0x000002e217d8b020 6919       1       java.io.ByteArrayInputStream::close (1 bytes)
Event: 921.877 Thread 0x000002e217d8b020 nmethod 6919 0x000002e20e063e10 code [0x000002e20e063fa0, 0x000002e20e064058]
Event: 921.883 Thread 0x000002e217d8b020 6920       1       jdk.internal.net.http.common.MinimalFuture::<init> (20 bytes)
Event: 921.883 Thread 0x000002e217d8b020 nmethod 6920 0x000002e20e063a90 code [0x000002e20e063c20, 0x000002e20e063d58]
Event: 924.355 Thread 0x000002e217d8b020 6921       1       sun.security.util.ArrayUtil::nullAndBoundsCheck (12 bytes)
Event: 924.356 Thread 0x000002e217d8b020 nmethod 6921 0x000002e20e063710 code [0x000002e20e0638a0, 0x000002e20e0639a8]
Event: 929.157 Thread 0x000002e217d8b020 6922       1       java.util.concurrent.ConcurrentLinkedDeque::first (65 bytes)
Event: 929.158 Thread 0x000002e217d8b020 nmethod 6922 0x000002e20e062d10 code [0x000002e20e062f00, 0x000002e20e063438]
Event: 929.202 Thread 0x000002e217d8b020 6927       1       org.openqa.selenium.json.NumberCoercer::test (21 bytes)
Event: 929.202 Thread 0x000002e217d8b020 nmethod 6927 0x000002e20e061990 code [0x000002e20e061b40, 0x000002e20e061cb8]
Event: 929.208 Thread 0x000002e217d8b020 6928       1       org.openqa.selenium.json.JsonInput::readString (106 bytes)
Event: 929.209 Thread 0x000002e217d8b020 nmethod 6928 0x000002e20e060d90 code [0x000002e20e060fc0, 0x000002e20e0615a8]
Event: 929.402 Thread 0x000002e217d8b020 6929       1       sun.security.ssl.SSLSocketImpl::isClosed (5 bytes)
Event: 929.402 Thread 0x000002e217d8b020 nmethod 6929 0x000002e20e060a90 code [0x000002e20e060c20, 0x000002e20e060cf8]
Event: 929.418 Thread 0x000002e217d8b020 6930       1       java.util.regex.Matcher::start (65 bytes)
Event: 929.419 Thread 0x000002e217d8b020 nmethod 6930 0x000002e20e060190 code [0x000002e20e0603a0, 0x000002e20e060848]
Event: 929.419 Thread 0x000002e217d8b020 6935       1       java.nio.HeapByteBuffer::getInt (29 bytes)
Event: 929.419 Thread 0x000002e217d8b020 nmethod 6935 0x000002e20e05f990 code [0x000002e20e05fb80, 0x000002e20e05ff08]
Event: 929.419 Thread 0x000002e217d8b020 6934       1       com.sun.crypto.provider.GHASH::ghashRangeCheck (215 bytes)

GC Heap History (20 events):
Event: 22.778 GC heap before
{Heap before GC invocations=14 (full 0):
 garbage-first heap   total 65536K, used 51605K [0x0000000084800000, 0x0000000100000000)
  region size 1024K, 25 young (25600K), 4 survivors (4096K)
 Metaspace       used 55164K, committed 55744K, reserved 1114112K
  class space    used 7869K, committed 8128K, reserved 1048576K
}
Event: 22.784 GC heap after
{Heap after GC invocations=15 (full 0):
 garbage-first heap   total 65536K, used 31815K [0x0000000084800000, 0x0000000100000000)
  region size 1024K, 2 young (2048K), 2 survivors (2048K)
 Metaspace       used 55164K, committed 55744K, reserved 1114112K
  class space    used 7869K, committed 8128K, reserved 1048576K
}
Event: 23.939 GC heap before
{Heap before GC invocations=15 (full 0):
 garbage-first heap   total 65536K, used 38983K [0x0000000084800000, 0x0000000100000000)
  region size 1024K, 11 young (11264K), 2 survivors (2048K)
 Metaspace       used 59943K, committed 60480K, reserved 1114112K
  class space    used 8438K, committed 8704K, reserved 1048576K
}
Event: 23.944 GC heap after
{Heap after GC invocations=16 (full 0):
 garbage-first heap   total 65536K, used 33369K [0x0000000084800000, 0x0000000100000000)
  region size 1024K, 2 young (2048K), 2 survivors (2048K)
 Metaspace       used 59943K, committed 60480K, reserved 1114112K
  class space    used 8438K, committed 8704K, reserved 1048576K
}
Event: 60.403 GC heap before
{Heap before GC invocations=17 (full 0):
 garbage-first heap   total 65536K, used 50777K [0x0000000084800000, 0x0000000100000000)
  region size 1024K, 20 young (20480K), 2 survivors (2048K)
 Metaspace       used 64104K, committed 64576K, reserved 1114112K
  class space    used 8938K, committed 9152K, reserved 1048576K
}
Event: 60.411 GC heap after
{Heap after GC invocations=18 (full 0):
 garbage-first heap   total 65536K, used 34460K [0x0000000084800000, 0x0000000100000000)
  region size 1024K, 2 young (2048K), 2 survivors (2048K)
 Metaspace       used 64104K, committed 64576K, reserved 1114112K
  class space    used 8938K, committed 9152K, reserved 1048576K
}
Event: 311.801 GC heap before
{Heap before GC invocations=18 (full 0):
 garbage-first heap   total 65536K, used 51868K [0x0000000084800000, 0x0000000100000000)
  region size 1024K, 19 young (19456K), 2 survivors (2048K)
 Metaspace       used 64120K, committed 64704K, reserved 1114112K
  class space    used 8941K, committed 9216K, reserved 1048576K
}
Event: 311.966 GC heap after
{Heap after GC invocations=19 (full 0):
 garbage-first heap   total 65536K, used 34398K [0x0000000084800000, 0x0000000100000000)
  region size 1024K, 2 young (2048K), 2 survivors (2048K)
 Metaspace       used 64120K, committed 64704K, reserved 1114112K
  class space    used 8941K, committed 9216K, reserved 1048576K
}
Event: 571.249 GC heap before
{Heap before GC invocations=20 (full 0):
 garbage-first heap   total 65536K, used 52830K [0x0000000084800000, 0x0000000100000000)
  region size 1024K, 20 young (20480K), 2 survivors (2048K)
 Metaspace       used 63867K, committed 64704K, reserved 1114112K
  class space    used 8881K, committed 9216K, reserved 1048576K
}
Event: 571.286 GC heap after
{Heap after GC invocations=21 (full 0):
 garbage-first heap   total 65536K, used 34603K [0x0000000084800000, 0x0000000100000000)
  region size 1024K, 2 young (2048K), 2 survivors (2048K)
 Metaspace       used 63867K, committed 64704K, reserved 1114112K
  class space    used 8881K, committed 9216K, reserved 1048576K
}
Event: 586.000 GC heap before
{Heap before GC invocations=21 (full 0):
 garbage-first heap   total 65536K, used 35627K [0x0000000084800000, 0x0000000100000000)
  region size 1024K, 3 young (3072K), 2 survivors (2048K)
 Metaspace       used 63867K, committed 64704K, reserved 1114112K
  class space    used 8881K, committed 9216K, reserved 1048576K
}
Event: 586.063 GC heap after
{Heap after GC invocations=22 (full 0):
 garbage-first heap   total 65536K, used 31204K [0x0000000084800000, 0x0000000100000000)
  region size 1024K, 1 young (1024K), 1 survivors (1024K)
 Metaspace       used 63867K, committed 64704K, reserved 1114112K
  class space    used 8881K, committed 9216K, reserved 1048576K
}
Event: 614.715 GC heap before
{Heap before GC invocations=22 (full 0):
 garbage-first heap   total 65536K, used 33252K [0x0000000084800000, 0x0000000100000000)
  region size 1024K, 3 young (3072K), 1 survivors (1024K)
 Metaspace       used 63867K, committed 64704K, reserved 1114112K
  class space    used 8881K, committed 9216K, reserved 1048576K
}
Event: 614.731 GC heap after
{Heap after GC invocations=23 (full 0):
 garbage-first heap   total 65536K, used 30801K [0x0000000084800000, 0x0000000100000000)
  region size 1024K, 1 young (1024K), 1 survivors (1024K)
 Metaspace       used 63867K, committed 64704K, reserved 1114112K
  class space    used 8881K, committed 9216K, reserved 1048576K
}
Event: 918.400 GC heap before
{Heap before GC invocations=23 (full 0):
 garbage-first heap   total 65536K, used 53329K [0x0000000084800000, 0x0000000100000000)
  region size 1024K, 23 young (23552K), 1 survivors (1024K)
 Metaspace       used 63945K, committed 64704K, reserved 1114112K
  class space    used 8901K, committed 9216K, reserved 1048576K
}
Event: 918.467 GC heap after
{Heap after GC invocations=24 (full 0):
 garbage-first heap   total 65536K, used 31058K [0x0000000084800000, 0x0000000100000000)
  region size 1024K, 1 young (1024K), 1 survivors (1024K)
 Metaspace       used 63945K, committed 64704K, reserved 1114112K
  class space    used 8901K, committed 9216K, reserved 1048576K
}
Event: 921.559 GC heap before
{Heap before GC invocations=25 (full 0):
 garbage-first heap   total 65536K, used 52562K [0x0000000084800000, 0x0000000100000000)
  region size 1024K, 23 young (23552K), 1 survivors (1024K)
 Metaspace       used 66729K, committed 67328K, reserved 1114112K
  class space    used 9451K, committed 9728K, reserved 1048576K
}
Event: 921.578 GC heap after
{Heap after GC invocations=26 (full 0):
 garbage-first heap   total 65536K, used 33439K [0x0000000084800000, 0x0000000100000000)
  region size 1024K, 3 young (3072K), 3 survivors (3072K)
 Metaspace       used 66729K, committed 67328K, reserved 1114112K
  class space    used 9451K, committed 9728K, reserved 1048576K
}
Event: 921.588 GC heap before
{Heap before GC invocations=26 (full 0):
 garbage-first heap   total 65536K, used 33439K [0x0000000084800000, 0x0000000100000000)
  region size 1024K, 4 young (4096K), 3 survivors (3072K)
 Metaspace       used 66758K, committed 67328K, reserved 1114112K
  class space    used 9459K, committed 9728K, reserved 1048576K
}
Event: 921.611 GC heap after
{Heap after GC invocations=27 (full 0):
 garbage-first heap   total 65536K, used 33353K [0x0000000084800000, 0x0000000100000000)
  region size 1024K, 1 young (1024K), 1 survivors (1024K)
 Metaspace       used 66758K, committed 67328K, reserved 1114112K
  class space    used 9459K, committed 9728K, reserved 1048576K
}

Deoptimization events (4 events):
Event: 5.455 Thread 0x000002e218c248e0 DEOPT PACKING pc=0x000002e20d980481 sp=0x000000f4443fe2b0
Event: 5.455 Thread 0x000002e218c248e0 DEOPT UNPACKING pc=0x000002e20d4266e3 sp=0x000000f4443fd740 mode 3
Event: 5.455 Thread 0x000002e25ee18930 DEOPT PACKING pc=0x000002e20d971517 sp=0x000000f444aff190
Event: 5.455 Thread 0x000002e25ee18930 DEOPT UNPACKING pc=0x000002e20d4266e3 sp=0x000000f444afe5e8 mode 3

Classes unloaded (20 events):
Event: 312.286 Thread 0x000002e217d6b6a0 Unloading class 0x000002e21a017c00 'java/lang/invoke/LambdaForm$MH+0x000002e21a017c00'
Event: 312.286 Thread 0x000002e217d6b6a0 Unloading class 0x000002e21a016c00 'java/lang/invoke/LambdaForm$MH+0x000002e21a016c00'
Event: 312.286 Thread 0x000002e217d6b6a0 Unloading class 0x000002e21a016400 'java/lang/invoke/LambdaForm$MH+0x000002e21a016400'
Event: 312.286 Thread 0x000002e217d6b6a0 Unloading class 0x000002e21a016000 'java/lang/invoke/LambdaForm$MH+0x000002e21a016000'
Event: 312.286 Thread 0x000002e217d6b6a0 Unloading class 0x000002e21a015c00 'java/lang/invoke/LambdaForm$MH+0x000002e21a015c00'
Event: 312.286 Thread 0x000002e217d6b6a0 Unloading class 0x000002e21a015800 'java/lang/invoke/LambdaForm$MH+0x000002e21a015800'
Event: 312.286 Thread 0x000002e217d6b6a0 Unloading class 0x000002e21a015400 'java/lang/invoke/LambdaForm$MH+0x000002e21a015400'
Event: 312.286 Thread 0x000002e217d6b6a0 Unloading class 0x000002e21a014c00 'java/lang/invoke/LambdaForm$MH+0x000002e21a014c00'
Event: 312.286 Thread 0x000002e217d6b6a0 Unloading class 0x000002e21a014400 'java/lang/invoke/LambdaForm$MH+0x000002e21a014400'
Event: 918.762 Thread 0x000002e217d6b6a0 Unloading class 0x000002e21a8d2400 'java/lang/invoke/LambdaForm$MH+0x000002e21a8d2400'
Event: 918.762 Thread 0x000002e217d6b6a0 Unloading class 0x000002e21a8d2000 'java/lang/invoke/LambdaForm$MH+0x000002e21a8d2000'
Event: 918.762 Thread 0x000002e217d6b6a0 Unloading class 0x000002e21a8d1c00 'java/lang/invoke/LambdaForm$MH+0x000002e21a8d1c00'
Event: 918.762 Thread 0x000002e217d6b6a0 Unloading class 0x000002e21a8d1800 'java/lang/invoke/LambdaForm$MH+0x000002e21a8d1800'
Event: 918.762 Thread 0x000002e217d6b6a0 Unloading class 0x000002e21a8d1400 'java/lang/invoke/LambdaForm$MH+0x000002e21a8d1400'
Event: 918.763 Thread 0x000002e217d6b6a0 Unloading class 0x000002e21a8d1000 'java/lang/invoke/LambdaForm$MH+0x000002e21a8d1000'
Event: 918.763 Thread 0x000002e217d6b6a0 Unloading class 0x000002e21a8d0c00 'java/lang/invoke/LambdaForm$MH+0x000002e21a8d0c00'
Event: 918.763 Thread 0x000002e217d6b6a0 Unloading class 0x000002e21a8d0800 'java/lang/invoke/LambdaForm$MH+0x000002e21a8d0800'
Event: 918.763 Thread 0x000002e217d6b6a0 Unloading class 0x000002e21a8d0400 'java/lang/invoke/LambdaForm$MH+0x000002e21a8d0400'
Event: 918.763 Thread 0x000002e217d6b6a0 Unloading class 0x000002e21a8d0000 'java/lang/invoke/LambdaForm$MH+0x000002e21a8d0000'
Event: 918.763 Thread 0x000002e217d6b6a0 Unloading class 0x000002e21a8c0800 'java/lang/invoke/LambdaForm$DMH+0x000002e21a8c0800'

Classes redefined (0 events):
No events

Internal exceptions (20 events):
Event: 921.477 Thread 0x000002e260266b20 Exception <a 'java/net/SocketException'{0x000000008753a3e0}: Socket is not connected: shutdown> (0x000000008753a3e0) 
thrown [s\open\src\hotspot\share\prims\jni.cpp, line 535]
Event: 921.479 Thread 0x000002e260263880 Exception <a 'java/net/ConnectException'{0x0000000087562a90}: Connection refused: no further information> (0x0000000087562a90) 
thrown [s\open\src\hotspot\share\prims\jni.cpp, line 535]
Event: 921.479 Thread 0x000002e260263880 Exception <a 'java/net/SocketException'{0x0000000087562dc8}: Socket is not connected: shutdown> (0x0000000087562dc8) 
thrown [s\open\src\hotspot\share\prims\jni.cpp, line 535]
Event: 921.495 Thread 0x000002e2181ade10 Exception <a 'java/lang/NoSuchMethodError'{0x00000000875f93d0}: 'double java.lang.invoke.DirectMethodHandle$Holder.invokeVirtual(java.lang.Object, java.lang.Object)'> (0x00000000875f93d0) 
thrown [s\open\src\hotspot\share\interpreter\linkResolver.cpp, line 759]
Event: 921.496 Thread 0x000002e2181ade10 Exception <a 'java/lang/NoSuchMethodError'{0x00000000874003b0}: 'float java.lang.invoke.DirectMethodHandle$Holder.invokeVirtual(java.lang.Object, java.lang.Object)'> (0x00000000874003b0) 
thrown [s\open\src\hotspot\share\interpreter\linkResolver.cpp, line 759]
Event: 921.527 Thread 0x000002e260263880 Exception <a 'java/net/ConnectException'{0x0000000087563dd0}: Connection refused: no further information> (0x0000000087563dd0) 
thrown [s\open\src\hotspot\share\prims\jni.cpp, line 535]
Event: 921.527 Thread 0x000002e260263880 Exception <a 'java/net/SocketException'{0x0000000087564108}: Socket is not connected: shutdown> (0x0000000087564108) 
thrown [s\open\src\hotspot\share\prims\jni.cpp, line 535]
Event: 921.545 Thread 0x000002e2181aed40 Exception <a 'java/lang/NoSuchMethodError'{0x0000000087271780}: 'java.lang.Object java.lang.invoke.DirectMethodHandle$Holder.newInvokeSpecial(java.lang.Object, java.lang.Object, int, int)'> (0x0000000087271780) 
thrown [s\open\src\hotspot\share\interpreter\linkResolver.cpp, line 759]
Event: 921.545 Thread 0x000002e2181ade10 Exception <a 'java/lang/NoSuchMethodError'{0x000000008726ec28}: 'java.lang.Object java.lang.invoke.DirectMethodHandle$Holder.newInvokeSpecial(java.lang.Object, java.lang.Object, int, int)'> (0x000000008726ec28) 
thrown [s\open\src\hotspot\share\interpreter\linkResolver.cpp, line 759]
Event: 921.545 Thread 0x000002e2181ae830 Exception <a 'java/lang/NoSuchMethodError'{0x0000000087264230}: 'java.lang.Object java.lang.invoke.DirectMethodHandle$Holder.newInvokeSpecial(java.lang.Object, java.lang.Object, int, int)'> (0x0000000087264230) 
thrown [s\open\src\hotspot\share\interpreter\linkResolver.cpp, line 759]
Event: 921.545 Thread 0x000002e25fc6ee50 Exception <a 'java/lang/NoSuchMethodError'{0x0000000087276a28}: 'java.lang.Object java.lang.invoke.DirectMethodHandle$Holder.newInvokeSpecial(java.lang.Object, java.lang.Object, int, int)'> (0x0000000087276a28) 
thrown [s\open\src\hotspot\share\interpreter\linkResolver.cpp, line 759]
Event: 921.546 Thread 0x000002e2181ade10 Exception <a 'java/lang/NoSuchMethodError'{0x000000008727ff38}: 'java.lang.Object java.lang.invoke.DirectMethodHandle$Holder.invokeSpecial(java.lang.Object, java.lang.Object, java.lang.Object, int, int)'> (0x000000008727ff38) 
thrown [s\open\src\hotspot\share\interpreter\linkResolver.cpp, line 759]
Event: 921.546 Thread 0x000002e2181aed40 Exception <a 'java/lang/NoSuchMethodError'{0x0000000087282f00}: 'java.lang.Object java.lang.invoke.DirectMethodHandle$Holder.invokeSpecial(java.lang.Object, java.lang.Object, java.lang.Object, int, int)'> (0x0000000087282f00) 
thrown [s\open\src\hotspot\share\interpreter\linkResolver.cpp, line 759]
Event: 921.546 Thread 0x000002e2181ae830 Exception <a 'java/lang/NoSuchMethodError'{0x0000000087268540}: 'java.lang.Object java.lang.invoke.DirectMethodHandle$Holder.invokeSpecial(java.lang.Object, java.lang.Object, java.lang.Object, int, int)'> (0x0000000087268540) 
thrown [s\open\src\hotspot\share\interpreter\linkResolver.cpp, line 759]
Event: 921.546 Thread 0x000002e25fc6ee50 Exception <a 'java/lang/NoSuchMethodError'{0x000000008727ad38}: 'java.lang.Object java.lang.invoke.DirectMethodHandle$Holder.invokeSpecial(java.lang.Object, java.lang.Object, java.lang.Object, int, int)'> (0x000000008727ad38) 
thrown [s\open\src\hotspot\share\interpreter\linkResolver.cpp, line 759]
Event: 921.686 Thread 0x000002e2181ae830 Exception <a 'java/lang/NoSuchMethodError'{0x00000000884fe5b0}: 'void java.lang.invoke.DirectMethodHandle$Holder.invokeStatic(java.lang.Object, java.lang.Object, java.lang.Object, java.lang.Object, java.lang.Object, java.lang.Object, java.lang.Object)'> (0x00000000884fe5b0) 
thrown [s\open\src\hotspot\share\interpreter\linkResolver.cpp, line 759]
Event: 921.686 Thread 0x000002e25fc6d500 Exception <a 'java/lang/NoSuchMethodError'{0x00000000883218b8}: 'void java.lang.invoke.DirectMethodHandle$Holder.invokeStatic(java.lang.Object, java.lang.Object, java.lang.Object, java.lang.Object, java.lang.Object, java.lang.Object, java.lang.Object)'> (0x00000000883218b8) 
thrown [s\open\src\hotspot\share\interpreter\linkResolver.cpp, line 759]
Event: 921.686 Thread 0x000002e2181ad900 Exception <a 'java/lang/NoSuchMethodError'{0x0000000088311168}: 'void java.lang.invoke.DirectMethodHandle$Holder.invokeStatic(java.lang.Object, java.lang.Object, java.lang.Object, java.lang.Object, java.lang.Object, java.lang.Object, java.lang.Object)'> (0x0000000088311168) 
thrown [s\open\src\hotspot\share\interpreter\linkResolver.cpp, line 759]
Event: 921.686 Thread 0x000002e2181ade10 Exception <a 'java/lang/NoSuchMethodError'{0x0000000088306558}: 'void java.lang.invoke.DirectMethodHandle$Holder.invokeStatic(java.lang.Object, java.lang.Object, java.lang.Object, java.lang.Object, java.lang.Object, java.lang.Object, java.lang.Object)'> (0x0000000088306558) 
thrown [s\open\src\hotspot\share\interpreter\linkResolver.cpp, line 759]
Event: 921.686 Thread 0x000002e25fc6ee50 Exception <a 'java/lang/NoSuchMethodError'{0x00000000884f3f80}: 'void java.lang.invoke.DirectMethodHandle$Holder.invokeStatic(java.lang.Object, java.lang.Object, java.lang.Object, java.lang.Object, java.lang.Object, java.lang.Object, java.lang.Object)'> (0x00000000884f3f80) 
thrown [s\open\src\hotspot\share\interpreter\linkResolver.cpp, line 759]

VM Operations (20 events):
Event: 919.025 Executing VM operation: G1Concurrent
Event: 919.094 Executing VM operation: G1Concurrent done
Event: 920.096 Executing VM operation: Cleanup
Event: 920.096 Executing VM operation: Cleanup done
Event: 921.048 Executing VM operation: HandshakeAllThreads
Event: 921.049 Executing VM operation: HandshakeAllThreads done
Event: 921.203 Executing VM operation: HandshakeAllThreads
Event: 921.203 Executing VM operation: HandshakeAllThreads done
Event: 921.203 Executing VM operation: Cleanup
Event: 921.203 Executing VM operation: Cleanup done
Event: 921.558 Executing VM operation: G1CollectForAllocation
Event: 921.578 Executing VM operation: G1CollectForAllocation done
Event: 921.588 Executing VM operation: G1CollectForAllocation
Event: 921.611 Executing VM operation: G1CollectForAllocation done
Event: 923.620 Executing VM operation: Cleanup
Event: 923.621 Executing VM operation: Cleanup done
Event: 929.156 Executing VM operation: HandshakeAllThreads
Event: 929.156 Executing VM operation: HandshakeAllThreads done
Event: 930.161 Executing VM operation: Cleanup
Event: 931.251 Executing VM operation: Cleanup done

Events (20 events):
Event: 921.866 loading class sun/nio/ch/AllocatedNativeObject done
Event: 921.866 loading class sun/nio/ch/IOVecWrapper$Deallocator
Event: 921.866 loading class sun/nio/ch/IOVecWrapper$Deallocator done
Event: 921.879 loading class java/util/concurrent/CompletableFuture$UniApply
Event: 921.880 loading class java/util/concurrent/CompletableFuture$UniApply done
Event: 929.153 loading class java/nio/HeapByteBufferR
Event: 929.154 loading class java/nio/HeapByteBufferR done
Event: 929.169 loading class java/util/stream/ReferencePipeline$5
Event: 929.169 loading class java/util/stream/LongPipeline$StatelessOp
Event: 929.170 loading class java/util/stream/LongPipeline
Event: 929.173 loading class java/util/stream/LongPipeline done
Event: 929.174 loading class java/util/stream/LongPipeline$StatelessOp done
Event: 929.174 loading class java/util/stream/ReferencePipeline$5 done
Event: 929.174 loading class java/util/stream/FindOps$FindSink$OfLong
Event: 929.175 loading class java/util/stream/Sink$OfLong
Event: 929.176 loading class java/util/stream/Sink$OfLong done
Event: 929.176 loading class java/util/stream/FindOps$FindSink$OfLong done
Event: 929.178 loading class java/util/stream/ReferencePipeline$5$1
Event: 929.178 loading class java/util/stream/ReferencePipeline$5$1 done
Event: 931.250 Thread 0x000002e25fc6e430 Thread exited: 0x000002e25fc6e430


Dynamic libraries:
0x00007ff62ad40000 - 0x00007ff62ad50000 	C:\Program Files\Java\jdk-17\bin\java.exe
0x00007ff8bca20000 - 0x00007ff8bcc80000 	C:\WINDOWS\SYSTEM32\ntdll.dll
0x00007ff8bb750000 - 0x00007ff8bb817000 	C:\WINDOWS\System32\KERNEL32.DLL
0x00007ff8ba160000 - 0x00007ff8ba52a000 	C:\WINDOWS\System32\KERNELBASE.dll
0x00007ff8b9c30000 - 0x00007ff8b9d7b000 	C:\WINDOWS\System32\ucrtbase.dll
0x00007ff8b3120000 - 0x00007ff8b3139000 	C:\Program Files\Java\jdk-17\bin\jli.dll
0x00007ff8b3080000 - 0x00007ff8b309b000 	C:\Program Files\Java\jdk-17\bin\VCRUNTIME140.dll
0x00007ff8bb1a0000 - 0x00007ff8bb252000 	C:\WINDOWS\System32\ADVAPI32.dll
0x00007ff8bbda0000 - 0x00007ff8bbe49000 	C:\WINDOWS\System32\msvcrt.dll
0x00007ff8bc020000 - 0x00007ff8bc0c6000 	C:\WINDOWS\System32\sechost.dll
0x00007ff8bbc00000 - 0x00007ff8bbd16000 	C:\WINDOWS\System32\RPCRT4.dll
0x00007ff8bbe50000 - 0x00007ff8bc01c000 	C:\WINDOWS\System32\USER32.dll
0x00007ff8b9c00000 - 0x00007ff8b9c27000 	C:\WINDOWS\System32\win32u.dll
0x00007ff8bb720000 - 0x00007ff8bb74a000 	C:\WINDOWS\System32\GDI32.dll
0x00007ff8b9f60000 - 0x00007ff8ba091000 	C:\WINDOWS\System32\gdi32full.dll
0x00007ff8b8dd0000 - 0x00007ff8b9067000 	C:\WINDOWS\WinSxS\amd64_microsoft.windows.common-controls_6595b64144ccf1df_6.0.26100.3624_none_3e086962e3345f24\COMCTL32.dll
0x00007ff8b9e20000 - 0x00007ff8b9ec3000 	C:\WINDOWS\System32\msvcp_win.dll
0x00007ff8b6770000 - 0x00007ff8b677b000 	C:\WINDOWS\SYSTEM32\VERSION.dll
0x00007ff8bacd0000 - 0x00007ff8bacff000 	C:\WINDOWS\System32\IMM32.DLL
0x00007ff8b3160000 - 0x00007ff8b316c000 	C:\Program Files\Java\jdk-17\bin\vcruntime140_1.dll
0x00007ff8a25e0000 - 0x00007ff8a266e000 	C:\Program Files\Java\jdk-17\bin\msvcp140.dll
0x00007ff83fb50000 - 0x00007ff840731000 	C:\Program Files\Java\jdk-17\bin\server\jvm.dll
0x00007ff8bc0d0000 - 0x00007ff8bc0d8000 	C:\WINDOWS\System32\PSAPI.DLL
0x00007ff89c190000 - 0x00007ff89c19a000 	C:\WINDOWS\SYSTEM32\WSOCK32.dll
0x00007ff8bc0f0000 - 0x00007ff8bc164000 	C:\WINDOWS\System32\WS2_32.dll
0x00007ff8a4430000 - 0x00007ff8a4466000 	C:\WINDOWS\SYSTEM32\WINMM.dll
0x00007ff8b8030000 - 0x00007ff8b804a000 	C:\WINDOWS\SYSTEM32\kernel.appcore.dll
0x00007ff8b30c0000 - 0x00007ff8b30ca000 	C:\Program Files\Java\jdk-17\bin\jimage.dll
0x00007ff8b9380000 - 0x00007ff8b95c1000 	C:\WINDOWS\SYSTEM32\DBGHELP.DLL
0x00007ff8bb290000 - 0x00007ff8bb612000 	C:\WINDOWS\System32\combase.dll
0x00007ff8ba820000 - 0x00007ff8ba8f6000 	C:\WINDOWS\System32\OLEAUT32.dll
0x00007ff8b9270000 - 0x00007ff8b92a9000 	C:\WINDOWS\SYSTEM32\dbgcore.DLL
0x00007ff8b9d80000 - 0x00007ff8b9e19000 	C:\WINDOWS\System32\bcryptPrimitives.dll
0x00007ff8a9550000 - 0x00007ff8a9575000 	C:\Program Files\Java\jdk-17\bin\java.dll
0x00007ff887550000 - 0x00007ff887627000 	C:\Program Files\Java\jdk-17\bin\jsvml.dll
0x00007ff8bc170000 - 0x00007ff8bc899000 	C:\WINDOWS\System32\SHELL32.dll
0x00007ff8ba530000 - 0x00007ff8ba698000 	C:\WINDOWS\System32\wintypes.dll
0x00007ff8b6920000 - 0x00007ff8b7172000 	C:\WINDOWS\SYSTEM32\windows.storage.dll
0x00007ff8bbb10000 - 0x00007ff8bbbfd000 	C:\WINDOWS\System32\SHCORE.dll
0x00007ff8bac40000 - 0x00007ff8baca4000 	C:\WINDOWS\System32\shlwapi.dll
0x00007ff8b9b10000 - 0x00007ff8b9b3f000 	C:\WINDOWS\SYSTEM32\profapi.dll
0x00007ff8aac30000 - 0x00007ff8aac49000 	C:\Program Files\Java\jdk-17\bin\net.dll
0x00007ff8b52f0000 - 0x00007ff8b540d000 	C:\WINDOWS\SYSTEM32\WINHTTP.dll
0x00007ff8b7f20000 - 0x00007ff8b7f8a000 	C:\WINDOWS\system32\mswsock.dll
0x00007ff8a3e40000 - 0x00007ff8a3e56000 	C:\Program Files\Java\jdk-17\bin\nio.dll
0x00007ff8a3cd0000 - 0x00007ff8a3ce8000 	C:\Program Files\Java\jdk-17\bin\zip.dll
0x00007ff8a4490000 - 0x00007ff8a449a000 	C:\Program Files\Java\jdk-17\bin\management.dll
0x00007ff8a4200000 - 0x00007ff8a420b000 	C:\Program Files\Java\jdk-17\bin\management_ext.dll
0x00007ff8b3100000 - 0x00007ff8b310e000 	C:\Program Files\Java\jdk-17\bin\sunmscapi.dll
0x00007ff8ba6a0000 - 0x00007ff8ba817000 	C:\WINDOWS\System32\CRYPT32.dll
0x00007ff8b8c90000 - 0x00007ff8b8cc0000 	C:\WINDOWS\SYSTEM32\ncrypt.dll
0x00007ff8b8c40000 - 0x00007ff8b8c7f000 	C:\WINDOWS\SYSTEM32\NTASN1.dll
0x00007ff8a93a0000 - 0x00007ff8a93b0000 	C:\Program Files\Java\jdk-17\bin\verify.dll
0x00007ff8b9760000 - 0x00007ff8b977c000 	C:\WINDOWS\SYSTEM32\CRYPTSP.dll
0x00007ff8b79d0000 - 0x00007ff8b7a0a000 	C:\WINDOWS\system32\rsaenh.dll
0x00007ff8b7fc0000 - 0x00007ff8b7feb000 	C:\WINDOWS\SYSTEM32\USERENV.dll
0x00007ff8b9ae0000 - 0x00007ff8b9b06000 	C:\WINDOWS\SYSTEM32\bcrypt.dll
0x00007ff8b8aa0000 - 0x00007ff8b8aac000 	C:\WINDOWS\SYSTEM32\CRYPTBASE.dll
0x00007ff8b74f0000 - 0x00007ff8b7523000 	C:\WINDOWS\SYSTEM32\IPHLPAPI.DLL
0x00007ff8bacc0000 - 0x00007ff8bacca000 	C:\WINDOWS\System32\NSI.dll
0x00007ff8acbf0000 - 0x00007ff8acc0f000 	C:\WINDOWS\SYSTEM32\dhcpcsvc6.DLL
0x00007ff8ac940000 - 0x00007ff8ac965000 	C:\WINDOWS\SYSTEM32\dhcpcsvc.DLL
0x00007ff8b7590000 - 0x00007ff8b76b5000 	C:\WINDOWS\SYSTEM32\DNSAPI.dll
0x00007ff8ac450000 - 0x00007ff8ac45b000 	C:\Windows\System32\rasadhlp.dll
0x00007ff8b0220000 - 0x00007ff8b02a5000 	C:\WINDOWS\System32\fwpuclnt.dll
0x00007ff8347d0000 - 0x00007ff8347d8000 	C:\WINDOWS\system32\wshunix.dll

dbghelp: loaded successfully - version: 4.0.5 - missing functions: none
symbol engine: initialized successfully - sym options: 0x614 - pdb path: .;C:\Program Files\Java\jdk-17\bin;C:\WINDOWS\SYSTEM32;C:\WINDOWS\WinSxS\amd64_microsoft.windows.common-controls_6595b64144ccf1df_6.0.26100.3624_none_3e086962e3345f24;C:\Program Files\Java\jdk-17\bin\server

VM Arguments:
jvm_args: -XX:TieredStopAtLevel=1 -Dfile.encoding=x-windows-949 -Duser.country=KR -Duser.language=ko -Duser.variant 
java_command: com.creepy.bit.BitApplication
java_class_path (initial): C:\Bit\WeatherWeb\backend\build\classes\java\main;C:\Bit\WeatherWeb\backend\build\resources\main;C:\Users\LG\.gradle\caches\modules-2\files-2.1\org.springframework.boot\spring-boot-devtools\3.4.5\e550ba7011bb36dde3cafb1d1d88b655657bf2e2\spring-boot-devtools-3.4.5.jar;C:\Users\LG\.gradle\caches\modules-2\files-2.1\org.seleniumhq.selenium\selenium-java\4.15.0\18cef0adbc08d152da07b234a04f6e8240ce215f\selenium-java-4.15.0.jar;C:\Users\LG\.gradle\caches\modules-2\files-2.1\org.mybatis.spring.boot\mybatis-spring-boot-starter\3.0.4\2a56c4aa1f81aaef9abb0105f72702a737517d9a\mybatis-spring-boot-starter-3.0.4.jar;C:\Users\LG\.gradle\caches\modules-2\files-2.1\com.sun.mail\jakarta.mail\2.0.1\96d3645f02a92bcc5e7ae1ff037151e44179f230\jakarta.mail-2.0.1.jar;C:\Users\LG\.gradle\caches\modules-2\files-2.1\io.jsonwebtoken\jjwt-impl\0.11.5\40a599f0e8a8e4e0701596fbb15e67bfda64fdf0\jjwt-impl-0.11.5.jar;C:\Users\LG\.gradle\caches\modules-2\files-2.1\io.jsonwebtoken\jjwt-jackson\0.11.5\3b83a06809e98a69402d7333dcf67df6f6ea4579\jjwt-jackson-0.11.5.jar;C:\Users\LG\.gradle\caches\modules-2\files-2.1\io.jsonwebtoken\jjwt-api\0.11.5\f742940045619d06383e7df37b21ac422b476cf1\jjwt-api-0.11.5.jar;C:\Users\LG\.gradle\caches\modules-2\files-2.1\org.json\json\20230227\7a0d4aca76513d8ce81f9b044ce8126b84809ad8\json-20230227.jar;C:\Users\LG\.gradle\caches\modules-2\files-2.1\org.jsoup\jsoup\1.15.3\f6e1d8a8819f854b681c8eaa57fd59a42329e10c\jsoup-1.15.3.jar;C:\Users\LG\.gradle\caches\modules-2\files-2.1\com.mysql\mysql-connector-j\9.1.0\5fb1d513278e1a9767dfa80ea9d8d7ee909f1a\mysql-connector-j-9.1.0.jar;C:\Users\LG\.gradle\caches\modules-2\files-2.1\org.mybatis.spring.boot\mybatis-spring-boot-autoconfigure\3.0.4\27c887cbd92c780e7d8baaf30d9dc5b5d5f0c03\mybatis-spring-boot-autoconfigure-3.0.4.jar;C:\Users\LG\.gradle\caches\modules-2\files-2.1\org.springframework.boot\spring-boot-autoconfigure\3.4.5\c44ad60865ca1d0b88e576b0355e755ed28aec52\spring-boot-autoconfigure-3.4.5.jar;C:\User
Launcher Type: SUN_STANDARD

[Global flags]
     intx CICompilerCount                          = 4                                         {product} {ergonomic}
     uint ConcGCThreads                            = 2                                         {product} {ergonomic}
     uint G1ConcRefinementThreads                  = 8                                         {product} {ergonomic}
   size_t G1HeapRegionSize                         = 1048576                                   {product} {ergonomic}
    uintx GCDrainStackTargetSize                   = 64                                        {product} {ergonomic}
   size_t InitialHeapSize                          = 130023424                                 {product} {ergonomic}
   size_t MarkStackSize                            = 4194304                                   {product} {ergonomic}
   size_t MaxHeapSize                              = 2071986176                                {product} {ergonomic}
   size_t MaxNewSize                               = 1242562560                                {product} {ergonomic}
   size_t MinHeapDeltaBytes                        = 1048576                                   {product} {ergonomic}
   size_t MinHeapSize                              = 8388608                                   {product} {ergonomic}
    uintx NonProfiledCodeHeapSize                  = 0                                      {pd product} {ergonomic}
     bool ProfileInterpreter                       = false                                  {pd product} {command line}
    uintx ProfiledCodeHeapSize                     = 0                                      {pd product} {ergonomic}
   size_t SoftMaxHeapSize                          = 2071986176                             {manageable} {ergonomic}
     intx TieredStopAtLevel                        = 1                                         {product} {command line}
     bool UseCompressedClassPointers               = true                           {product lp64_product} {ergonomic}
     bool UseCompressedOops                        = true                           {product lp64_product} {ergonomic}
     bool UseG1GC                                  = true                                      {product} {ergonomic}
     bool UseLargePagesIndividualAllocation        = false                                  {pd product} {ergonomic}

Logging:
Log output configuration:
 #0: stdout all=warning uptime,level,tags
 #1: stderr all=off uptime,level,tags

Environment Variables:
JAVA_HOME=C:\Program Files\Java\jdk-17
CLASSPATH=C:\Bit\WeatherWeb\backend\\gradle\wrapper\gradle-wrapper.jar
PATH=C:\Program Files\MySQL\MySQL Server 8.0\bin\;C:\Program Files\nodejs\;C:\Program Files\Java\jdk-17\bin;C:\Program Files\PuTTY\;C:\Program Files\MySQL\MySQL Shell 8.0\bin\;C:\Program Files\MySQL\MySQL Shell 8.0\bin;C:\Users\LG\AppData\Local\Microsoft\WindowsApps;C:\Users\LG\AppData\Local\Programs\Microsoft VS Code\bin;C:\Users\LG\AppData\Roaming\npm;C:\Windows\System32;C:\Windows;
USERNAME=LG
OS=Windows_NT
PROCESSOR_IDENTIFIER=Intel64 Family 6 Model 126 Stepping 5, GenuineIntel



---------------  S Y S T E M  ---------------

OS:
 Windows 11 , 64 bit Build 26100 (10.0.26100.3775)
OS uptime: 6 days 0:20 hours

CPU: total 8 (initial active 8) (4 cores per cpu, 2 threads per core) family 6 model 126 stepping 5 microcode 0x96, cx8, cmov, fxsr, ht, mmx, 3dnowpref, sse, sse2, sse3, ssse3, sse4.1, sse4.2, popcnt, lzcnt, tsc, tscinvbit, avx, avx2, aes, erms, clmul, bmi1, bmi2, adx, avx512f, avx512dq, avx512cd, avx512bw, avx512vl, sha, fma, vzeroupper, avx512_vpopcntdq, avx512_vpclmulqdq, avx512_vaes, avx512_vnni, clflush, clflushopt, avx512_vbmi2, avx512_vbmi

Memory: 4k page, system-wide physical 7901M (625M free)
TotalPageFile size 32477M (AvailPageFile size 354M)
current process WorkingSet (physical memory assigned to process): 188M, peak: 210M
current process commit charge ("private bytes"): 265M, peak: 266M

vm_info: Java HotSpot(TM) 64-Bit Server VM (17.0.14+8-LTS-191) for windows-amd64 JRE (17.0.14+8-LTS-191), built on Dec  3 2024 11:07:59 by "mach5one" with MS VC++ 17.6 (VS2022)

END.
