#
# There is insufficient memory for the Java Runtime Environment to continue.
# Native memory allocation (malloc) failed to allocate 476816 bytes for Chunk::new
# Possible reasons:
#   The system is out of physical RAM or swap space
#   The process is running with CompressedOops enabled, and the Java Heap may be blocking the growth of the native heap
# Possible solutions:
#   Reduce memory load on the system
#   Increase physical memory or swap space
#   Check if swap backing store is full
#   Decrease Java heap size (-Xmx/-Xms)
#   Decrease number of Java threads
#   Decrease Java thread stack sizes (-Xss)
#   Set larger code cache with -XX:ReservedCodeCacheSize=
#   JVM is running with Unscaled Compressed Oops mode in which the Java heap is
#     placed in the first 4GB address space. The Java Heap base address is the
#     maximum limit for the native heap growth. Please use -XX:HeapBaseMinAddress
#     to set the Java Heap base and to place the Java Heap above 4GB virtual address.
# This output file may be truncated or incomplete.
#
#  Out of Memory Error (arena.cpp:189), pid=89332, tid=82488
#
# JRE version: Java(TM) SE Runtime Environment (17.0.12+8) (build 17.0.12+8-LTS-286)
# Java VM: Java HotSpot(TM) 64-Bit Server VM (17.0.12+8-LTS-286, mixed mode, sharing, tiered, compressed oops, compressed class ptrs, g1 gc, windows-amd64)
# No core dump will be written. Minidumps are not enabled by default on client versions of Windows
#

---------------  S U M M A R Y ------------

Command Line: -Xmx64m -Xms64m -Dorg.gradle.appname=gradlew org.gradle.wrapper.GradleWrapperMain bootRun

Host: 11th Gen Intel(R) Core(TM) i7-1165G7 @ 2.80GHz, 8 cores, 15G,  Windows 10 , 64 bit Build 19041 (10.0.19041.5794)
Time: Fri May 16 14:07:36 2025  Windows 10 , 64 bit Build 19041 (10.0.19041.5794) elapsed time: 32.760117 seconds (0d 0h 0m 32s)

---------------  T H R E A D  ---------------

Current thread (0x000001d443f145d0):  JavaThread "C2 CompilerThread0" daemon [_thread_in_native, id=82488, stack(0x0000002d64a00000,0x0000002d64b00000)]


Current CompileTask:
C2:  32760 1836       4       org.gradle.internal.logging.text.AbstractLineChoppingStyledTextOutput::doAppend (43 bytes)

Stack: [0x0000002d64a00000,0x0000002d64b00000]
Native frames: (J=compiled Java code, j=interpreted, Vv=VM code, C=native code)
V  [jvm.dll+0x67a04a]
V  [jvm.dll+0x7da4ed]
V  [jvm.dll+0x7dbe33]
V  [jvm.dll+0x7dc4a3]
V  [jvm.dll+0x24508f]
V  [jvm.dll+0xab773]
V  [jvm.dll+0xabd3c]
V  [jvm.dll+0x361b9f]
V  [jvm.dll+0x32c431]
V  [jvm.dll+0x32b8ca]
V  [jvm.dll+0x21683f]
V  [jvm.dll+0x215c6f]
V  [jvm.dll+0x1a2960]
V  [jvm.dll+0x22610b]
V  [jvm.dll+0x2242ab]
V  [jvm.dll+0x79075c]
V  [jvm.dll+0x78abea]
V  [jvm.dll+0x678f35]
C  [ucrtbase.dll+0x21bb2]
C  [KERNEL32.DLL+0x17374]
C  [ntdll.dll+0x4cc91]


---------------  P R O C E S S  ---------------

Threads class SMR info:
_java_thread_list=0x000001d489a5caf0, length=13, elements={
0x000001d42858e820, 0x000001d443eef110, 0x000001d443eefbe0, 0x000001d443f0bff0,
0x000001d443f0e9d0, 0x000001d443f112b0, 0x000001d443f11f90, 0x000001d443f145d0,
0x000001d443f14f90, 0x000001d443f158a0, 0x000001d489054790, 0x000001d4890596c0,
0x000001d489cc8610
}

Java Threads: ( => current thread )
  0x000001d42858e820 JavaThread "main" [_thread_in_native, id=64012, stack(0x0000002d63d00000,0x0000002d63e00000)]
  0x000001d443eef110 JavaThread "Reference Handler" daemon [_thread_blocked, id=74616, stack(0x0000002d64400000,0x0000002d64500000)]
  0x000001d443eefbe0 JavaThread "Finalizer" daemon [_thread_blocked, id=85920, stack(0x0000002d64500000,0x0000002d64600000)]
  0x000001d443f0bff0 JavaThread "Signal Dispatcher" daemon [_thread_blocked, id=68632, stack(0x0000002d64600000,0x0000002d64700000)]
  0x000001d443f0e9d0 JavaThread "Attach Listener" daemon [_thread_blocked, id=82064, stack(0x0000002d64700000,0x0000002d64800000)]
  0x000001d443f112b0 JavaThread "Service Thread" daemon [_thread_blocked, id=87440, stack(0x0000002d64800000,0x0000002d64900000)]
  0x000001d443f11f90 JavaThread "Monitor Deflation Thread" daemon [_thread_blocked, id=81448, stack(0x0000002d64900000,0x0000002d64a00000)]
=>0x000001d443f145d0 JavaThread "C2 CompilerThread0" daemon [_thread_in_native, id=82488, stack(0x0000002d64a00000,0x0000002d64b00000)]
  0x000001d443f14f90 JavaThread "C1 CompilerThread0" daemon [_thread_blocked, id=89700, stack(0x0000002d64b00000,0x0000002d64c00000)]
  0x000001d443f158a0 JavaThread "Sweeper thread" daemon [_thread_blocked, id=54536, stack(0x0000002d64c00000,0x0000002d64d00000)]
  0x000001d489054790 JavaThread "Notification Thread" daemon [_thread_blocked, id=84768, stack(0x0000002d64d00000,0x0000002d64e00000)]
  0x000001d4890596c0 JavaThread "Common-Cleaner" daemon [_thread_blocked, id=65040, stack(0x0000002d64f00000,0x0000002d65000000)]
  0x000001d489cc8610 JavaThread "pool-1-thread-1" [_thread_blocked, id=82112, stack(0x0000002d65500000,0x0000002d65600000)]

Other Threads:
  0x000001d443ee7e80 VMThread "VM Thread" [stack: 0x0000002d64300000,0x0000002d64400000] [id=83584]
  0x000001d42a7b0950 WatcherThread [stack: 0x0000002d64e00000,0x0000002d64f00000] [id=61988]
  0x000001d42a7a4270 GCTaskThread "GC Thread#0" [stack: 0x0000002d63e00000,0x0000002d63f00000] [id=89576]
  0x000001d4893dd470 GCTaskThread "GC Thread#1" [stack: 0x0000002d65200000,0x0000002d65300000] [id=88080]
  0x000001d4896cee00 GCTaskThread "GC Thread#2" [stack: 0x0000002d65300000,0x0000002d65400000] [id=15880]
  0x000001d4894b0de0 GCTaskThread "GC Thread#3" [stack: 0x0000002d65400000,0x0000002d65500000] [id=65028]
  0x000001d489e00dd0 GCTaskThread "GC Thread#4" [stack: 0x0000002d65600000,0x0000002d65700000] [id=82680]
  0x000001d489ed2ef0 GCTaskThread "GC Thread#5" [stack: 0x0000002d65700000,0x0000002d65800000] [id=10776]
  0x000001d48a315970 GCTaskThread "GC Thread#6" [stack: 0x0000002d65800000,0x0000002d65900000] [id=89220]
  0x000001d42a7a78f0 ConcurrentGCThread "G1 Main Marker" [stack: 0x0000002d63f00000,0x0000002d64000000] [id=52412]
  0x000001d42a7a8210 ConcurrentGCThread "G1 Conc#0" [stack: 0x0000002d64000000,0x0000002d64100000] [id=84600]
  0x000001d42a80cd50 ConcurrentGCThread "G1 Refine#0" [stack: 0x0000002d64100000,0x0000002d64200000] [id=83364]
  0x000001d42a80d690 ConcurrentGCThread "G1 Service" [stack: 0x0000002d64200000,0x0000002d64300000] [id=87188]

Threads with active compile tasks:
C2 CompilerThread0    32777 1836       4       org.gradle.internal.logging.text.AbstractLineChoppingStyledTextOutput::doAppend (43 bytes)

VM state: not at safepoint (normal execution)

VM Mutex/Monitor currently owned by a thread: None

Heap address: 0x00000000fc000000, size: 64 MB, Compressed Oops mode: 32-bit

CDS archive(s) mapped at: [0x000001d444000000-0x000001d444bd0000-0x000001d444bd0000), size 12386304, SharedBaseAddress: 0x000001d444000000, ArchiveRelocationMode: 1.
Compressed class space mapped at: 0x000001d445000000-0x000001d485000000, reserved size: 1073741824
Narrow klass base: 0x000001d444000000, Narrow klass shift: 0, Narrow klass range: 0x100000000

GC Precious Log:
 CPUs: 8 total, 8 available
 Memory: 16080M
 Large Page Support: Disabled
 NUMA Support: Disabled
 Compressed Oops: Enabled (32-bit)
 Heap Region Size: 1M
 Heap Min Capacity: 64M
 Heap Initial Capacity: 64M
 Heap Max Capacity: 64M
 Pre-touch: Disabled
 Parallel Workers: 8
 Concurrent Workers: 2
 Concurrent Refinement Workers: 8
 Periodic GC: Disabled

Heap:
 garbage-first heap   total 65536K, used 17790K [0x00000000fc000000, 0x0000000100000000)
  region size 1024K, 11 young (11264K), 4 survivors (4096K)
 Metaspace       used 9293K, committed 9536K, reserved 1114112K
  class space    used 1232K, committed 1344K, reserved 1048576K

Heap Regions: E=young(eden), S=young(survivor), O=old, HS=humongous(starts), HC=humongous(continues), CS=collection set, F=free, OA=open archive, CA=closed archive, TAMS=top-at-mark-start (previous, next)
|   0|0x00000000fc000000, 0x00000000fc100000, 0x00000000fc100000|100%|HS|  |TAMS 0x00000000fc000000, 0x00000000fc000000| Complete 
|   1|0x00000000fc100000, 0x00000000fc200000, 0x00000000fc200000|100%|HC|  |TAMS 0x00000000fc100000, 0x00000000fc100000| Complete 
|   2|0x00000000fc200000, 0x00000000fc300000, 0x00000000fc300000|100%|HC|  |TAMS 0x00000000fc200000, 0x00000000fc200000| Complete 
|   3|0x00000000fc300000, 0x00000000fc400000, 0x00000000fc400000|100%| O|  |TAMS 0x00000000fc300000, 0x00000000fc300000| Untracked 
|   4|0x00000000fc400000, 0x00000000fc500000, 0x00000000fc500000|100%| O|  |TAMS 0x00000000fc400000, 0x00000000fc400000| Untracked 
|   5|0x00000000fc500000, 0x00000000fc600000, 0x00000000fc600000|100%| O|  |TAMS 0x00000000fc500000, 0x00000000fc500000| Untracked 
|   6|0x00000000fc600000, 0x00000000fc700000, 0x00000000fc700000|100%| O|  |TAMS 0x00000000fc600000, 0x00000000fc600000| Untracked 
|   7|0x00000000fc700000, 0x00000000fc75fa00, 0x00000000fc800000| 37%| O|  |TAMS 0x00000000fc700000, 0x00000000fc700000| Untracked 
|   8|0x00000000fc800000, 0x00000000fc800000, 0x00000000fc900000|  0%| F|  |TAMS 0x00000000fc800000, 0x00000000fc800000| Untracked 
|   9|0x00000000fc900000, 0x00000000fc900000, 0x00000000fca00000|  0%| F|  |TAMS 0x00000000fc900000, 0x00000000fc900000| Untracked 
|  10|0x00000000fca00000, 0x00000000fca00000, 0x00000000fcb00000|  0%| F|  |TAMS 0x00000000fca00000, 0x00000000fca00000| Untracked 
|  11|0x00000000fcb00000, 0x00000000fcb00000, 0x00000000fcc00000|  0%| F|  |TAMS 0x00000000fcb00000, 0x00000000fcb00000| Untracked 
|  12|0x00000000fcc00000, 0x00000000fcc00000, 0x00000000fcd00000|  0%| F|  |TAMS 0x00000000fcc00000, 0x00000000fcc00000| Untracked 
|  13|0x00000000fcd00000, 0x00000000fcd00000, 0x00000000fce00000|  0%| F|  |TAMS 0x00000000fcd00000, 0x00000000fcd00000| Untracked 
|  14|0x00000000fce00000, 0x00000000fce00000, 0x00000000fcf00000|  0%| F|  |TAMS 0x00000000fce00000, 0x00000000fce00000| Untracked 
|  15|0x00000000fcf00000, 0x00000000fcf00000, 0x00000000fd000000|  0%| F|  |TAMS 0x00000000fcf00000, 0x00000000fcf00000| Untracked 
|  16|0x00000000fd000000, 0x00000000fd000000, 0x00000000fd100000|  0%| F|  |TAMS 0x00000000fd000000, 0x00000000fd000000| Untracked 
|  17|0x00000000fd100000, 0x00000000fd100000, 0x00000000fd200000|  0%| F|  |TAMS 0x00000000fd100000, 0x00000000fd100000| Untracked 
|  18|0x00000000fd200000, 0x00000000fd200000, 0x00000000fd300000|  0%| F|  |TAMS 0x00000000fd200000, 0x00000000fd200000| Untracked 
|  19|0x00000000fd300000, 0x00000000fd300000, 0x00000000fd400000|  0%| F|  |TAMS 0x00000000fd300000, 0x00000000fd300000| Untracked 
|  20|0x00000000fd400000, 0x00000000fd400000, 0x00000000fd500000|  0%| F|  |TAMS 0x00000000fd400000, 0x00000000fd400000| Untracked 
|  21|0x00000000fd500000, 0x00000000fd500000, 0x00000000fd600000|  0%| F|  |TAMS 0x00000000fd500000, 0x00000000fd500000| Untracked 
|  22|0x00000000fd600000, 0x00000000fd600000, 0x00000000fd700000|  0%| F|  |TAMS 0x00000000fd600000, 0x00000000fd600000| Untracked 
|  23|0x00000000fd700000, 0x00000000fd700000, 0x00000000fd800000|  0%| F|  |TAMS 0x00000000fd700000, 0x00000000fd700000| Untracked 
|  24|0x00000000fd800000, 0x00000000fd800000, 0x00000000fd900000|  0%| F|  |TAMS 0x00000000fd800000, 0x00000000fd800000| Untracked 
|  25|0x00000000fd900000, 0x00000000fd900000, 0x00000000fda00000|  0%| F|  |TAMS 0x00000000fd900000, 0x00000000fd900000| Untracked 
|  26|0x00000000fda00000, 0x00000000fda00000, 0x00000000fdb00000|  0%| F|  |TAMS 0x00000000fda00000, 0x00000000fda00000| Untracked 
|  27|0x00000000fdb00000, 0x00000000fdb00000, 0x00000000fdc00000|  0%| F|  |TAMS 0x00000000fdb00000, 0x00000000fdb00000| Untracked 
|  28|0x00000000fdc00000, 0x00000000fdd00000, 0x00000000fdd00000|100%| S|CS|TAMS 0x00000000fdc00000, 0x00000000fdc00000| Complete 
|  29|0x00000000fdd00000, 0x00000000fde00000, 0x00000000fde00000|100%| S|CS|TAMS 0x00000000fdd00000, 0x00000000fdd00000| Complete 
|  30|0x00000000fde00000, 0x00000000fdf00000, 0x00000000fdf00000|100%| S|CS|TAMS 0x00000000fde00000, 0x00000000fde00000| Complete 
|  31|0x00000000fdf00000, 0x00000000fe000000, 0x00000000fe000000|100%| S|CS|TAMS 0x00000000fdf00000, 0x00000000fdf00000| Complete 
|  32|0x00000000fe000000, 0x00000000fe000000, 0x00000000fe100000|  0%| F|  |TAMS 0x00000000fe000000, 0x00000000fe000000| Untracked 
|  33|0x00000000fe100000, 0x00000000fe100000, 0x00000000fe200000|  0%| F|  |TAMS 0x00000000fe100000, 0x00000000fe100000| Untracked 
|  34|0x00000000fe200000, 0x00000000fe200000, 0x00000000fe300000|  0%| F|  |TAMS 0x00000000fe200000, 0x00000000fe200000| Untracked 
|  35|0x00000000fe300000, 0x00000000fe300000, 0x00000000fe400000|  0%| F|  |TAMS 0x00000000fe300000, 0x00000000fe300000| Untracked 
|  36|0x00000000fe400000, 0x00000000fe400000, 0x00000000fe500000|  0%| F|  |TAMS 0x00000000fe400000, 0x00000000fe400000| Untracked 
|  37|0x00000000fe500000, 0x00000000fe500000, 0x00000000fe600000|  0%| F|  |TAMS 0x00000000fe500000, 0x00000000fe500000| Untracked 
|  38|0x00000000fe600000, 0x00000000fe600000, 0x00000000fe700000|  0%| F|  |TAMS 0x00000000fe600000, 0x00000000fe600000| Untracked 
|  39|0x00000000fe700000, 0x00000000fe700000, 0x00000000fe800000|  0%| F|  |TAMS 0x00000000fe700000, 0x00000000fe700000| Untracked 
|  40|0x00000000fe800000, 0x00000000fe800000, 0x00000000fe900000|  0%| F|  |TAMS 0x00000000fe800000, 0x00000000fe800000| Untracked 
|  41|0x00000000fe900000, 0x00000000fe900000, 0x00000000fea00000|  0%| F|  |TAMS 0x00000000fe900000, 0x00000000fe900000| Untracked 
|  42|0x00000000fea00000, 0x00000000fea00000, 0x00000000feb00000|  0%| F|  |TAMS 0x00000000fea00000, 0x00000000fea00000| Untracked 
|  43|0x00000000feb00000, 0x00000000feb00000, 0x00000000fec00000|  0%| F|  |TAMS 0x00000000feb00000, 0x00000000feb00000| Untracked 
|  44|0x00000000fec00000, 0x00000000fec00000, 0x00000000fed00000|  0%| F|  |TAMS 0x00000000fec00000, 0x00000000fec00000| Untracked 
|  45|0x00000000fed00000, 0x00000000fed00000, 0x00000000fee00000|  0%| F|  |TAMS 0x00000000fed00000, 0x00000000fed00000| Untracked 
|  46|0x00000000fee00000, 0x00000000fee00000, 0x00000000fef00000|  0%| F|  |TAMS 0x00000000fee00000, 0x00000000fee00000| Untracked 
|  47|0x00000000fef00000, 0x00000000fef00000, 0x00000000ff000000|  0%| F|  |TAMS 0x00000000fef00000, 0x00000000fef00000| Untracked 
|  48|0x00000000ff000000, 0x00000000ff000000, 0x00000000ff100000|  0%| F|  |TAMS 0x00000000ff000000, 0x00000000ff000000| Untracked 
|  49|0x00000000ff100000, 0x00000000ff100000, 0x00000000ff200000|  0%| F|  |TAMS 0x00000000ff100000, 0x00000000ff100000| Untracked 
|  50|0x00000000ff200000, 0x00000000ff200000, 0x00000000ff300000|  0%| F|  |TAMS 0x00000000ff200000, 0x00000000ff200000| Untracked 
|  51|0x00000000ff300000, 0x00000000ff300000, 0x00000000ff400000|  0%| F|  |TAMS 0x00000000ff300000, 0x00000000ff300000| Untracked 
|  52|0x00000000ff400000, 0x00000000ff400000, 0x00000000ff500000|  0%| F|  |TAMS 0x00000000ff400000, 0x00000000ff400000| Untracked 
|  53|0x00000000ff500000, 0x00000000ff500000, 0x00000000ff600000|  0%| F|  |TAMS 0x00000000ff500000, 0x00000000ff500000| Untracked 
|  54|0x00000000ff600000, 0x00000000ff600000, 0x00000000ff700000|  0%| F|  |TAMS 0x00000000ff600000, 0x00000000ff600000| Untracked 
|  55|0x00000000ff700000, 0x00000000ff700000, 0x00000000ff800000|  0%| F|  |TAMS 0x00000000ff700000, 0x00000000ff700000| Untracked 
|  56|0x00000000ff800000, 0x00000000ff800000, 0x00000000ff900000|  0%| F|  |TAMS 0x00000000ff800000, 0x00000000ff800000| Untracked 
|  57|0x00000000ff900000, 0x00000000ff968770, 0x00000000ffa00000| 40%| E|  |TAMS 0x00000000ff900000, 0x00000000ff900000| Complete 
|  58|0x00000000ffa00000, 0x00000000ffb00000, 0x00000000ffb00000|100%| E|CS|TAMS 0x00000000ffa00000, 0x00000000ffa00000| Complete 
|  59|0x00000000ffb00000, 0x00000000ffc00000, 0x00000000ffc00000|100%| E|CS|TAMS 0x00000000ffb00000, 0x00000000ffb00000| Complete 
|  60|0x00000000ffc00000, 0x00000000ffd00000, 0x00000000ffd00000|100%| E|CS|TAMS 0x00000000ffc00000, 0x00000000ffc00000| Complete 
|  61|0x00000000ffd00000, 0x00000000ffe00000, 0x00000000ffe00000|100%| E|CS|TAMS 0x00000000ffd00000, 0x00000000ffd00000| Complete 
|  62|0x00000000ffe00000, 0x00000000fff00000, 0x00000000fff00000|100%| E|CS|TAMS 0x00000000ffe00000, 0x00000000ffe00000| Complete 
|  63|0x00000000fff00000, 0x0000000100000000, 0x0000000100000000|100%| E|CS|TAMS 0x00000000fff00000, 0x00000000fff00000| Complete 

Card table byte_map: [0x000001d428760000,0x000001d428780000] _byte_map_base: 0x000001d427f80000

Marking Bits (Prev, Next): (CMBitMap*) 0x000001d42a7a67c0, (CMBitMap*) 0x000001d42a7a6800
 Prev Bits: [0x000001d441380000, 0x000001d441480000)
 Next Bits: [0x000001d441480000, 0x000001d441580000)

Polling page: 0x000001d428710000

Metaspace:

Usage:
  Non-class:      7.87 MB used.
      Class:      1.20 MB used.
       Both:      9.08 MB used.

Virtual space:
  Non-class space:       64.00 MB reserved,       8.00 MB ( 12%) committed,  1 nodes.
      Class space:        1.00 GB reserved,       1.31 MB ( <1%) committed,  1 nodes.
             Both:        1.06 GB reserved,       9.31 MB ( <1%) committed. 

Chunk freelists:
   Non-Class:  7.72 MB
       Class:  14.64 MB
        Both:  22.36 MB

MaxMetaspaceSize: unlimited
CompressedClassSpaceSize: 1.00 GB
Initial GC threshold: 21.00 MB
Current GC threshold: 21.00 MB
CDS: on
MetaspaceReclaimPolicy: balanced
 - commit_granule_bytes: 65536.
 - commit_granule_words: 8192.
 - virtual_space_node_default_size: 8388608.
 - enlarge_chunks_in_place: 1.
 - new_chunks_are_fully_committed: 0.
 - uncommit_free_chunks: 1.
 - use_allocation_guard: 0.
 - handle_deallocations: 1.


Internal statistics:

num_allocs_failed_limit: 0.
num_arena_births: 78.
num_arena_deaths: 0.
num_vsnodes_births: 2.
num_vsnodes_deaths: 0.
num_space_committed: 149.
num_space_uncommitted: 0.
num_chunks_returned_to_freelist: 0.
num_chunks_taken_from_freelist: 341.
num_chunk_merges: 0.
num_chunk_splits: 227.
num_chunks_enlarged: 183.
num_inconsistent_stats: 0.

CodeHeap 'non-profiled nmethods': size=120000Kb used=766Kb max_used=766Kb free=119233Kb
 bounds [0x000001d439b20000, 0x000001d439d90000, 0x000001d441050000]
CodeHeap 'profiled nmethods': size=120000Kb used=3449Kb max_used=3449Kb free=116551Kb
 bounds [0x000001d432050000, 0x000001d4323b0000, 0x000001d439580000]
CodeHeap 'non-nmethods': size=5760Kb used=1187Kb max_used=1209Kb free=4573Kb
 bounds [0x000001d439580000, 0x000001d4397f0000, 0x000001d439b20000]
 total_blobs=2310 nmethods=1838 adapters=385
 compilation: enabled
              stopped_count=0, restarted_count=0
 full_count=0

Compilation events (20 events):
Event: 32.647 Thread 0x000001d443f14f90 nmethod 1828 0x000001d4323a7510 code [0x000001d4323a76c0, 0x000001d4323a79f8]
Event: 32.647 Thread 0x000001d443f14f90 1829       3       org.gradle.internal.logging.events.StyledTextOutputEvent::<init> (24 bytes)
Event: 32.647 Thread 0x000001d443f14f90 nmethod 1829 0x000001d4323a7b10 code [0x000001d4323a7cc0, 0x000001d4323a7ef8]
Event: 32.647 Thread 0x000001d443f14f90 1830       3       org.gradle.internal.logging.serializer.StyledTextOutputEventSerializer::read (6 bytes)
Event: 32.647 Thread 0x000001d443f14f90 nmethod 1830 0x000001d4323a8010 code [0x000001d4323a81c0, 0x000001d4323a8308]
Event: 32.739 Thread 0x000001d443f14f90 1831       3       org.gradle.internal.logging.console.StyledTextOutputBackedRenderer$OutputEventTextOutputImpl::doStyleChange (12 bytes)
Event: 32.739 Thread 0x000001d443f14f90 nmethod 1831 0x000001d4323a8390 code [0x000001d4323a8540, 0x000001d4323a88c8]
Event: 32.739 Thread 0x000001d443f14f90 1832       3       org.gradle.internal.logging.text.AbstractStyledTextOutput::doStyleChange (1 bytes)
Event: 32.739 Thread 0x000001d443f14f90 nmethod 1832 0x000001d4323a8a10 code [0x000001d4323a8ba0, 0x000001d4323a8cb8]
Event: 32.742 Thread 0x000001d443f14f90 1833       3       org.gradle.internal.logging.console.StyledTextOutputBackedRenderer::onOutput (260 bytes)
Event: 32.743 Thread 0x000001d443f14f90 nmethod 1833 0x000001d4323a8d90 code [0x000001d4323a9200, 0x000001d4323abd48]
Event: 32.743 Thread 0x000001d443f14f90 1834       3       org.gradle.internal.logging.console.StyledTextOutputBackedRenderer$OutputEventTextOutputImpl::doEndLine (17 bytes)
Event: 32.743 Thread 0x000001d443f14f90 nmethod 1834 0x000001d4323ac810 code [0x000001d4323ac9e0, 0x000001d4323ace18]
Event: 32.743 Thread 0x000001d443f14f90 1835       3       org.gradle.internal.logging.console.DefaultTextArea::doEndLine (17 bytes)
Event: 32.744 Thread 0x000001d443f14f90 nmethod 1835 0x000001d4323acf90 code [0x000001d4323ad140, 0x000001d4323ad2e8]
Event: 32.744 Thread 0x000001d443f145d0 1836       4       org.gradle.internal.logging.text.AbstractLineChoppingStyledTextOutput::doAppend (43 bytes)
Event: 32.746 Thread 0x000001d443f14f90 1837       3       org.gradle.internal.logging.sink.GroupingProgressLogEventGenerator::access$602 (7 bytes)
Event: 32.746 Thread 0x000001d443f14f90 nmethod 1837 0x000001d4323ad410 code [0x000001d4323ad5a0, 0x000001d4323ad698]
Event: 32.749 Thread 0x000001d443f14f90 1838       3       org.gradle.internal.logging.console.DefaultColorMap::getColor (38 bytes)
Event: 32.749 Thread 0x000001d443f14f90 nmethod 1838 0x000001d4323ad790 code [0x000001d4323ad960, 0x000001d4323addc8]

GC Heap History (4 events):
Event: 0.273 GC heap before
{Heap before GC invocations=0 (full 0):
 garbage-first heap   total 65536K, used 23552K [0x00000000fc000000, 0x0000000100000000)
  region size 1024K, 23 young (23552K), 0 survivors (0K)
 Metaspace       used 1792K, committed 1920K, reserved 1114112K
  class space    used 162K, committed 192K, reserved 1048576K
}
Event: 0.276 GC heap after
{Heap after GC invocations=1 (full 0):
 garbage-first heap   total 65536K, used 2176K [0x00000000fc000000, 0x0000000100000000)
  region size 1024K, 3 young (3072K), 3 survivors (3072K)
 Metaspace       used 1792K, committed 1920K, reserved 1114112K
  class space    used 162K, committed 192K, reserved 1048576K
}
Event: 0.742 GC heap before
{Heap before GC invocations=1 (full 0):
 garbage-first heap   total 65536K, used 34944K [0x00000000fc000000, 0x0000000100000000)
  region size 1024K, 32 young (32768K), 3 survivors (3072K)
 Metaspace       used 7678K, committed 7872K, reserved 1114112K
  class space    used 1050K, committed 1152K, reserved 1048576K
}
Event: 0.746 GC heap after
{Heap after GC invocations=2 (full 0):
 garbage-first heap   total 65536K, used 11646K [0x00000000fc000000, 0x0000000100000000)
  region size 1024K, 4 young (4096K), 4 survivors (4096K)
 Metaspace       used 7678K, committed 7872K, reserved 1114112K
  class space    used 1050K, committed 1152K, reserved 1048576K
}

Deoptimization events (20 events):
Event: 18.400 Thread 0x000001d42858e820 Uncommon trap: trap_request=0xffffff45 fr.pc=0x000001d439b36b34 relative=0x0000000000000334
Event: 18.400 Thread 0x000001d42858e820 Uncommon trap: reason=unstable_if action=reinterpret pc=0x000001d439b36b34 method=java.lang.StringUTF16.compress([CI[BII)I @ 20 c2
Event: 18.400 Thread 0x000001d42858e820 DEOPT PACKING pc=0x000001d439b36b34 sp=0x0000002d63dfc7f0
Event: 18.400 Thread 0x000001d42858e820 DEOPT UNPACKING pc=0x000001d4395d5ba3 sp=0x0000002d63dfc770 mode 2
Event: 18.433 Thread 0x000001d489cc8610 Uncommon trap: trap_request=0xffffff45 fr.pc=0x000001d439b67474 relative=0x0000000000000154
Event: 18.433 Thread 0x000001d489cc8610 Uncommon trap: reason=unstable_if action=reinterpret pc=0x000001d439b67474 method=java.lang.AbstractStringBuilder.putStringAt(ILjava/lang/String;II)V @ 8 c2
Event: 18.433 Thread 0x000001d489cc8610 DEOPT PACKING pc=0x000001d439b67474 sp=0x0000002d655fdeb0
Event: 18.433 Thread 0x000001d489cc8610 DEOPT UNPACKING pc=0x000001d4395d5ba3 sp=0x0000002d655fdde0 mode 2
Event: 26.827 Thread 0x000001d42858e820 DEOPT PACKING pc=0x000001d43236437e sp=0x0000002d63dfc800
Event: 26.827 Thread 0x000001d42858e820 DEOPT UNPACKING pc=0x000001d4395d66e3 sp=0x0000002d63dfbc70 mode 0
Event: 30.908 Thread 0x000001d42858e820 DEOPT PACKING pc=0x000001d43236437e sp=0x0000002d63dfc850
Event: 30.908 Thread 0x000001d42858e820 DEOPT UNPACKING pc=0x000001d4395d66e3 sp=0x0000002d63dfbcc0 mode 0
Event: 32.646 Thread 0x000001d42858e820 DEOPT PACKING pc=0x000001d43236437e sp=0x0000002d63dfc850
Event: 32.646 Thread 0x000001d42858e820 DEOPT UNPACKING pc=0x000001d4395d66e3 sp=0x0000002d63dfbcc0 mode 0
Event: 32.647 Thread 0x000001d42858e820 DEOPT PACKING pc=0x000001d43236437e sp=0x0000002d63dfc850
Event: 32.647 Thread 0x000001d42858e820 DEOPT UNPACKING pc=0x000001d4395d66e3 sp=0x0000002d63dfbcc0 mode 0
Event: 32.744 Thread 0x000001d489cc8610 DEOPT PACKING pc=0x000001d43233d274 sp=0x0000002d655fe500
Event: 32.744 Thread 0x000001d489cc8610 DEOPT UNPACKING pc=0x000001d4395d66e3 sp=0x0000002d655fd9d0 mode 0
Event: 32.750 Thread 0x000001d489cc8610 DEOPT PACKING pc=0x000001d43233d274 sp=0x0000002d655fe5f0
Event: 32.750 Thread 0x000001d489cc8610 DEOPT UNPACKING pc=0x000001d4395d66e3 sp=0x0000002d655fdac0 mode 0

Classes unloaded (0 events):
No events

Classes redefined (0 events):
No events

Internal exceptions (20 events):
Event: 0.459 Thread 0x000001d42858e820 Exception <a 'java/lang/NoSuchMethodError'{0x00000000ff293778}: 'java.lang.Object java.lang.invoke.DirectMethodHandle$Holder.invokeStaticInit(java.lang.Object)'> (0x00000000ff293778) 
thrown [s\open\src\hotspot\share\interpreter\linkResolver.cpp, line 759]
Event: 0.467 Thread 0x000001d42858e820 Exception <a 'java/lang/NoSuchMethodError'{0x00000000ff2aeaf0}: 'int java.lang.invoke.DirectMethodHandle$Holder.invokeSpecial(java.lang.Object, java.lang.Object, java.lang.Object)'> (0x00000000ff2aeaf0) 
thrown [s\open\src\hotspot\share\interpreter\linkResolver.cpp, line 759]
Event: 0.472 Thread 0x000001d42858e820 Exception <a 'java/lang/NoSuchMethodError'{0x00000000ff2ead50}: 'void java.lang.invoke.DirectMethodHandle$Holder.invokeStatic(java.lang.Object, java.lang.Object)'> (0x00000000ff2ead50) 
thrown [s\open\src\hotspot\share\interpreter\linkResolver.cpp, line 759]
Event: 0.473 Thread 0x000001d42858e820 Implicit null exception at 0x000001d439b8930f to 0x000001d439b89840
Event: 0.473 Thread 0x000001d42858e820 Implicit null exception at 0x000001d439b6a28f to 0x000001d439b6a7c0
Event: 0.473 Thread 0x000001d42858e820 Implicit null exception at 0x000001d439b50d0f to 0x000001d439b50d89
Event: 0.484 Thread 0x000001d42858e820 Exception <a 'java/lang/NoClassDefFoundError'{0x00000000ff1628a8}: org/slf4j/impl/StaticMarkerBinder> (0x00000000ff1628a8) 
thrown [s\open\src\hotspot\share\classfile\systemDictionary.cpp, line 245]
Event: 0.503 Thread 0x000001d42858e820 Exception <a 'java/lang/NoSuchMethodError'{0x00000000ff08f508}: 'java.lang.Object java.lang.invoke.Invokers$Holder.invoker(java.lang.Object, java.lang.Object, java.lang.Object)'> (0x00000000ff08f508) 
thrown [s\open\src\hotspot\share\interpreter\linkResolver.cpp, line 759]
Event: 0.503 Thread 0x000001d42858e820 Exception <a 'java/lang/NoSuchMethodError'{0x00000000ff098660}: 'java.lang.Object java.lang.invoke.DirectMethodHandle$Holder.invokeStatic(java.lang.Object, java.lang.Object, int)'> (0x00000000ff098660) 
thrown [s\open\src\hotspot\share\interpreter\linkResolver.cpp, line 759]
Event: 0.504 Thread 0x000001d42858e820 Exception <a 'java/lang/NoSuchMethodError'{0x00000000ff0a4350}: 'void java.lang.invoke.DelegatingMethodHandle$Holder.delegate(java.lang.Object, java.lang.Object, int, java.lang.Object)'> (0x00000000ff0a4350) 
thrown [s\open\src\hotspot\share\interpreter\linkResolver.cpp, line 759]
Event: 0.506 Thread 0x000001d42858e820 Exception <a 'java/lang/NoSuchMethodError'{0x00000000ff0b7998}: 'java.lang.Object java.lang.invoke.Invokers$Holder.invokeExact_MT(java.lang.Object, java.lang.Object, java.lang.Object, java.lang.Object)'> (0x00000000ff0b7998) 
thrown [s\open\src\hotspot\share\interpreter\linkResolver.cpp, line 759]
Event: 0.510 Thread 0x000001d42858e820 Exception <a 'java/lang/NoSuchMethodError'{0x00000000ff0e2780}: 'java.lang.Object java.lang.invoke.DirectMethodHandle$Holder.invokeVirtual(java.lang.Object, java.lang.Object, java.lang.Object)'> (0x00000000ff0e2780) 
thrown [s\open\src\hotspot\share\interpreter\linkResolver.cpp, line 759]
Event: 0.560 Thread 0x000001d42858e820 Exception <a 'java/lang/NoSuchMethodError'{0x00000000feb07480}: 'java.lang.Object java.lang.invoke.DirectMethodHandle$Holder.newInvokeSpecial(java.lang.Object, java.lang.Object, java.lang.Object, java.lang.Object, java.lang.Object)'> (0x00000000feb07480) 
thrown [s\open\src\hotspot\share\interpreter\linkResolver.cpp, line 759]
Event: 0.575 Thread 0x000001d42858e820 Exception <a 'java/lang/NoSuchMethodError'{0x00000000fea2b5a0}: 'void java.lang.invoke.DirectMethodHandle$Holder.invokeSpecial(java.lang.Object, java.lang.Object, java.lang.Object)'> (0x00000000fea2b5a0) 
thrown [s\open\src\hotspot\share\interpreter\linkResolver.cpp, line 759]
Event: 0.660 Thread 0x000001d42858e820 Exception <a 'java/lang/NoSuchMethodError'{0x00000000fe531550}: 'void java.lang.invoke.DirectMethodHandle$Holder.invokeStatic(java.lang.Object, java.lang.Object, java.lang.Object)'> (0x00000000fe531550) 
thrown [s\open\src\hotspot\share\interpreter\linkResolver.cpp, line 759]
Event: 0.689 Thread 0x000001d42858e820 Exception <a 'java/lang/NoSuchMethodError'{0x00000000fe243460}: 'java.lang.Object java.lang.invoke.DirectMethodHandle$Holder.newInvokeSpecial(java.lang.Object, java.lang.Object, java.lang.Object, java.lang.Object, java.lang.Object, java.lang.Object, java.lang.Object, java.lang.Object, java.lang.Object, java.lang.Object, java.lang.Object, java.lang.Object, java.lang.Object, java.lang.Object, java.lang.Object, java.lang.Object, java.lang.Object, java.lang.Object, java.lang.Object, java.lang.Object, java.lang
Event: 0.689 Thread 0x000001d42858e820 Exception <a 'java/lang/NoSuchMethodError'{0x00000000fe24fa68}: 'java.lang.Object java.lang.invoke.Invokers$Holder.linkToTargetMethod(java.lang.Object, java.lang.Object, java.lang.Object, java.lang.Object, java.lang.Object, java.lang.Object, java.lang.Object, java.lang.Object, java.lang.Object, java.lang.Object, java.lang.Object, java.lang.Object, java.lang.Object, java.lang.Object, java.lang.Object, java.lang.Object, java.lang.Object, java.lang.Object, java.lang.Object, java.lang.Object, java.lang.Object,
Event: 0.717 Thread 0x000001d42858e820 Exception <a 'java/lang/NoSuchMethodError'{0x00000000fe0aa7e0}: 'java.lang.Object java.lang.invoke.DirectMethodHandle$Holder.invokeStaticInit(java.lang.Object, int, int, int, int)'> (0x00000000fe0aa7e0) 
thrown [s\open\src\hotspot\share\interpreter\linkResolver.cpp, line 759]
Event: 0.754 Thread 0x000001d42858e820 Exception <a 'java/lang/NoSuchMethodError'{0x00000000fffeda78}: 'java.lang.Object java.lang.invoke.DirectMethodHandle$Holder.invokeStaticInit(java.lang.Object, java.lang.Object, int, int, int, int)'> (0x00000000fffeda78) 
thrown [s\open\src\hotspot\share\interpreter\linkResolver.cpp, line 759]
Event: 0.765 Thread 0x000001d42858e820 Implicit null exception at 0x000001d439b67872 to 0x000001d439b67eb0

VM Operations (20 events):
Event: 10.304 Executing VM operation: Cleanup
Event: 10.304 Executing VM operation: Cleanup done
Event: 15.350 Executing VM operation: Cleanup
Event: 15.350 Executing VM operation: Cleanup done
Event: 20.382 Executing VM operation: Cleanup
Event: 20.383 Executing VM operation: Cleanup done
Event: 22.384 Executing VM operation: Cleanup
Event: 22.384 Executing VM operation: Cleanup done
Event: 24.405 Executing VM operation: Cleanup
Event: 24.406 Executing VM operation: Cleanup done
Event: 25.411 Executing VM operation: Cleanup
Event: 25.411 Executing VM operation: Cleanup done
Event: 27.435 Executing VM operation: Cleanup
Event: 27.435 Executing VM operation: Cleanup done
Event: 28.440 Executing VM operation: Cleanup
Event: 28.440 Executing VM operation: Cleanup done
Event: 31.475 Executing VM operation: Cleanup
Event: 31.475 Executing VM operation: Cleanup done
Event: 32.478 Executing VM operation: Cleanup
Event: 32.478 Executing VM operation: Cleanup done

Events (20 events):
Event: 0.793 loading class java/nio/channels/Pipe$SinkChannel done
Event: 0.793 loading class sun/nio/ch/SinkChannelImpl done
Event: 0.793 loading class sun/nio/ch/SelectionKeyImpl
Event: 0.793 loading class java/nio/channels/spi/AbstractSelectionKey
Event: 0.793 loading class java/nio/channels/SelectionKey
Event: 0.793 loading class java/nio/channels/SelectionKey done
Event: 0.793 loading class java/nio/channels/spi/AbstractSelectionKey done
Event: 0.793 loading class sun/nio/ch/SelectionKeyImpl done
Event: 0.793 loading class java/lang/invoke/ConstantBootstraps
Event: 0.793 loading class java/lang/invoke/ConstantBootstraps done
Event: 0.805 loading class java/nio/channels/spi/AbstractSelector$1
Event: 0.805 loading class java/nio/channels/spi/AbstractSelector$1 done
Event: 0.813 loading class java/util/concurrent/Executors$FinalizableDelegatedExecutorService
Event: 0.813 loading class java/util/concurrent/Executors$FinalizableDelegatedExecutorService done
Event: 1.036 loading class java/util/AbstractList$ListItr
Event: 1.036 loading class java/util/AbstractList$ListItr done
Event: 1.100 Thread 0x000001d48943aa40 Thread exited: 0x000001d48943aa40
Event: 1.100 Thread 0x000001d489181040 Thread exited: 0x000001d489181040
Event: 1.248 loading class java/util/ArrayList$ListItr
Event: 1.248 loading class java/util/ArrayList$ListItr done


Dynamic libraries:
0x00007ff749fa0000 - 0x00007ff749fb0000 	C:\Program Files\Java\jdk-17\bin\java.exe
0x00007ff93ddb0000 - 0x00007ff93dfa8000 	C:\Windows\SYSTEM32\ntdll.dll
0x00007ff93be50000 - 0x00007ff93bf12000 	C:\Windows\System32\KERNEL32.DLL
0x00007ff93b520000 - 0x00007ff93b816000 	C:\Windows\System32\KERNELBASE.dll
0x00007ff93b980000 - 0x00007ff93ba80000 	C:\Windows\System32\ucrtbase.dll
0x00007ff903d60000 - 0x00007ff903d79000 	C:\Program Files\Java\jdk-17\bin\jli.dll
0x00007ff93bf80000 - 0x00007ff93c02f000 	C:\Windows\System32\ADVAPI32.dll
0x00007ff903d40000 - 0x00007ff903d5b000 	C:\Program Files\Java\jdk-17\bin\VCRUNTIME140.dll
0x00007ff93ce10000 - 0x00007ff93ceae000 	C:\Windows\System32\msvcrt.dll
0x00007ff93d7d0000 - 0x00007ff93d86f000 	C:\Windows\System32\sechost.dll
0x00007ff93c420000 - 0x00007ff93c543000 	C:\Windows\System32\RPCRT4.dll
0x00007ff93bdb0000 - 0x00007ff93bdd7000 	C:\Windows\System32\bcrypt.dll
0x00007ff93dbd0000 - 0x00007ff93dd6d000 	C:\Windows\System32\USER32.dll
0x00007ff923ca0000 - 0x00007ff923f3a000 	C:\Windows\WinSxS\amd64_microsoft.windows.common-controls_6595b64144ccf1df_6.0.19041.5794_none_60bcd33171f2783c\COMCTL32.dll
0x00007ff93b950000 - 0x00007ff93b972000 	C:\Windows\System32\win32u.dll
0x00007ff93d030000 - 0x00007ff93d05b000 	C:\Windows\System32\GDI32.dll
0x00007ff93bc90000 - 0x00007ff93bdaa000 	C:\Windows\System32\gdi32full.dll
0x00007ff93b8b0000 - 0x00007ff93b94d000 	C:\Windows\System32\msvcp_win.dll
0x00007ff931540000 - 0x00007ff93154a000 	C:\Windows\SYSTEM32\VERSION.dll
0x00007ff93c170000 - 0x00007ff93c19f000 	C:\Windows\System32\IMM32.DLL
0x00007ff903d30000 - 0x00007ff903d3c000 	C:\Program Files\Java\jdk-17\bin\vcruntime140_1.dll
0x00007ff903ca0000 - 0x00007ff903d2e000 	C:\Program Files\Java\jdk-17\bin\msvcp140.dll
0x00007ff8b8880000 - 0x00007ff8b9460000 	C:\Program Files\Java\jdk-17\bin\server\jvm.dll
0x00007ff93ce00000 - 0x00007ff93ce08000 	C:\Windows\System32\PSAPI.DLL
0x00007ff92ae10000 - 0x00007ff92ae37000 	C:\Windows\SYSTEM32\WINMM.dll
0x00007ff91e9d0000 - 0x00007ff91e9d9000 	C:\Windows\SYSTEM32\WSOCK32.dll
0x00007ff93cd10000 - 0x00007ff93cd7b000 	C:\Windows\System32\WS2_32.dll
0x00007ff939c60000 - 0x00007ff939c72000 	C:\Windows\SYSTEM32\kernel.appcore.dll
0x00007ff903c90000 - 0x00007ff903c9a000 	C:\Program Files\Java\jdk-17\bin\jimage.dll
0x00007ff938e80000 - 0x00007ff939081000 	C:\Windows\SYSTEM32\DBGHELP.DLL
0x00007ff917a90000 - 0x00007ff917ac4000 	C:\Windows\SYSTEM32\dbgcore.DLL
0x00007ff93b820000 - 0x00007ff93b8a2000 	C:\Windows\System32\bcryptPrimitives.dll
0x00007ff8bdb70000 - 0x00007ff8bdb95000 	C:\Program Files\Java\jdk-17\bin\java.dll
0x00007ff8b87a0000 - 0x00007ff8b8877000 	C:\Program Files\Java\jdk-17\bin\jsvml.dll
0x00007ff93d060000 - 0x00007ff93d7ce000 	C:\Windows\System32\SHELL32.dll
0x00007ff9394b0000 - 0x00007ff939c53000 	C:\Windows\SYSTEM32\windows.storage.dll
0x00007ff93d870000 - 0x00007ff93dbc3000 	C:\Windows\System32\combase.dll
0x00007ff93ae80000 - 0x00007ff93aeab000 	C:\Windows\SYSTEM32\Wldp.dll
0x00007ff93c720000 - 0x00007ff93c7ed000 	C:\Windows\System32\OLEAUT32.dll
0x00007ff93c030000 - 0x00007ff93c0dd000 	C:\Windows\System32\SHCORE.dll
0x00007ff93bf20000 - 0x00007ff93bf75000 	C:\Windows\System32\shlwapi.dll
0x00007ff93b380000 - 0x00007ff93b3a5000 	C:\Windows\SYSTEM32\profapi.dll
0x00007ff8bdb50000 - 0x00007ff8bdb69000 	C:\Program Files\Java\jdk-17\bin\net.dll
0x00007ff9349c0000 - 0x00007ff934aca000 	C:\Windows\SYSTEM32\WINHTTP.dll
0x00007ff93ab90000 - 0x00007ff93abfc000 	C:\Windows\system32\mswsock.dll
0x00007ff8bdb30000 - 0x00007ff8bdb46000 	C:\Program Files\Java\jdk-17\bin\nio.dll
0x00007ff8bdb10000 - 0x00007ff8bdb28000 	C:\Program Files\Java\jdk-17\bin\zip.dll
0x00007ff903c80000 - 0x00007ff903c90000 	C:\Program Files\Java\jdk-17\bin\verify.dll
0x00007ff8b8790000 - 0x00007ff8b879a000 	C:\Program Files\Java\jdk-17\bin\management.dll
0x00007ff8b8780000 - 0x00007ff8b878b000 	C:\Program Files\Java\jdk-17\bin\management_ext.dll
0x00007ff8b8750000 - 0x00007ff8b8777000 	C:\Users\j8428\.gradle\native\1def1411415f61bf3af743bc5b6707747c0891f09f0c88961ee8f79bc544acac\windows-amd64\native-platform.dll
0x00007ff934c80000 - 0x00007ff934c8a000 	C:\Users\j8428\.gradle\native\jansi\1.18\windows64\jansi.dll
0x00007ff93a830000 - 0x00007ff93a86b000 	C:\Windows\SYSTEM32\IPHLPAPI.DLL
0x00007ff93bde0000 - 0x00007ff93bde8000 	C:\Windows\System32\NSI.dll
0x00007ff934120000 - 0x00007ff934137000 	C:\Windows\SYSTEM32\dhcpcsvc6.DLL
0x00007ff934100000 - 0x00007ff93411d000 	C:\Windows\SYSTEM32\dhcpcsvc.DLL
0x00007ff93a8c0000 - 0x00007ff93a98a000 	C:\Windows\SYSTEM32\DNSAPI.dll
0x00007ff93add0000 - 0x00007ff93ade8000 	C:\Windows\SYSTEM32\CRYPTSP.dll
0x00007ff93a490000 - 0x00007ff93a4c8000 	C:\Windows\system32\rsaenh.dll
0x00007ff93b340000 - 0x00007ff93b36e000 	C:\Windows\SYSTEM32\USERENV.dll
0x00007ff93adf0000 - 0x00007ff93adfc000 	C:\Windows\SYSTEM32\CRYPTBASE.dll
0x00007ff8bf580000 - 0x00007ff8bf58e000 	C:\Program Files\Java\jdk-17\bin\sunmscapi.dll
0x00007ff93ba80000 - 0x00007ff93bbdd000 	C:\Windows\System32\CRYPT32.dll
0x00007ff93aef0000 - 0x00007ff93af17000 	C:\Windows\SYSTEM32\ncrypt.dll
0x00007ff93aeb0000 - 0x00007ff93aeeb000 	C:\Windows\SYSTEM32\NTASN1.dll
0x00007ff8fa6b0000 - 0x00007ff8fa6b7000 	C:\Windows\system32\wshunix.dll

dbghelp: loaded successfully - version: 4.0.5 - missing functions: none
symbol engine: initialized successfully - sym options: 0x614 - pdb path: .;C:\Program Files\Java\jdk-17\bin;C:\Windows\SYSTEM32;C:\Windows\WinSxS\amd64_microsoft.windows.common-controls_6595b64144ccf1df_6.0.19041.5794_none_60bcd33171f2783c;C:\Program Files\Java\jdk-17\bin\server;C:\Users\j8428\.gradle\native\1def1411415f61bf3af743bc5b6707747c0891f09f0c88961ee8f79bc544acac\windows-amd64;C:\Users\j8428\.gradle\native\jansi\1.18\windows64

VM Arguments:
jvm_args: -Xmx64m -Xms64m -Dorg.gradle.appname=gradlew 
java_command: org.gradle.wrapper.GradleWrapperMain bootRun
java_class_path (initial): C:\Users\j8428\Desktop\WeatherWeb\WeatherWeb\backend\\gradle\wrapper\gradle-wrapper.jar
Launcher Type: SUN_STANDARD

[Global flags]
     intx CICompilerCount                          = 4                                         {product} {ergonomic}
     uint ConcGCThreads                            = 2                                         {product} {ergonomic}
     uint G1ConcRefinementThreads                  = 8                                         {product} {ergonomic}
   size_t G1HeapRegionSize                         = 1048576                                   {product} {ergonomic}
    uintx GCDrainStackTargetSize                   = 64                                        {product} {ergonomic}
   size_t InitialHeapSize                          = 67108864                                  {product} {command line}
   size_t MarkStackSize                            = 4194304                                   {product} {ergonomic}
   size_t MaxHeapSize                              = 67108864                                  {product} {command line}
   size_t MaxNewSize                               = 39845888                                  {product} {ergonomic}
   size_t MinHeapDeltaBytes                        = 1048576                                   {product} {ergonomic}
   size_t MinHeapSize                              = 67108864                                  {product} {command line}
    uintx NonNMethodCodeHeapSize                   = 5839372                                {pd product} {ergonomic}
    uintx NonProfiledCodeHeapSize                  = 122909434                              {pd product} {ergonomic}
    uintx ProfiledCodeHeapSize                     = 122909434                              {pd product} {ergonomic}
    uintx ReservedCodeCacheSize                    = 251658240                              {pd product} {ergonomic}
     bool SegmentedCodeCache                       = true                                      {product} {ergonomic}
   size_t SoftMaxHeapSize                          = 67108864                               {manageable} {ergonomic}
     bool UseCompressedClassPointers               = true                           {product lp64_product} {ergonomic}
     bool UseCompressedOops                        = true                           {product lp64_product} {ergonomic}
     bool UseG1GC                                  = true                                      {product} {ergonomic}
     bool UseLargePagesIndividualAllocation        = false                                  {pd product} {ergonomic}

Logging:
Log output configuration:
 #0: stdout all=warning uptime,level,tags
 #1: stderr all=off uptime,level,tags

Environment Variables:
JAVA_HOME=C:\Program Files\Java\jdk-17
CLASSPATH=C:\Users\j8428\Desktop\WeatherWeb\WeatherWeb\backend\\gradle\wrapper\gradle-wrapper.jar
PATH=C:\Program Files\Common Files\Oracle\Java\javapath;C:\oraclexe\app\oracle\product\11.2.0\server\bin;C:\Windows\system32;C:\Windows;C:\Windows\System32\Wbem;C:\Windows\System32\WindowsPowerShell\v1.0\;C:\Windows\System32\OpenSSH\;C:\Program Files\Bandizip\;C:\Program Files\dotnet\;C:\Program Files\Git\cmd;C:\Program Files\MySQL\MySQL Server 8.0\bin;C:\Program Files\Java\jdk-17\bin;C:\Program Files\nodejs\;C:\Program Files\PuTTY\;C:\Program Files\MySQL\MySQL Shell 8.0\bin\;C:\Anaconda3;C:\Anaconda3\Library\mingw-w64\bin;C:\Anaconda3\Library\usr\bin;C:\Anaconda3\Library\bin;C:\Anaconda3\Scripts;C:\Users\j8428\AppData\Local\Microsoft\WindowsApps;C:\Microsoft VS Code\bin;C:\Users\j8428\.dotnet\tools;C:\Users\j8428\instl\teldrive;C:\Users\j8428\AppData\Roaming\npm
USERNAME=j8428
LANG=ko_KR.UTF-8
OS=Windows_NT
PROCESSOR_IDENTIFIER=Intel64 Family 6 Model 140 Stepping 1, GenuineIntel



---------------  S Y S T E M  ---------------

OS:
 Windows 10 , 64 bit Build 19041 (10.0.19041.5794)
OS uptime: 0 days 19:25 hours

CPU: total 8 (initial active 8) (4 cores per cpu, 2 threads per core) family 6 model 140 stepping 1 microcode 0x9a, cx8, cmov, fxsr, ht, mmx, 3dnowpref, sse, sse2, sse3, ssse3, sse4.1, sse4.2, popcnt, lzcnt, tsc, tscinvbit, avx, avx2, aes, erms, clmul, bmi1, bmi2, adx, avx512f, avx512dq, avx512cd, avx512bw, avx512vl, sha, fma, vzeroupper, avx512_vpopcntdq, avx512_vpclmulqdq, avx512_vaes, avx512_vnni, clflush, clflushopt, clwb, avx512_vbmi2, avx512_vbmi

Memory: 4k page, system-wide physical 16080M (323M free)
TotalPageFile size 65232M (AvailPageFile size 9M)
current process WorkingSet (physical memory assigned to process): 104M, peak: 108M
current process commit charge ("private bytes"): 167M, peak: 172M

vm_info: Java HotSpot(TM) 64-Bit Server VM (17.0.12+8-LTS-286) for windows-amd64 JRE (17.0.12+8-LTS-286), built on Jun  5 2024 06:46:59 by "mach5one" with MS VC++ 17.6 (VS2022)

END.
