#
# There is insufficient memory for the Java Runtime Environment to continue.
# Native memory allocation (malloc) failed to allocate 2385936 bytes for Chunk::new
# Possible reasons:
#   The system is out of physical RAM or swap space
#   The process is running with CompressedOops enabled, and the Java Heap may be blocking the growth of the native heap
# Possible solutions:
#   Reduce memory load on the system
#   Increase physical memory or swap space
#   Check if swap backing store is full
#   Decrease Java heap size (-Xmx/-Xms)
#   Decrease number of Java threads
#   Decrease Java thread stack sizes (-Xss)
#   Set larger code cache with -XX:ReservedCodeCacheSize=
#   JVM is running with Unscaled Compressed Oops mode in which the Java heap is
#     placed in the first 4GB address space. The Java Heap base address is the
#     maximum limit for the native heap growth. Please use -XX:HeapBaseMinAddress
#     to set the Java Heap base and to place the Java Heap above 4GB virtual address.
# This output file may be truncated or incomplete.
#
#  Out of Memory Error (arena.cpp:189), pid=48752, tid=59720
#
# JRE version: Java(TM) SE Runtime Environment (17.0.14+8) (build 17.0.14+8-LTS-191)
# Java VM: Java HotSpot(TM) 64-Bit Server VM (17.0.14+8-LTS-191, mixed mode, sharing, tiered, compressed oops, compressed class ptrs, g1 gc, windows-amd64)
# No core dump will be written. Minidumps are not enabled by default on client versions of Windows
#

---------------  S U M M A R Y ------------

Command Line: --add-opens=java.base/java.lang=ALL-UNNAMED --add-opens=java.base/java.lang.invoke=ALL-UNNAMED --add-opens=java.base/java.util=ALL-UNNAMED --add-opens=java.prefs/java.util.prefs=ALL-UNNAMED --add-exports=jdk.compiler/com.sun.tools.javac.api=ALL-UNNAMED --add-exports=jdk.compiler/com.sun.tools.javac.util=ALL-UNNAMED --add-opens=java.base/java.util=ALL-UNNAMED --add-opens=java.prefs/java.util.prefs=ALL-UNNAMED --add-opens=java.base/java.nio.charset=ALL-UNNAMED --add-opens=java.base/java.net=ALL-UNNAMED --add-opens=java.base/java.util.concurrent.atomic=ALL-UNNAMED --add-opens=java.xml/javax.xml.namespace=ALL-UNNAMED -XX:MaxMetaspaceSize=384m -XX:+HeapDumpOnOutOfMemoryError -Xms256m -Xmx512m -Dfile.encoding=x-windows-949 -Duser.country=KR -Duser.language=ko -Duser.variant -javaagent:C:\Users\LG\.gradle\wrapper\dists\gradle-8.13-bin\5xuhj0ry160q40clulazy9h7d\gradle-8.13\lib\agents\gradle-instrumentation-agent-8.13.jar org.gradle.launcher.daemon.bootstrap.GradleDaemon 8.13

Host: Intel(R) Core(TM) i7-1065G7 CPU @ 1.30GHz, 8 cores, 7G,  Windows 11 , 64 bit Build 26100 (10.0.26100.3775)
Time: Fri May 16 13:53:58 2025  Windows 11 , 64 bit Build 26100 (10.0.26100.3775) elapsed time: 81.244973 seconds (0d 0h 1m 21s)

---------------  T H R E A D  ---------------

Current thread (0x000001d68f91c2d0):  JavaThread "C2 CompilerThread0" daemon [_thread_in_native, id=59720, stack(0x0000006a80900000,0x0000006a80a00000)]


Current CompileTask:
C2:  81245 5205       4       org.gradle.internal.service.DefaultServiceRegistry$OwnServices::getService (317 bytes)

Stack: [0x0000006a80900000,0x0000006a80a00000]
Native frames: (J=compiled Java code, j=interpreted, Vv=VM code, C=native code)
V  [jvm.dll+0x67a38a]
V  [jvm.dll+0x7da7ed]
V  [jvm.dll+0x7dc133]
V  [jvm.dll+0x7dc7a3]
V  [jvm.dll+0x24517f]
V  [jvm.dll+0xab773]
V  [jvm.dll+0xabd3c]
V  [jvm.dll+0x361dff]
V  [jvm.dll+0x32c521]
V  [jvm.dll+0x32b9ba]
V  [jvm.dll+0x21693f]
V  [jvm.dll+0x215d6f]
V  [jvm.dll+0x1a2950]
V  [jvm.dll+0x22620b]
V  [jvm.dll+0x2243ab]
V  [jvm.dll+0x790bbc]
V  [jvm.dll+0x78b04a]
V  [jvm.dll+0x679275]
C  [ucrtbase.dll+0x37b0]
C  [KERNEL32.DLL+0x2e8d7]
C  [ntdll.dll+0xb14fc]


---------------  P R O C E S S  ---------------

Threads class SMR info:
_java_thread_list=0x000001d68fb39bd0, length=44, elements={
0x000001d6f4e825b0, 0x000001d68f83f970, 0x000001d68f840440, 0x000001d68f917c50,
0x000001d68f91a530, 0x000001d68f91ae00, 0x000001d68f91b6d0, 0x000001d68f91c2d0,
0x000001d68f9221a0, 0x000001d68f922ab0, 0x000001d68fa2b030, 0x000001d68faee540,
0x000001d6ab12b570, 0x000001d6ab01e120, 0x000001d6aa785760, 0x000001d6ab118ba0,
0x000001d6ab3c89e0, 0x000001d6a97f9db0, 0x000001d6a97f8e80, 0x000001d6a97f9390,
0x000001d6a97f7530, 0x000001d6a97face0, 0x000001d6a97f98a0, 0x000001d6a97fa2c0,
0x000001d6a97f8970, 0x000001d6a97fa7d0, 0x000001d6a97f7f50, 0x000001d6a97f8460,
0x000001d6aa3a9170, 0x000001d6aa3a9b90, 0x000001d6aa3a8750, 0x000001d6aa3ab4e0,
0x000001d6aa3aafd0, 0x000001d6aa3a9680, 0x000001d6aa3aaac0, 0x000001d6aa3a7d30,
0x000001d6ad4a5080, 0x000001d6aa3abf00, 0x000001d6aa3ac410, 0x000001d6aa3a8c60,
0x000001d6aa3ae780, 0x000001d6aa3aec90, 0x000001d6aa3ac920, 0x000001d6aa3ace30
}

Java Threads: ( => current thread )
  0x000001d6f4e825b0 JavaThread "main" [_thread_blocked, id=58564, stack(0x0000006affc00000,0x0000006affd00000)]
  0x000001d68f83f970 JavaThread "Reference Handler" daemon [_thread_blocked, id=15200, stack(0x0000006a80300000,0x0000006a80400000)]
  0x000001d68f840440 JavaThread "Finalizer" daemon [_thread_blocked, id=21564, stack(0x0000006a80400000,0x0000006a80500000)]
  0x000001d68f917c50 JavaThread "Signal Dispatcher" daemon [_thread_blocked, id=59148, stack(0x0000006a80500000,0x0000006a80600000)]
  0x000001d68f91a530 JavaThread "Attach Listener" daemon [_thread_blocked, id=57952, stack(0x0000006a80600000,0x0000006a80700000)]
  0x000001d68f91ae00 JavaThread "Service Thread" daemon [_thread_blocked, id=60496, stack(0x0000006a80700000,0x0000006a80800000)]
  0x000001d68f91b6d0 JavaThread "Monitor Deflation Thread" daemon [_thread_blocked, id=54944, stack(0x0000006a80800000,0x0000006a80900000)]
=>0x000001d68f91c2d0 JavaThread "C2 CompilerThread0" daemon [_thread_in_native, id=59720, stack(0x0000006a80900000,0x0000006a80a00000)]
  0x000001d68f9221a0 JavaThread "C1 CompilerThread0" daemon [_thread_blocked, id=15520, stack(0x0000006a80a00000,0x0000006a80b00000)]
  0x000001d68f922ab0 JavaThread "Sweeper thread" daemon [_thread_blocked, id=57184, stack(0x0000006a80b00000,0x0000006a80c00000)]
  0x000001d68fa2b030 JavaThread "Common-Cleaner" daemon [_thread_blocked, id=33732, stack(0x0000006a80c00000,0x0000006a80d00000)]
  0x000001d68faee540 JavaThread "Notification Thread" daemon [_thread_blocked, id=21796, stack(0x0000006a80d00000,0x0000006a80e00000)]
  0x000001d6ab12b570 JavaThread "Daemon health stats" [_thread_blocked, id=53308, stack(0x0000006a81000000,0x0000006a81100000)]
  0x000001d6ab01e120 JavaThread "Incoming local TCP Connector on port 62953" [_thread_in_native, id=59068, stack(0x0000006a80f00000,0x0000006a81000000)]
  0x000001d6aa785760 JavaThread "Daemon periodic checks" [_thread_blocked, id=38416, stack(0x0000006a81600000,0x0000006a81700000)]
  0x000001d6ab118ba0 JavaThread "Daemon" [_thread_blocked, id=42832, stack(0x0000006a81700000,0x0000006a81800000)]
  0x000001d6ab3c89e0 JavaThread "Handler for socket connection from /127.0.0.1:62953 to /127.0.0.1:62954" [_thread_in_native, id=54244, stack(0x0000006a81800000,0x0000006a81900000)]
  0x000001d6a97f9db0 JavaThread "Cancel handler" [_thread_blocked, id=51020, stack(0x0000006a81900000,0x0000006a81a00000)]
  0x000001d6a97f8e80 JavaThread "Daemon worker" [_thread_in_vm, id=42104, stack(0x0000006a81a00000,0x0000006a81b00000)]
  0x000001d6a97f9390 JavaThread "Asynchronous log dispatcher for DefaultDaemonConnection: socket connection from /127.0.0.1:62953 to /127.0.0.1:62954" [_thread_blocked, id=59232, stack(0x0000006a81b00000,0x0000006a81c00000)]
  0x000001d6a97f7530 JavaThread "Stdin handler" [_thread_blocked, id=59728, stack(0x0000006a81c00000,0x0000006a81d00000)]
  0x000001d6a97face0 JavaThread "Daemon client event forwarder" [_thread_blocked, id=46720, stack(0x0000006a81d00000,0x0000006a81e00000)]
  0x000001d6a97f98a0 JavaThread "Cache worker for journal cache (C:\Users\LG\.gradle\caches\journal-1)" [_thread_blocked, id=54396, stack(0x0000006a81e00000,0x0000006a81f00000)]
  0x000001d6a97fa2c0 JavaThread "File lock request listener" [_thread_in_native, id=30552, stack(0x0000006a81f00000,0x0000006a82000000)]
  0x000001d6a97f8970 JavaThread "Cache worker for file hash cache (C:\Users\LG\.gradle\caches\8.13\fileHashes)" [_thread_blocked, id=56732, stack(0x0000006a82000000,0x0000006a82100000)]
  0x000001d6a97fa7d0 JavaThread "Cache worker for file hash cache (C:\Bit\WeatherWeb\backend\.gradle\8.13\fileHashes)" [_thread_blocked, id=38704, stack(0x0000006a82200000,0x0000006a82300000)]
  0x000001d6a97f7f50 JavaThread "Cache worker for Build Output Cleanup Cache (C:\Bit\WeatherWeb\backend\.gradle\buildOutputCleanup)" [_thread_blocked, id=60668, stack(0x0000006a82300000,0x0000006a82400000)]
  0x000001d6a97f8460 JavaThread "File watcher server" daemon [_thread_in_native, id=24552, stack(0x0000006a82800000,0x0000006a82900000)]
  0x000001d6aa3a9170 JavaThread "File watcher consumer" daemon [_thread_blocked, id=51732, stack(0x0000006a82900000,0x0000006a82a00000)]
  0x000001d6aa3a9b90 JavaThread "jar transforms" [_thread_blocked, id=46724, stack(0x0000006a82b00000,0x0000006a82c00000)]
  0x000001d6aa3a8750 JavaThread "jar transforms Thread 2" [_thread_blocked, id=15832, stack(0x0000006a82c00000,0x0000006a82d00000)]
  0x000001d6aa3ab4e0 JavaThread "Cache worker for checksums cache (C:\Bit\WeatherWeb\backend\.gradle\8.13\checksums)" [_thread_blocked, id=60404, stack(0x0000006a82d00000,0x0000006a82e00000)]
  0x000001d6aa3aafd0 JavaThread "Cache worker for file content cache (C:\Users\LG\.gradle\caches\8.13\fileContent)" [_thread_blocked, id=5828, stack(0x0000006a82a00000,0x0000006a82b00000)]
  0x000001d6aa3a9680 JavaThread "Cache worker for cache directory md-supplier (C:\Users\LG\.gradle\caches\8.13\md-supplier)" [_thread_blocked, id=60460, stack(0x0000006a82e00000,0x0000006a82f00000)]
  0x000001d6aa3aaac0 JavaThread "Cache worker for cache directory md-rule (C:\Users\LG\.gradle\caches\8.13\md-rule)" [_thread_blocked, id=60820, stack(0x0000006a82f00000,0x0000006a83000000)]
  0x000001d6aa3a7d30 JavaThread "jar transforms Thread 3" [_thread_blocked, id=59936, stack(0x0000006a83000000,0x0000006a83100000)]
  0x000001d6ad4a5080 JavaThread "C2 CompilerThread1" daemon [_thread_in_native, id=43044, stack(0x0000006a83100000,0x0000006a83200000)]
  0x000001d6aa3abf00 JavaThread "Unconstrained build operations" [_thread_blocked, id=41676, stack(0x0000006a83300000,0x0000006a83400000)]
  0x000001d6aa3ac410 JavaThread "Unconstrained build operations Thread 2" [_thread_blocked, id=21156, stack(0x0000006a83400000,0x0000006a83500000)]
  0x000001d6aa3a8c60 JavaThread "Unconstrained build operations Thread 3" [_thread_blocked, id=59852, stack(0x0000006a83500000,0x0000006a83600000)]
  0x000001d6aa3ae780 JavaThread "Unconstrained build operations Thread 4" [_thread_blocked, id=36416, stack(0x0000006a83600000,0x0000006a83700000)]
  0x000001d6aa3aec90 JavaThread "Unconstrained build operations Thread 5" [_thread_blocked, id=59828, stack(0x0000006a83700000,0x0000006a83800000)]
  0x000001d6aa3ac920 JavaThread "Unconstrained build operations Thread 6" [_thread_blocked, id=54412, stack(0x0000006a83800000,0x0000006a83900000)]
  0x000001d6aa3ace30 JavaThread "Unconstrained build operations Thread 7" [_thread_blocked, id=18404, stack(0x0000006a83900000,0x0000006a83a00000)]

Other Threads:
  0x000001d68f83d020 VMThread "VM Thread" [stack: 0x0000006a80200000,0x0000006a80300000] [id=41092]
  0x000001d6f4ebf5f0 WatcherThread [stack: 0x0000006a80e00000,0x0000006a80f00000] [id=11244]
  0x000001d6f4eb0f00 GCTaskThread "GC Thread#0" [stack: 0x0000006affd00000,0x0000006affe00000] [id=12512]
  0x000001d6a9084050 GCTaskThread "GC Thread#1" [stack: 0x0000006a81100000,0x0000006a81200000] [id=47960]
  0x000001d6a9084310 GCTaskThread "GC Thread#2" [stack: 0x0000006a81200000,0x0000006a81300000] [id=57992]
  0x000001d6a90845d0 GCTaskThread "GC Thread#3" [stack: 0x0000006a81300000,0x0000006a81400000] [id=47528]
  0x000001d6a9438630 GCTaskThread "GC Thread#4" [stack: 0x0000006a81400000,0x0000006a81500000] [id=61176]
  0x000001d6a94388f0 GCTaskThread "GC Thread#5" [stack: 0x0000006a81500000,0x0000006a81600000] [id=56332]
  0x000001d6abf39e80 GCTaskThread "GC Thread#6" [stack: 0x0000006a82400000,0x0000006a82500000] [id=348]
  0x000001d6aabe7690 GCTaskThread "GC Thread#7" [stack: 0x0000006a82500000,0x0000006a82600000] [id=53784]
  0x000001d6f4eb6a30 ConcurrentGCThread "G1 Main Marker" [stack: 0x0000006affe00000,0x0000006afff00000] [id=55544]
  0x000001d6f4eb7350 ConcurrentGCThread "G1 Conc#0" [stack: 0x0000006afff00000,0x0000006b00000000] [id=49040]
  0x000001d68f995af0 ConcurrentGCThread "G1 Conc#1" [stack: 0x0000006a82600000,0x0000006a82700000] [id=56632]
  0x000001d68f6ae120 ConcurrentGCThread "G1 Refine#0" [stack: 0x0000006a80000000,0x0000006a80100000] [id=27700]
  0x000001d68f6ae900 ConcurrentGCThread "G1 Service" [stack: 0x0000006a80100000,0x0000006a80200000] [id=55440]

Threads with active compile tasks:
C2 CompilerThread0    81321 5205       4       org.gradle.internal.service.DefaultServiceRegistry$OwnServices::getService (317 bytes)
C2 CompilerThread1    81321 5513       4       java.lang.invoke.MethodType::makeImpl (109 bytes)

VM state: not at safepoint (normal execution)

VM Mutex/Monitor currently owned by a thread: None

Heap address: 0x00000000e0000000, size: 512 MB, Compressed Oops mode: 32-bit

CDS archive(s) mapped at: [0x000001d690000000-0x000001d690bd0000-0x000001d690bd0000), size 12386304, SharedBaseAddress: 0x000001d690000000, ArchiveRelocationMode: 1.
Compressed class space mapped at: 0x000001d691000000-0x000001d6a5000000, reserved size: 335544320
Narrow klass base: 0x000001d690000000, Narrow klass shift: 0, Narrow klass range: 0x100000000

GC Precious Log:
 CPUs: 8 total, 8 available
 Memory: 7901M
 Large Page Support: Disabled
 NUMA Support: Disabled
 Compressed Oops: Enabled (32-bit)
 Heap Region Size: 1M
 Heap Min Capacity: 256M
 Heap Initial Capacity: 256M
 Heap Max Capacity: 512M
 Pre-touch: Disabled
 Parallel Workers: 8
 Concurrent Workers: 2
 Concurrent Refinement Workers: 8
 Periodic GC: Disabled

Heap:
 garbage-first heap   total 262144K, used 137983K [0x00000000e0000000, 0x0000000100000000)
  region size 1024K, 100 young (102400K), 1 survivors (1024K)
 Metaspace       used 51309K, committed 51840K, reserved 393216K
  class space    used 7074K, committed 7296K, reserved 327680K

Heap Regions: E=young(eden), S=young(survivor), O=old, HS=humongous(starts), HC=humongous(continues), CS=collection set, F=free, OA=open archive, CA=closed archive, TAMS=top-at-mark-start (previous, next)
|   0|0x00000000e0000000, 0x00000000e0100000, 0x00000000e0100000|100%|HS|  |TAMS 0x00000000e0100000, 0x00000000e0000000| Complete 
|   1|0x00000000e0100000, 0x00000000e0200000, 0x00000000e0200000|100%|HC|  |TAMS 0x00000000e0200000, 0x00000000e0100000| Complete 
|   2|0x00000000e0200000, 0x00000000e0300000, 0x00000000e0300000|100%|HC|  |TAMS 0x00000000e0300000, 0x00000000e0200000| Complete 
|   3|0x00000000e0300000, 0x00000000e0400000, 0x00000000e0400000|100%|HS|  |TAMS 0x00000000e0300000, 0x00000000e0300000| Complete 
|   4|0x00000000e0400000, 0x00000000e0500000, 0x00000000e0500000|100%| O|  |TAMS 0x00000000e0500000, 0x00000000e0400000| Untracked 
|   5|0x00000000e0500000, 0x00000000e0600000, 0x00000000e0600000|100%| O|  |TAMS 0x00000000e0600000, 0x00000000e0500000| Untracked 
|   6|0x00000000e0600000, 0x00000000e0700000, 0x00000000e0700000|100%|HS|  |TAMS 0x00000000e0700000, 0x00000000e0600000| Complete 
|   7|0x00000000e0700000, 0x00000000e0800000, 0x00000000e0800000|100%| O|  |TAMS 0x00000000e0800000, 0x00000000e0700000| Untracked 
|   8|0x00000000e0800000, 0x00000000e0900000, 0x00000000e0900000|100%| O|  |TAMS 0x00000000e0900000, 0x00000000e0800000| Untracked 
|   9|0x00000000e0900000, 0x00000000e0a00000, 0x00000000e0a00000|100%| O|  |TAMS 0x00000000e0a00000, 0x00000000e0900000| Untracked 
|  10|0x00000000e0a00000, 0x00000000e0b00000, 0x00000000e0b00000|100%| O|  |TAMS 0x00000000e0b00000, 0x00000000e0a00000| Untracked 
|  11|0x00000000e0b00000, 0x00000000e0c00000, 0x00000000e0c00000|100%| O|  |TAMS 0x00000000e0c00000, 0x00000000e0b00000| Untracked 
|  12|0x00000000e0c00000, 0x00000000e0d00000, 0x00000000e0d00000|100%| O|  |TAMS 0x00000000e0d00000, 0x00000000e0c00000| Untracked 
|  13|0x00000000e0d00000, 0x00000000e0e00000, 0x00000000e0e00000|100%| O|  |TAMS 0x00000000e0e00000, 0x00000000e0d00000| Untracked 
|  14|0x00000000e0e00000, 0x00000000e0f00000, 0x00000000e0f00000|100%| O|  |TAMS 0x00000000e0f00000, 0x00000000e0e00000| Untracked 
|  15|0x00000000e0f00000, 0x00000000e1000000, 0x00000000e1000000|100%| O|  |TAMS 0x00000000e1000000, 0x00000000e0f00000| Untracked 
|  16|0x00000000e1000000, 0x00000000e1100000, 0x00000000e1100000|100%| O|  |TAMS 0x00000000e1100000, 0x00000000e1000000| Untracked 
|  17|0x00000000e1100000, 0x00000000e1200000, 0x00000000e1200000|100%| O|  |TAMS 0x00000000e1200000, 0x00000000e1100000| Untracked 
|  18|0x00000000e1200000, 0x00000000e1300000, 0x00000000e1300000|100%| O|  |TAMS 0x00000000e1300000, 0x00000000e1200000| Untracked 
|  19|0x00000000e1300000, 0x00000000e1400000, 0x00000000e1400000|100%| O|  |TAMS 0x00000000e1400000, 0x00000000e1300000| Untracked 
|  20|0x00000000e1400000, 0x00000000e1500000, 0x00000000e1500000|100%| O|  |TAMS 0x00000000e1500000, 0x00000000e1400000| Untracked 
|  21|0x00000000e1500000, 0x00000000e1600000, 0x00000000e1600000|100%| O|  |TAMS 0x00000000e1600000, 0x00000000e1500000| Untracked 
|  22|0x00000000e1600000, 0x00000000e1700000, 0x00000000e1700000|100%| O|  |TAMS 0x00000000e1700000, 0x00000000e1600000| Untracked 
|  23|0x00000000e1700000, 0x00000000e1800000, 0x00000000e1800000|100%| O|  |TAMS 0x00000000e1800000, 0x00000000e1700000| Untracked 
|  24|0x00000000e1800000, 0x00000000e1900000, 0x00000000e1900000|100%| O|  |TAMS 0x00000000e1900000, 0x00000000e1800000| Untracked 
|  25|0x00000000e1900000, 0x00000000e1a00000, 0x00000000e1a00000|100%| O|  |TAMS 0x00000000e1a00000, 0x00000000e1900000| Untracked 
|  26|0x00000000e1a00000, 0x00000000e1b00000, 0x00000000e1b00000|100%| O|  |TAMS 0x00000000e1b00000, 0x00000000e1a00000| Untracked 
|  27|0x00000000e1b00000, 0x00000000e1c00000, 0x00000000e1c00000|100%| O|  |TAMS 0x00000000e1c00000, 0x00000000e1b00000| Untracked 
|  28|0x00000000e1c00000, 0x00000000e1d00000, 0x00000000e1d00000|100%| O|  |TAMS 0x00000000e1d00000, 0x00000000e1c00000| Untracked 
|  29|0x00000000e1d00000, 0x00000000e1e00000, 0x00000000e1e00000|100%| O|  |TAMS 0x00000000e1e00000, 0x00000000e1d00000| Untracked 
|  30|0x00000000e1e00000, 0x00000000e1f00000, 0x00000000e1f00000|100%| O|  |TAMS 0x00000000e1f00000, 0x00000000e1e00000| Untracked 
|  31|0x00000000e1f00000, 0x00000000e1f18600, 0x00000000e2000000|  9%| O|  |TAMS 0x00000000e1f18600, 0x00000000e1f00000| Untracked 
|  32|0x00000000e2000000, 0x00000000e2100000, 0x00000000e2100000|100%|HS|  |TAMS 0x00000000e2000000, 0x00000000e2000000| Complete 
|  33|0x00000000e2100000, 0x00000000e2200000, 0x00000000e2200000|100%|HS|  |TAMS 0x00000000e2100000, 0x00000000e2100000| Complete 
|  34|0x00000000e2200000, 0x00000000e2300000, 0x00000000e2300000|100%|HS|  |TAMS 0x00000000e2200000, 0x00000000e2200000| Complete 
|  35|0x00000000e2300000, 0x00000000e2400000, 0x00000000e2400000|100%|HC|  |TAMS 0x00000000e2300000, 0x00000000e2300000| Complete 
|  36|0x00000000e2400000, 0x00000000e2500000, 0x00000000e2500000|100%|HS|  |TAMS 0x00000000e2400000, 0x00000000e2400000| Complete 
|  37|0x00000000e2500000, 0x00000000e2600000, 0x00000000e2600000|100%|HC|  |TAMS 0x00000000e2500000, 0x00000000e2500000| Complete 
|  38|0x00000000e2600000, 0x00000000e2600000, 0x00000000e2700000|  0%| F|  |TAMS 0x00000000e2600000, 0x00000000e2600000| Untracked 
|  39|0x00000000e2700000, 0x00000000e2700000, 0x00000000e2800000|  0%| F|  |TAMS 0x00000000e2700000, 0x00000000e2700000| Untracked 
|  40|0x00000000e2800000, 0x00000000e2800000, 0x00000000e2900000|  0%| F|  |TAMS 0x00000000e2800000, 0x00000000e2800000| Untracked 
|  41|0x00000000e2900000, 0x00000000e2900000, 0x00000000e2a00000|  0%| F|  |TAMS 0x00000000e2900000, 0x00000000e2900000| Untracked 
|  42|0x00000000e2a00000, 0x00000000e2a00000, 0x00000000e2b00000|  0%| F|  |TAMS 0x00000000e2a00000, 0x00000000e2a00000| Untracked 
|  43|0x00000000e2b00000, 0x00000000e2b00000, 0x00000000e2c00000|  0%| F|  |TAMS 0x00000000e2b00000, 0x00000000e2b00000| Untracked 
|  44|0x00000000e2c00000, 0x00000000e2c00000, 0x00000000e2d00000|  0%| F|  |TAMS 0x00000000e2c00000, 0x00000000e2c00000| Untracked 
|  45|0x00000000e2d00000, 0x00000000e2d00000, 0x00000000e2e00000|  0%| F|  |TAMS 0x00000000e2d00000, 0x00000000e2d00000| Untracked 
|  46|0x00000000e2e00000, 0x00000000e2e00000, 0x00000000e2f00000|  0%| F|  |TAMS 0x00000000e2e00000, 0x00000000e2e00000| Untracked 
|  47|0x00000000e2f00000, 0x00000000e2f00000, 0x00000000e3000000|  0%| F|  |TAMS 0x00000000e2f00000, 0x00000000e2f00000| Untracked 
|  48|0x00000000e3000000, 0x00000000e3000000, 0x00000000e3100000|  0%| F|  |TAMS 0x00000000e3000000, 0x00000000e3000000| Untracked 
|  49|0x00000000e3100000, 0x00000000e3100000, 0x00000000e3200000|  0%| F|  |TAMS 0x00000000e3100000, 0x00000000e3100000| Untracked 
|  50|0x00000000e3200000, 0x00000000e3200000, 0x00000000e3300000|  0%| F|  |TAMS 0x00000000e3200000, 0x00000000e3200000| Untracked 
|  51|0x00000000e3300000, 0x00000000e3300000, 0x00000000e3400000|  0%| F|  |TAMS 0x00000000e3300000, 0x00000000e3300000| Untracked 
|  52|0x00000000e3400000, 0x00000000e3400000, 0x00000000e3500000|  0%| F|  |TAMS 0x00000000e3400000, 0x00000000e3400000| Untracked 
|  53|0x00000000e3500000, 0x00000000e3500000, 0x00000000e3600000|  0%| F|  |TAMS 0x00000000e3500000, 0x00000000e3500000| Untracked 
|  54|0x00000000e3600000, 0x00000000e3600000, 0x00000000e3700000|  0%| F|  |TAMS 0x00000000e3600000, 0x00000000e3600000| Untracked 
|  55|0x00000000e3700000, 0x00000000e3700000, 0x00000000e3800000|  0%| F|  |TAMS 0x00000000e3700000, 0x00000000e3700000| Untracked 
|  56|0x00000000e3800000, 0x00000000e3800000, 0x00000000e3900000|  0%| F|  |TAMS 0x00000000e3800000, 0x00000000e3800000| Untracked 
|  57|0x00000000e3900000, 0x00000000e3900000, 0x00000000e3a00000|  0%| F|  |TAMS 0x00000000e3900000, 0x00000000e3900000| Untracked 
|  58|0x00000000e3a00000, 0x00000000e3a00000, 0x00000000e3b00000|  0%| F|  |TAMS 0x00000000e3a00000, 0x00000000e3a00000| Untracked 
|  59|0x00000000e3b00000, 0x00000000e3b00000, 0x00000000e3c00000|  0%| F|  |TAMS 0x00000000e3b00000, 0x00000000e3b00000| Untracked 
|  60|0x00000000e3c00000, 0x00000000e3c00000, 0x00000000e3d00000|  0%| F|  |TAMS 0x00000000e3c00000, 0x00000000e3c00000| Untracked 
|  61|0x00000000e3d00000, 0x00000000e3d00000, 0x00000000e3e00000|  0%| F|  |TAMS 0x00000000e3d00000, 0x00000000e3d00000| Untracked 
|  62|0x00000000e3e00000, 0x00000000e3e00000, 0x00000000e3f00000|  0%| F|  |TAMS 0x00000000e3e00000, 0x00000000e3e00000| Untracked 
|  63|0x00000000e3f00000, 0x00000000e3f00000, 0x00000000e4000000|  0%| F|  |TAMS 0x00000000e3f00000, 0x00000000e3f00000| Untracked 
|  64|0x00000000e4000000, 0x00000000e4000000, 0x00000000e4100000|  0%| F|  |TAMS 0x00000000e4000000, 0x00000000e4000000| Untracked 
|  65|0x00000000e4100000, 0x00000000e4100000, 0x00000000e4200000|  0%| F|  |TAMS 0x00000000e4100000, 0x00000000e4100000| Untracked 
|  66|0x00000000e4200000, 0x00000000e4200000, 0x00000000e4300000|  0%| F|  |TAMS 0x00000000e4200000, 0x00000000e4200000| Untracked 
|  67|0x00000000e4300000, 0x00000000e4300000, 0x00000000e4400000|  0%| F|  |TAMS 0x00000000e4300000, 0x00000000e4300000| Untracked 
|  68|0x00000000e4400000, 0x00000000e4400000, 0x00000000e4500000|  0%| F|  |TAMS 0x00000000e4400000, 0x00000000e4400000| Untracked 
|  69|0x00000000e4500000, 0x00000000e4500000, 0x00000000e4600000|  0%| F|  |TAMS 0x00000000e4500000, 0x00000000e4500000| Untracked 
|  70|0x00000000e4600000, 0x00000000e4600000, 0x00000000e4700000|  0%| F|  |TAMS 0x00000000e4600000, 0x00000000e4600000| Untracked 
|  71|0x00000000e4700000, 0x00000000e4700000, 0x00000000e4800000|  0%| F|  |TAMS 0x00000000e4700000, 0x00000000e4700000| Untracked 
|  72|0x00000000e4800000, 0x00000000e4800000, 0x00000000e4900000|  0%| F|  |TAMS 0x00000000e4800000, 0x00000000e4800000| Untracked 
|  73|0x00000000e4900000, 0x00000000e4900000, 0x00000000e4a00000|  0%| F|  |TAMS 0x00000000e4900000, 0x00000000e4900000| Untracked 
|  74|0x00000000e4a00000, 0x00000000e4a00000, 0x00000000e4b00000|  0%| F|  |TAMS 0x00000000e4a00000, 0x00000000e4a00000| Untracked 
|  75|0x00000000e4b00000, 0x00000000e4b00000, 0x00000000e4c00000|  0%| F|  |TAMS 0x00000000e4b00000, 0x00000000e4b00000| Untracked 
|  76|0x00000000e4c00000, 0x00000000e4c00000, 0x00000000e4d00000|  0%| F|  |TAMS 0x00000000e4c00000, 0x00000000e4c00000| Untracked 
|  77|0x00000000e4d00000, 0x00000000e4d00000, 0x00000000e4e00000|  0%| F|  |TAMS 0x00000000e4d00000, 0x00000000e4d00000| Untracked 
|  78|0x00000000e4e00000, 0x00000000e4e00000, 0x00000000e4f00000|  0%| F|  |TAMS 0x00000000e4e00000, 0x00000000e4e00000| Untracked 
|  79|0x00000000e4f00000, 0x00000000e4f00000, 0x00000000e5000000|  0%| F|  |TAMS 0x00000000e4f00000, 0x00000000e4f00000| Untracked 
|  80|0x00000000e5000000, 0x00000000e5000000, 0x00000000e5100000|  0%| F|  |TAMS 0x00000000e5000000, 0x00000000e5000000| Untracked 
|  81|0x00000000e5100000, 0x00000000e5100000, 0x00000000e5200000|  0%| F|  |TAMS 0x00000000e5100000, 0x00000000e5100000| Untracked 
|  82|0x00000000e5200000, 0x00000000e5200000, 0x00000000e5300000|  0%| F|  |TAMS 0x00000000e5200000, 0x00000000e5200000| Untracked 
|  83|0x00000000e5300000, 0x00000000e5300000, 0x00000000e5400000|  0%| F|  |TAMS 0x00000000e5300000, 0x00000000e5300000| Untracked 
|  84|0x00000000e5400000, 0x00000000e5400000, 0x00000000e5500000|  0%| F|  |TAMS 0x00000000e5400000, 0x00000000e5400000| Untracked 
|  85|0x00000000e5500000, 0x00000000e5500000, 0x00000000e5600000|  0%| F|  |TAMS 0x00000000e5500000, 0x00000000e5500000| Untracked 
|  86|0x00000000e5600000, 0x00000000e5600000, 0x00000000e5700000|  0%| F|  |TAMS 0x00000000e5600000, 0x00000000e5600000| Untracked 
|  87|0x00000000e5700000, 0x00000000e5700000, 0x00000000e5800000|  0%| F|  |TAMS 0x00000000e5700000, 0x00000000e5700000| Untracked 
|  88|0x00000000e5800000, 0x00000000e5800000, 0x00000000e5900000|  0%| F|  |TAMS 0x00000000e5800000, 0x00000000e5800000| Untracked 
|  89|0x00000000e5900000, 0x00000000e5900000, 0x00000000e5a00000|  0%| F|  |TAMS 0x00000000e5900000, 0x00000000e5900000| Untracked 
|  90|0x00000000e5a00000, 0x00000000e5a00000, 0x00000000e5b00000|  0%| F|  |TAMS 0x00000000e5a00000, 0x00000000e5a00000| Untracked 
|  91|0x00000000e5b00000, 0x00000000e5b00000, 0x00000000e5c00000|  0%| F|  |TAMS 0x00000000e5b00000, 0x00000000e5b00000| Untracked 
|  92|0x00000000e5c00000, 0x00000000e5c00000, 0x00000000e5d00000|  0%| F|  |TAMS 0x00000000e5c00000, 0x00000000e5c00000| Untracked 
|  93|0x00000000e5d00000, 0x00000000e5d00000, 0x00000000e5e00000|  0%| F|  |TAMS 0x00000000e5d00000, 0x00000000e5d00000| Untracked 
|  94|0x00000000e5e00000, 0x00000000e5e00000, 0x00000000e5f00000|  0%| F|  |TAMS 0x00000000e5e00000, 0x00000000e5e00000| Untracked 
|  95|0x00000000e5f00000, 0x00000000e5f00000, 0x00000000e6000000|  0%| F|  |TAMS 0x00000000e5f00000, 0x00000000e5f00000| Untracked 
|  96|0x00000000e6000000, 0x00000000e6000000, 0x00000000e6100000|  0%| F|  |TAMS 0x00000000e6000000, 0x00000000e6000000| Untracked 
|  97|0x00000000e6100000, 0x00000000e6100000, 0x00000000e6200000|  0%| F|  |TAMS 0x00000000e6100000, 0x00000000e6100000| Untracked 
|  98|0x00000000e6200000, 0x00000000e6200000, 0x00000000e6300000|  0%| F|  |TAMS 0x00000000e6200000, 0x00000000e6200000| Untracked 
|  99|0x00000000e6300000, 0x00000000e6300000, 0x00000000e6400000|  0%| F|  |TAMS 0x00000000e6300000, 0x00000000e6300000| Untracked 
| 100|0x00000000e6400000, 0x00000000e6400000, 0x00000000e6500000|  0%| F|  |TAMS 0x00000000e6400000, 0x00000000e6400000| Untracked 
| 101|0x00000000e6500000, 0x00000000e6500000, 0x00000000e6600000|  0%| F|  |TAMS 0x00000000e6500000, 0x00000000e6500000| Untracked 
| 102|0x00000000e6600000, 0x00000000e6600000, 0x00000000e6700000|  0%| F|  |TAMS 0x00000000e6600000, 0x00000000e6600000| Untracked 
| 103|0x00000000e6700000, 0x00000000e6700000, 0x00000000e6800000|  0%| F|  |TAMS 0x00000000e6700000, 0x00000000e6700000| Untracked 
| 104|0x00000000e6800000, 0x00000000e6800000, 0x00000000e6900000|  0%| F|  |TAMS 0x00000000e6800000, 0x00000000e6800000| Untracked 
| 105|0x00000000e6900000, 0x00000000e6900000, 0x00000000e6a00000|  0%| F|  |TAMS 0x00000000e6900000, 0x00000000e6900000| Untracked 
| 106|0x00000000e6a00000, 0x00000000e6a00000, 0x00000000e6b00000|  0%| F|  |TAMS 0x00000000e6a00000, 0x00000000e6a00000| Untracked 
| 107|0x00000000e6b00000, 0x00000000e6b00000, 0x00000000e6c00000|  0%| F|  |TAMS 0x00000000e6b00000, 0x00000000e6b00000| Untracked 
| 108|0x00000000e6c00000, 0x00000000e6c00000, 0x00000000e6d00000|  0%| F|  |TAMS 0x00000000e6c00000, 0x00000000e6c00000| Untracked 
| 109|0x00000000e6d00000, 0x00000000e6d00000, 0x00000000e6e00000|  0%| F|  |TAMS 0x00000000e6d00000, 0x00000000e6d00000| Untracked 
| 110|0x00000000e6e00000, 0x00000000e6e00000, 0x00000000e6f00000|  0%| F|  |TAMS 0x00000000e6e00000, 0x00000000e6e00000| Untracked 
| 111|0x00000000e6f00000, 0x00000000e6f00000, 0x00000000e7000000|  0%| F|  |TAMS 0x00000000e6f00000, 0x00000000e6f00000| Untracked 
| 112|0x00000000e7000000, 0x00000000e7000000, 0x00000000e7100000|  0%| F|  |TAMS 0x00000000e7000000, 0x00000000e7000000| Untracked 
| 113|0x00000000e7100000, 0x00000000e7100000, 0x00000000e7200000|  0%| F|  |TAMS 0x00000000e7100000, 0x00000000e7100000| Untracked 
| 114|0x00000000e7200000, 0x00000000e7200000, 0x00000000e7300000|  0%| F|  |TAMS 0x00000000e7200000, 0x00000000e7200000| Untracked 
| 115|0x00000000e7300000, 0x00000000e7300000, 0x00000000e7400000|  0%| F|  |TAMS 0x00000000e7300000, 0x00000000e7300000| Untracked 
| 116|0x00000000e7400000, 0x00000000e7400000, 0x00000000e7500000|  0%| F|  |TAMS 0x00000000e7400000, 0x00000000e7400000| Untracked 
| 117|0x00000000e7500000, 0x00000000e7500000, 0x00000000e7600000|  0%| F|  |TAMS 0x00000000e7500000, 0x00000000e7500000| Untracked 
| 118|0x00000000e7600000, 0x00000000e7600000, 0x00000000e7700000|  0%| F|  |TAMS 0x00000000e7600000, 0x00000000e7600000| Untracked 
| 119|0x00000000e7700000, 0x00000000e7700000, 0x00000000e7800000|  0%| F|  |TAMS 0x00000000e7700000, 0x00000000e7700000| Untracked 
| 120|0x00000000e7800000, 0x00000000e7800000, 0x00000000e7900000|  0%| F|  |TAMS 0x00000000e7800000, 0x00000000e7800000| Untracked 
| 121|0x00000000e7900000, 0x00000000e7900000, 0x00000000e7a00000|  0%| F|  |TAMS 0x00000000e7900000, 0x00000000e7900000| Untracked 
| 122|0x00000000e7a00000, 0x00000000e7a00000, 0x00000000e7b00000|  0%| F|  |TAMS 0x00000000e7a00000, 0x00000000e7a00000| Untracked 
| 123|0x00000000e7b00000, 0x00000000e7b00000, 0x00000000e7c00000|  0%| F|  |TAMS 0x00000000e7b00000, 0x00000000e7b00000| Untracked 
| 124|0x00000000e7c00000, 0x00000000e7c00000, 0x00000000e7d00000|  0%| F|  |TAMS 0x00000000e7c00000, 0x00000000e7c00000| Untracked 
| 125|0x00000000e7d00000, 0x00000000e7d00000, 0x00000000e7e00000|  0%| F|  |TAMS 0x00000000e7d00000, 0x00000000e7d00000| Untracked 
| 126|0x00000000e7e00000, 0x00000000e7e00000, 0x00000000e7f00000|  0%| F|  |TAMS 0x00000000e7e00000, 0x00000000e7e00000| Untracked 
| 127|0x00000000e7f00000, 0x00000000e7f00000, 0x00000000e8000000|  0%| F|  |TAMS 0x00000000e7f00000, 0x00000000e7f00000| Untracked 
| 128|0x00000000e8000000, 0x00000000e8000000, 0x00000000e8100000|  0%| F|  |TAMS 0x00000000e8000000, 0x00000000e8000000| Untracked 
| 129|0x00000000e8100000, 0x00000000e8100000, 0x00000000e8200000|  0%| F|  |TAMS 0x00000000e8100000, 0x00000000e8100000| Untracked 
| 130|0x00000000e8200000, 0x00000000e8200000, 0x00000000e8300000|  0%| F|  |TAMS 0x00000000e8200000, 0x00000000e8200000| Untracked 
| 131|0x00000000e8300000, 0x00000000e8300000, 0x00000000e8400000|  0%| F|  |TAMS 0x00000000e8300000, 0x00000000e8300000| Untracked 
| 132|0x00000000e8400000, 0x00000000e8400000, 0x00000000e8500000|  0%| F|  |TAMS 0x00000000e8400000, 0x00000000e8400000| Untracked 
| 133|0x00000000e8500000, 0x00000000e8500000, 0x00000000e8600000|  0%| F|  |TAMS 0x00000000e8500000, 0x00000000e8500000| Untracked 
| 134|0x00000000e8600000, 0x00000000e8600000, 0x00000000e8700000|  0%| F|  |TAMS 0x00000000e8600000, 0x00000000e8600000| Untracked 
| 135|0x00000000e8700000, 0x00000000e8700000, 0x00000000e8800000|  0%| F|  |TAMS 0x00000000e8700000, 0x00000000e8700000| Untracked 
| 136|0x00000000e8800000, 0x00000000e8800000, 0x00000000e8900000|  0%| F|  |TAMS 0x00000000e8800000, 0x00000000e8800000| Untracked 
| 137|0x00000000e8900000, 0x00000000e8900000, 0x00000000e8a00000|  0%| F|  |TAMS 0x00000000e8900000, 0x00000000e8900000| Untracked 
| 138|0x00000000e8a00000, 0x00000000e8a00000, 0x00000000e8b00000|  0%| F|  |TAMS 0x00000000e8a00000, 0x00000000e8a00000| Untracked 
| 139|0x00000000e8b00000, 0x00000000e8b00000, 0x00000000e8c00000|  0%| F|  |TAMS 0x00000000e8b00000, 0x00000000e8b00000| Untracked 
| 140|0x00000000e8c00000, 0x00000000e8c00000, 0x00000000e8d00000|  0%| F|  |TAMS 0x00000000e8c00000, 0x00000000e8c00000| Untracked 
| 141|0x00000000e8d00000, 0x00000000e8d00000, 0x00000000e8e00000|  0%| F|  |TAMS 0x00000000e8d00000, 0x00000000e8d00000| Untracked 
| 142|0x00000000e8e00000, 0x00000000e8e00000, 0x00000000e8f00000|  0%| F|  |TAMS 0x00000000e8e00000, 0x00000000e8e00000| Untracked 
| 143|0x00000000e8f00000, 0x00000000e8f00000, 0x00000000e9000000|  0%| F|  |TAMS 0x00000000e8f00000, 0x00000000e8f00000| Untracked 
| 144|0x00000000e9000000, 0x00000000e9000000, 0x00000000e9100000|  0%| F|  |TAMS 0x00000000e9000000, 0x00000000e9000000| Untracked 
| 145|0x00000000e9100000, 0x00000000e9100000, 0x00000000e9200000|  0%| F|  |TAMS 0x00000000e9100000, 0x00000000e9100000| Untracked 
| 146|0x00000000e9200000, 0x00000000e9200000, 0x00000000e9300000|  0%| F|  |TAMS 0x00000000e9200000, 0x00000000e9200000| Untracked 
| 147|0x00000000e9300000, 0x00000000e9300000, 0x00000000e9400000|  0%| F|  |TAMS 0x00000000e9300000, 0x00000000e9300000| Untracked 
| 148|0x00000000e9400000, 0x00000000e9400000, 0x00000000e9500000|  0%| F|  |TAMS 0x00000000e9400000, 0x00000000e9400000| Untracked 
| 149|0x00000000e9500000, 0x00000000e9500000, 0x00000000e9600000|  0%| F|  |TAMS 0x00000000e9500000, 0x00000000e9500000| Untracked 
| 150|0x00000000e9600000, 0x00000000e9600000, 0x00000000e9700000|  0%| F|  |TAMS 0x00000000e9600000, 0x00000000e9600000| Untracked 
| 151|0x00000000e9700000, 0x00000000e9700000, 0x00000000e9800000|  0%| F|  |TAMS 0x00000000e9700000, 0x00000000e9700000| Untracked 
| 152|0x00000000e9800000, 0x00000000e9800000, 0x00000000e9900000|  0%| F|  |TAMS 0x00000000e9800000, 0x00000000e9800000| Untracked 
| 153|0x00000000e9900000, 0x00000000e9900000, 0x00000000e9a00000|  0%| F|  |TAMS 0x00000000e9900000, 0x00000000e9900000| Untracked 
| 154|0x00000000e9a00000, 0x00000000e9a00000, 0x00000000e9b00000|  0%| F|  |TAMS 0x00000000e9a00000, 0x00000000e9a00000| Untracked 
| 155|0x00000000e9b00000, 0x00000000e9b80800, 0x00000000e9c00000| 50%| E|  |TAMS 0x00000000e9b00000, 0x00000000e9b00000| Complete 
| 156|0x00000000e9c00000, 0x00000000e9d00000, 0x00000000e9d00000|100%| E|CS|TAMS 0x00000000e9c00000, 0x00000000e9c00000| Complete 
| 157|0x00000000e9d00000, 0x00000000e9e00000, 0x00000000e9e00000|100%| E|CS|TAMS 0x00000000e9d00000, 0x00000000e9d00000| Complete 
| 158|0x00000000e9e00000, 0x00000000e9f00000, 0x00000000e9f00000|100%| E|CS|TAMS 0x00000000e9e00000, 0x00000000e9e00000| Complete 
| 159|0x00000000e9f00000, 0x00000000ea000000, 0x00000000ea000000|100%| E|CS|TAMS 0x00000000e9f00000, 0x00000000e9f00000| Complete 
| 160|0x00000000ea000000, 0x00000000ea100000, 0x00000000ea100000|100%| E|CS|TAMS 0x00000000ea000000, 0x00000000ea000000| Complete 
| 161|0x00000000ea100000, 0x00000000ea200000, 0x00000000ea200000|100%| E|CS|TAMS 0x00000000ea100000, 0x00000000ea100000| Complete 
| 162|0x00000000ea200000, 0x00000000ea300000, 0x00000000ea300000|100%| E|CS|TAMS 0x00000000ea200000, 0x00000000ea200000| Complete 
| 163|0x00000000ea300000, 0x00000000ea400000, 0x00000000ea400000|100%| E|CS|TAMS 0x00000000ea300000, 0x00000000ea300000| Complete 
| 164|0x00000000ea400000, 0x00000000ea500000, 0x00000000ea500000|100%| E|CS|TAMS 0x00000000ea400000, 0x00000000ea400000| Complete 
| 165|0x00000000ea500000, 0x00000000ea600000, 0x00000000ea600000|100%| E|CS|TAMS 0x00000000ea500000, 0x00000000ea500000| Complete 
| 166|0x00000000ea600000, 0x00000000ea700000, 0x00000000ea700000|100%| E|CS|TAMS 0x00000000ea600000, 0x00000000ea600000| Complete 
| 167|0x00000000ea700000, 0x00000000ea800000, 0x00000000ea800000|100%| E|CS|TAMS 0x00000000ea700000, 0x00000000ea700000| Complete 
| 168|0x00000000ea800000, 0x00000000ea900000, 0x00000000ea900000|100%| E|CS|TAMS 0x00000000ea800000, 0x00000000ea800000| Complete 
| 169|0x00000000ea900000, 0x00000000eaa00000, 0x00000000eaa00000|100%| E|CS|TAMS 0x00000000ea900000, 0x00000000ea900000| Complete 
| 170|0x00000000eaa00000, 0x00000000eab00000, 0x00000000eab00000|100%| E|CS|TAMS 0x00000000eaa00000, 0x00000000eaa00000| Complete 
| 171|0x00000000eab00000, 0x00000000eac00000, 0x00000000eac00000|100%| E|CS|TAMS 0x00000000eab00000, 0x00000000eab00000| Complete 
| 172|0x00000000eac00000, 0x00000000ead00000, 0x00000000ead00000|100%| E|CS|TAMS 0x00000000eac00000, 0x00000000eac00000| Complete 
| 173|0x00000000ead00000, 0x00000000eae00000, 0x00000000eae00000|100%| E|CS|TAMS 0x00000000ead00000, 0x00000000ead00000| Complete 
| 174|0x00000000eae00000, 0x00000000eaf00000, 0x00000000eaf00000|100%| E|CS|TAMS 0x00000000eae00000, 0x00000000eae00000| Complete 
| 175|0x00000000eaf00000, 0x00000000eb000000, 0x00000000eb000000|100%| E|CS|TAMS 0x00000000eaf00000, 0x00000000eaf00000| Complete 
| 176|0x00000000eb000000, 0x00000000eb100000, 0x00000000eb100000|100%| E|CS|TAMS 0x00000000eb000000, 0x00000000eb000000| Complete 
| 177|0x00000000eb100000, 0x00000000eb200000, 0x00000000eb200000|100%| E|CS|TAMS 0x00000000eb100000, 0x00000000eb100000| Complete 
| 178|0x00000000eb200000, 0x00000000eb300000, 0x00000000eb300000|100%| E|CS|TAMS 0x00000000eb200000, 0x00000000eb200000| Complete 
| 179|0x00000000eb300000, 0x00000000eb400000, 0x00000000eb400000|100%| E|CS|TAMS 0x00000000eb300000, 0x00000000eb300000| Complete 
| 180|0x00000000eb400000, 0x00000000eb500000, 0x00000000eb500000|100%| E|CS|TAMS 0x00000000eb400000, 0x00000000eb400000| Complete 
| 181|0x00000000eb500000, 0x00000000eb600000, 0x00000000eb600000|100%| E|CS|TAMS 0x00000000eb500000, 0x00000000eb500000| Complete 
| 182|0x00000000eb600000, 0x00000000eb700000, 0x00000000eb700000|100%| E|CS|TAMS 0x00000000eb600000, 0x00000000eb600000| Complete 
| 183|0x00000000eb700000, 0x00000000eb800000, 0x00000000eb800000|100%| E|CS|TAMS 0x00000000eb700000, 0x00000000eb700000| Complete 
| 184|0x00000000eb800000, 0x00000000eb900000, 0x00000000eb900000|100%| E|CS|TAMS 0x00000000eb800000, 0x00000000eb800000| Complete 
| 185|0x00000000eb900000, 0x00000000eba00000, 0x00000000eba00000|100%| E|CS|TAMS 0x00000000eb900000, 0x00000000eb900000| Complete 
| 186|0x00000000eba00000, 0x00000000ebb00000, 0x00000000ebb00000|100%| E|CS|TAMS 0x00000000eba00000, 0x00000000eba00000| Complete 
| 187|0x00000000ebb00000, 0x00000000ebc00000, 0x00000000ebc00000|100%| E|CS|TAMS 0x00000000ebb00000, 0x00000000ebb00000| Complete 
| 188|0x00000000ebc00000, 0x00000000ebd00000, 0x00000000ebd00000|100%| E|CS|TAMS 0x00000000ebc00000, 0x00000000ebc00000| Complete 
| 189|0x00000000ebd00000, 0x00000000ebe00000, 0x00000000ebe00000|100%| E|CS|TAMS 0x00000000ebd00000, 0x00000000ebd00000| Complete 
| 190|0x00000000ebe00000, 0x00000000ebf00000, 0x00000000ebf00000|100%| E|CS|TAMS 0x00000000ebe00000, 0x00000000ebe00000| Complete 
| 191|0x00000000ebf00000, 0x00000000ec000000, 0x00000000ec000000|100%| E|CS|TAMS 0x00000000ebf00000, 0x00000000ebf00000| Complete 
| 192|0x00000000ec000000, 0x00000000ec100000, 0x00000000ec100000|100%| E|CS|TAMS 0x00000000ec000000, 0x00000000ec000000| Complete 
| 193|0x00000000ec100000, 0x00000000ec200000, 0x00000000ec200000|100%| E|CS|TAMS 0x00000000ec100000, 0x00000000ec100000| Complete 
| 194|0x00000000ec200000, 0x00000000ec300000, 0x00000000ec300000|100%| E|CS|TAMS 0x00000000ec200000, 0x00000000ec200000| Complete 
| 195|0x00000000ec300000, 0x00000000ec400000, 0x00000000ec400000|100%| E|CS|TAMS 0x00000000ec300000, 0x00000000ec300000| Complete 
| 196|0x00000000ec400000, 0x00000000ec500000, 0x00000000ec500000|100%| E|CS|TAMS 0x00000000ec400000, 0x00000000ec400000| Complete 
| 197|0x00000000ec500000, 0x00000000ec600000, 0x00000000ec600000|100%| E|CS|TAMS 0x00000000ec500000, 0x00000000ec500000| Complete 
| 198|0x00000000ec600000, 0x00000000ec700000, 0x00000000ec700000|100%| E|CS|TAMS 0x00000000ec600000, 0x00000000ec600000| Complete 
| 199|0x00000000ec700000, 0x00000000ec800000, 0x00000000ec800000|100%| E|CS|TAMS 0x00000000ec700000, 0x00000000ec700000| Complete 
| 200|0x00000000ec800000, 0x00000000ec900000, 0x00000000ec900000|100%| E|CS|TAMS 0x00000000ec800000, 0x00000000ec800000| Complete 
| 201|0x00000000ec900000, 0x00000000eca00000, 0x00000000eca00000|100%| E|CS|TAMS 0x00000000ec900000, 0x00000000ec900000| Complete 
| 202|0x00000000eca00000, 0x00000000ecb00000, 0x00000000ecb00000|100%| E|CS|TAMS 0x00000000eca00000, 0x00000000eca00000| Complete 
| 203|0x00000000ecb00000, 0x00000000ecc00000, 0x00000000ecc00000|100%| E|CS|TAMS 0x00000000ecb00000, 0x00000000ecb00000| Complete 
| 204|0x00000000ecc00000, 0x00000000ecd00000, 0x00000000ecd00000|100%| E|CS|TAMS 0x00000000ecc00000, 0x00000000ecc00000| Complete 
| 205|0x00000000ecd00000, 0x00000000ece00000, 0x00000000ece00000|100%| E|CS|TAMS 0x00000000ecd00000, 0x00000000ecd00000| Complete 
| 206|0x00000000ece00000, 0x00000000ecf00000, 0x00000000ecf00000|100%| E|CS|TAMS 0x00000000ece00000, 0x00000000ece00000| Complete 
| 207|0x00000000ecf00000, 0x00000000ed000000, 0x00000000ed000000|100%| E|CS|TAMS 0x00000000ecf00000, 0x00000000ecf00000| Complete 
| 208|0x00000000ed000000, 0x00000000ed100000, 0x00000000ed100000|100%| E|CS|TAMS 0x00000000ed000000, 0x00000000ed000000| Complete 
| 209|0x00000000ed100000, 0x00000000ed200000, 0x00000000ed200000|100%| E|CS|TAMS 0x00000000ed100000, 0x00000000ed100000| Complete 
| 210|0x00000000ed200000, 0x00000000ed300000, 0x00000000ed300000|100%| E|CS|TAMS 0x00000000ed200000, 0x00000000ed200000| Complete 
| 211|0x00000000ed300000, 0x00000000ed400000, 0x00000000ed400000|100%| E|CS|TAMS 0x00000000ed300000, 0x00000000ed300000| Complete 
| 212|0x00000000ed400000, 0x00000000ed500000, 0x00000000ed500000|100%| E|CS|TAMS 0x00000000ed400000, 0x00000000ed400000| Complete 
| 213|0x00000000ed500000, 0x00000000ed600000, 0x00000000ed600000|100%| E|CS|TAMS 0x00000000ed500000, 0x00000000ed500000| Complete 
| 214|0x00000000ed600000, 0x00000000ed700000, 0x00000000ed700000|100%| E|CS|TAMS 0x00000000ed600000, 0x00000000ed600000| Complete 
| 215|0x00000000ed700000, 0x00000000ed800000, 0x00000000ed800000|100%| E|CS|TAMS 0x00000000ed700000, 0x00000000ed700000| Complete 
| 216|0x00000000ed800000, 0x00000000ed900000, 0x00000000ed900000|100%| E|CS|TAMS 0x00000000ed800000, 0x00000000ed800000| Complete 
| 217|0x00000000ed900000, 0x00000000eda00000, 0x00000000eda00000|100%| E|CS|TAMS 0x00000000ed900000, 0x00000000ed900000| Complete 
| 218|0x00000000eda00000, 0x00000000edb00000, 0x00000000edb00000|100%| E|CS|TAMS 0x00000000eda00000, 0x00000000eda00000| Complete 
| 219|0x00000000edb00000, 0x00000000edc00000, 0x00000000edc00000|100%| E|CS|TAMS 0x00000000edb00000, 0x00000000edb00000| Complete 
| 220|0x00000000edc00000, 0x00000000edd00000, 0x00000000edd00000|100%| E|CS|TAMS 0x00000000edc00000, 0x00000000edc00000| Complete 
| 221|0x00000000edd00000, 0x00000000ede00000, 0x00000000ede00000|100%| E|CS|TAMS 0x00000000edd00000, 0x00000000edd00000| Complete 
| 222|0x00000000ede00000, 0x00000000edf00000, 0x00000000edf00000|100%| E|CS|TAMS 0x00000000ede00000, 0x00000000ede00000| Complete 
| 223|0x00000000edf00000, 0x00000000ee000000, 0x00000000ee000000|100%| E|CS|TAMS 0x00000000edf00000, 0x00000000edf00000| Complete 
| 224|0x00000000ee000000, 0x00000000ee100000, 0x00000000ee100000|100%| E|CS|TAMS 0x00000000ee000000, 0x00000000ee000000| Complete 
| 225|0x00000000ee100000, 0x00000000ee200000, 0x00000000ee200000|100%| E|CS|TAMS 0x00000000ee100000, 0x00000000ee100000| Complete 
| 226|0x00000000ee200000, 0x00000000ee300000, 0x00000000ee300000|100%| E|CS|TAMS 0x00000000ee200000, 0x00000000ee200000| Complete 
| 227|0x00000000ee300000, 0x00000000ee400000, 0x00000000ee400000|100%| E|CS|TAMS 0x00000000ee300000, 0x00000000ee300000| Complete 
| 228|0x00000000ee400000, 0x00000000ee500000, 0x00000000ee500000|100%| E|CS|TAMS 0x00000000ee400000, 0x00000000ee400000| Complete 
| 229|0x00000000ee500000, 0x00000000ee600000, 0x00000000ee600000|100%| E|CS|TAMS 0x00000000ee500000, 0x00000000ee500000| Complete 
| 230|0x00000000ee600000, 0x00000000ee700000, 0x00000000ee700000|100%| E|  |TAMS 0x00000000ee600000, 0x00000000ee600000| Complete 
| 231|0x00000000ee700000, 0x00000000ee800000, 0x00000000ee800000|100%| E|CS|TAMS 0x00000000ee700000, 0x00000000ee700000| Complete 
| 232|0x00000000ee800000, 0x00000000ee900000, 0x00000000ee900000|100%| E|CS|TAMS 0x00000000ee800000, 0x00000000ee800000| Complete 
| 233|0x00000000ee900000, 0x00000000eea00000, 0x00000000eea00000|100%| E|CS|TAMS 0x00000000ee900000, 0x00000000ee900000| Complete 
| 234|0x00000000eea00000, 0x00000000eeb00000, 0x00000000eeb00000|100%| E|CS|TAMS 0x00000000eea00000, 0x00000000eea00000| Complete 
| 235|0x00000000eeb00000, 0x00000000eec00000, 0x00000000eec00000|100%| E|CS|TAMS 0x00000000eeb00000, 0x00000000eeb00000| Complete 
| 236|0x00000000eec00000, 0x00000000eed00000, 0x00000000eed00000|100%| E|CS|TAMS 0x00000000eec00000, 0x00000000eec00000| Complete 
| 237|0x00000000eed00000, 0x00000000eee00000, 0x00000000eee00000|100%| E|CS|TAMS 0x00000000eed00000, 0x00000000eed00000| Complete 
| 238|0x00000000eee00000, 0x00000000eef00000, 0x00000000eef00000|100%| E|CS|TAMS 0x00000000eee00000, 0x00000000eee00000| Complete 
| 239|0x00000000eef00000, 0x00000000ef000000, 0x00000000ef000000|100%| E|CS|TAMS 0x00000000eef00000, 0x00000000eef00000| Complete 
| 240|0x00000000ef000000, 0x00000000ef100000, 0x00000000ef100000|100%| E|CS|TAMS 0x00000000ef000000, 0x00000000ef000000| Complete 
| 241|0x00000000ef100000, 0x00000000ef200000, 0x00000000ef200000|100%| E|CS|TAMS 0x00000000ef100000, 0x00000000ef100000| Complete 
| 242|0x00000000ef200000, 0x00000000ef300000, 0x00000000ef300000|100%| E|CS|TAMS 0x00000000ef200000, 0x00000000ef200000| Complete 
| 243|0x00000000ef300000, 0x00000000ef400000, 0x00000000ef400000|100%| E|CS|TAMS 0x00000000ef300000, 0x00000000ef300000| Complete 
| 244|0x00000000ef400000, 0x00000000ef500000, 0x00000000ef500000|100%| E|CS|TAMS 0x00000000ef400000, 0x00000000ef400000| Complete 
| 245|0x00000000ef500000, 0x00000000ef600000, 0x00000000ef600000|100%| E|CS|TAMS 0x00000000ef500000, 0x00000000ef500000| Complete 
| 246|0x00000000ef600000, 0x00000000ef700000, 0x00000000ef700000|100%| E|CS|TAMS 0x00000000ef600000, 0x00000000ef600000| Complete 
| 247|0x00000000ef700000, 0x00000000ef800000, 0x00000000ef800000|100%| E|CS|TAMS 0x00000000ef700000, 0x00000000ef700000| Complete 
| 248|0x00000000ef800000, 0x00000000ef900000, 0x00000000ef900000|100%| E|CS|TAMS 0x00000000ef800000, 0x00000000ef800000| Complete 
| 249|0x00000000ef900000, 0x00000000efa00000, 0x00000000efa00000|100%| E|CS|TAMS 0x00000000ef900000, 0x00000000ef900000| Complete 
| 250|0x00000000efa00000, 0x00000000efaa7700, 0x00000000efb00000| 65%| S|CS|TAMS 0x00000000efa00000, 0x00000000efa00000| Complete 
| 251|0x00000000efb00000, 0x00000000efc00000, 0x00000000efc00000|100%| E|CS|TAMS 0x00000000efb00000, 0x00000000efb00000| Complete 
| 252|0x00000000efc00000, 0x00000000efd00000, 0x00000000efd00000|100%| E|CS|TAMS 0x00000000efc00000, 0x00000000efc00000| Complete 
| 253|0x00000000efd00000, 0x00000000efe00000, 0x00000000efe00000|100%| E|CS|TAMS 0x00000000efd00000, 0x00000000efd00000| Complete 
| 254|0x00000000efe00000, 0x00000000eff00000, 0x00000000eff00000|100%| E|CS|TAMS 0x00000000efe00000, 0x00000000efe00000| Complete 
| 255|0x00000000eff00000, 0x00000000f0000000, 0x00000000f0000000|100%| E|CS|TAMS 0x00000000eff00000, 0x00000000eff00000| Complete 

Card table byte_map: [0x000001d6fcb90000,0x000001d6fcc90000] _byte_map_base: 0x000001d6fc490000

Marking Bits (Prev, Next): (CMBitMap*) 0x000001d6f4eb1430, (CMBitMap*) 0x000001d6f4eb1470
 Prev Bits: [0x000001d6fcd90000, 0x000001d6fd590000)
 Next Bits: [0x000001d6fd590000, 0x000001d6fdd90000)

Polling page: 0x000001d6f4650000

Metaspace:

Usage:
  Non-class:     43.23 MB used.
      Class:      6.92 MB used.
       Both:     50.15 MB used.

Virtual space:
  Non-class space:       64.00 MB reserved,      43.50 MB ( 68%) committed,  1 nodes.
      Class space:      320.00 MB reserved,       7.12 MB (  2%) committed,  1 nodes.
             Both:      384.00 MB reserved,      50.62 MB ( 13%) committed. 

Chunk freelists:
   Non-Class:  4.44 MB
       Class:  8.88 MB
        Both:  13.31 MB

MaxMetaspaceSize: 384.00 MB
CompressedClassSpaceSize: 320.00 MB
Initial GC threshold: 21.00 MB
Current GC threshold: 59.31 MB
CDS: on
MetaspaceReclaimPolicy: balanced
 - commit_granule_bytes: 65536.
 - commit_granule_words: 8192.
 - virtual_space_node_default_size: 8388608.
 - enlarge_chunks_in_place: 1.
 - new_chunks_are_fully_committed: 0.
 - uncommit_free_chunks: 1.
 - use_allocation_guard: 0.
 - handle_deallocations: 1.


Internal statistics:

num_allocs_failed_limit: 9.
num_arena_births: 528.
num_arena_deaths: 0.
num_vsnodes_births: 2.
num_vsnodes_deaths: 0.
num_space_committed: 810.
num_space_uncommitted: 0.
num_chunks_returned_to_freelist: 9.
num_chunks_taken_from_freelist: 2382.
num_chunk_merges: 9.
num_chunk_splits: 1567.
num_chunks_enlarged: 1086.
num_inconsistent_stats: 0.

CodeHeap 'non-profiled nmethods': size=120000Kb used=2739Kb max_used=2911Kb free=117260Kb
 bounds [0x000001d687ad0000, 0x000001d687db0000, 0x000001d68f000000]
CodeHeap 'profiled nmethods': size=120000Kb used=9518Kb max_used=9626Kb free=110481Kb
 bounds [0x000001d680000000, 0x000001d680980000, 0x000001d687530000]
CodeHeap 'non-nmethods': size=5760Kb used=2385Kb max_used=2408Kb free=3374Kb
 bounds [0x000001d687530000, 0x000001d6877a0000, 0x000001d687ad0000]
 total_blobs=5703 nmethods=4808 adapters=807
 compilation: enabled
              stopped_count=0, restarted_count=0
 full_count=0

Compilation events (20 events):
Event: 80.220 Thread 0x000001d68f9221a0 5526       1       java.lang.Thread::isInterrupted (5 bytes)
Event: 80.220 Thread 0x000001d68f9221a0 nmethod 5526 0x000001d687c04b10 code [0x000001d687c04ca0, 0x000001d687c04d78]
Event: 80.222 Thread 0x000001d68f9221a0 5527       1       java.lang.ThreadLocal::initialValue (2 bytes)
Event: 80.222 Thread 0x000001d68f9221a0 nmethod 5527 0x000001d687c04810 code [0x000001d687c049a0, 0x000001d687c04a78]
Event: 80.222 Thread 0x000001d68f9221a0 5528       3       sun.nio.fs.WindowsPath::getNameCount (10 bytes)
Event: 80.222 Thread 0x000001d68f9221a0 nmethod 5528 0x000001d680042690 code [0x000001d680042840, 0x000001d680042988]
Event: 80.222 Thread 0x000001d68f9221a0 5529       3       org.gradle.internal.operations.CurrentBuildOperationRef::get (11 bytes)
Event: 80.223 Thread 0x000001d68f9221a0 nmethod 5529 0x000001d680042110 code [0x000001d6800422c0, 0x000001d6800425a8]
Event: 80.223 Thread 0x000001d68f9221a0 5530       3       java.util.concurrent.locks.AbstractQueuedSynchronizer$ConditionObject::signal (34 bytes)
Event: 80.223 Thread 0x000001d68f9221a0 nmethod 5530 0x000001d680041a90 code [0x000001d680041c60, 0x000001d680041fa8]
Event: 80.225 Thread 0x000001d68f9221a0 5531       3       java.math.BigInteger::<init> (93 bytes)
Event: 80.226 Thread 0x000001d68f9221a0 nmethod 5531 0x000001d680040b90 code [0x000001d680040de0, 0x000001d680041708]
Event: 80.235 Thread 0x000001d68f9221a0 5532       3       org.gradle.internal.logging.sink.OutputEventRenderer::onOutput (82 bytes)
Event: 80.238 Thread 0x000001d68f9221a0 nmethod 5532 0x000001d68003fa10 code [0x000001d68003fc60, 0x000001d680040918]
Event: 80.238 Thread 0x000001d68f9221a0 5533       3       org.gradle.internal.logging.sink.OutputEventTransformer::onOutput (369 bytes)
Event: 80.241 Thread 0x000001d68f9221a0 nmethod 5533 0x000001d68002d510 code [0x000001d68002d9a0, 0x000001d6800307b8]
Event: 80.242 Thread 0x000001d68f9221a0 5535       3       org.gradle.internal.logging.sink.OutputEventListenerManager$1::onOutput (33 bytes)
Event: 80.243 Thread 0x000001d68f9221a0 nmethod 5535 0x000001d68003f390 code [0x000001d68003f540, 0x000001d68003f878]
Event: 80.423 Thread 0x000001d68f9221a0 5536       3       java.util.concurrent.ScheduledThreadPoolExecutor::canRunInCurrentRunState (61 bytes)
Event: 80.423 Thread 0x000001d68f9221a0 nmethod 5536 0x000001d68002c890 code [0x000001d68002caa0, 0x000001d68002d2a8]

GC Heap History (14 events):
Event: 0.624 GC heap before
{Heap before GC invocations=0 (full 0):
 garbage-first heap   total 262144K, used 22528K [0x00000000e0000000, 0x0000000100000000)
  region size 1024K, 23 young (23552K), 0 survivors (0K)
 Metaspace       used 1111K, committed 1280K, reserved 393216K
  class space    used 77K, committed 128K, reserved 327680K
}
Event: 0.627 GC heap after
{Heap after GC invocations=1 (full 0):
 garbage-first heap   total 262144K, used 2559K [0x00000000e0000000, 0x0000000100000000)
  region size 1024K, 3 young (3072K), 3 survivors (3072K)
 Metaspace       used 1111K, committed 1280K, reserved 393216K
  class space    used 77K, committed 128K, reserved 327680K
}
Event: 1.464 GC heap before
{Heap before GC invocations=1 (full 0):
 garbage-first heap   total 262144K, used 39423K [0x00000000e0000000, 0x0000000100000000)
  region size 1024K, 37 young (37888K), 3 survivors (3072K)
 Metaspace       used 4440K, committed 4608K, reserved 393216K
  class space    used 552K, committed 640K, reserved 327680K
}
Event: 1.470 GC heap after
{Heap after GC invocations=2 (full 0):
 garbage-first heap   total 262144K, used 11199K [0x00000000e0000000, 0x0000000100000000)
  region size 1024K, 5 young (5120K), 5 survivors (5120K)
 Metaspace       used 4440K, committed 4608K, reserved 393216K
  class space    used 552K, committed 640K, reserved 327680K
}
Event: 2.183 GC heap before
{Heap before GC invocations=2 (full 0):
 garbage-first heap   total 262144K, used 58303K [0x00000000e0000000, 0x0000000100000000)
  region size 1024K, 49 young (50176K), 5 survivors (5120K)
 Metaspace       used 4784K, committed 4992K, reserved 393216K
  class space    used 607K, committed 704K, reserved 327680K
}
Event: 2.189 GC heap after
{Heap after GC invocations=3 (full 0):
 garbage-first heap   total 262144K, used 16511K [0x00000000e0000000, 0x0000000100000000)
  region size 1024K, 5 young (5120K), 5 survivors (5120K)
 Metaspace       used 4784K, committed 4992K, reserved 393216K
  class space    used 607K, committed 704K, reserved 327680K
}
Event: 6.036 GC heap before
{Heap before GC invocations=3 (full 0):
 garbage-first heap   total 262144K, used 124031K [0x00000000e0000000, 0x0000000100000000)
  region size 1024K, 111 young (113664K), 5 survivors (5120K)
 Metaspace       used 21148K, committed 21504K, reserved 393216K
  class space    used 3071K, committed 3264K, reserved 327680K
}
Event: 6.049 GC heap after
{Heap after GC invocations=4 (full 0):
 garbage-first heap   total 262144K, used 24057K [0x00000000e0000000, 0x0000000100000000)
  region size 1024K, 12 young (12288K), 12 survivors (12288K)
 Metaspace       used 21148K, committed 21504K, reserved 393216K
  class space    used 3071K, committed 3264K, reserved 327680K
}
Event: 74.063 GC heap before
{Heap before GC invocations=5 (full 0):
 garbage-first heap   total 262144K, used 141817K [0x00000000e0000000, 0x0000000100000000)
  region size 1024K, 129 young (132096K), 12 survivors (12288K)
 Metaspace       used 35553K, committed 35968K, reserved 393216K
  class space    used 5022K, committed 5248K, reserved 327680K
}
Event: 74.092 GC heap after
{Heap after GC invocations=6 (full 0):
 garbage-first heap   total 262144K, used 32477K [0x00000000e0000000, 0x0000000100000000)
  region size 1024K, 16 young (16384K), 16 survivors (16384K)
 Metaspace       used 35553K, committed 35968K, reserved 393216K
  class space    used 5022K, committed 5248K, reserved 327680K
}
Event: 74.136 GC heap before
{Heap before GC invocations=6 (full 0):
 garbage-first heap   total 262144K, used 33501K [0x00000000e0000000, 0x0000000100000000)
  region size 1024K, 17 young (17408K), 16 survivors (16384K)
 Metaspace       used 35656K, committed 36096K, reserved 393216K
  class space    used 5043K, committed 5248K, reserved 327680K
}
Event: 74.154 GC heap after
{Heap after GC invocations=7 (full 0):
 garbage-first heap   total 262144K, used 32811K [0x00000000e0000000, 0x0000000100000000)
  region size 1024K, 2 young (2048K), 2 survivors (2048K)
 Metaspace       used 35656K, committed 36096K, reserved 393216K
  class space    used 5043K, committed 5248K, reserved 327680K
}
Event: 74.396 GC heap before
{Heap before GC invocations=7 (full 0):
 garbage-first heap   total 262144K, used 34859K [0x00000000e0000000, 0x0000000100000000)
  region size 1024K, 5 young (5120K), 2 survivors (2048K)
 Metaspace       used 35903K, committed 36288K, reserved 393216K
  class space    used 5090K, committed 5312K, reserved 327680K
}
Event: 74.400 GC heap after
{Heap after GC invocations=8 (full 0):
 garbage-first heap   total 262144K, used 31487K [0x00000000e0000000, 0x0000000100000000)
  region size 1024K, 1 young (1024K), 1 survivors (1024K)
 Metaspace       used 35903K, committed 36288K, reserved 393216K
  class space    used 5090K, committed 5312K, reserved 327680K
}

Deoptimization events (20 events):
Event: 79.896 Thread 0x000001d6a97f8e80 DEOPT PACKING pc=0x000001d680080932 sp=0x0000006a81af8680
Event: 79.896 Thread 0x000001d6a97f8e80 DEOPT UNPACKING pc=0x000001d6875866e3 sp=0x0000006a81af7b90 mode 0
Event: 80.196 Thread 0x000001d6aa3ac410 Uncommon trap: trap_request=0xffffffde fr.pc=0x000001d687bd3fc8 relative=0x0000000000001628
Event: 80.196 Thread 0x000001d6aa3ac410 Uncommon trap: reason=class_check action=maybe_recompile pc=0x000001d687bd3fc8 method=java.util.concurrent.ConcurrentHashMap.putVal(Ljava/lang/Object;Ljava/lang/Object;Z)Ljava/lang/Object; @ 159 c2
Event: 80.196 Thread 0x000001d6aa3ac410 DEOPT PACKING pc=0x000001d687bd3fc8 sp=0x0000006a834fe3b0
Event: 80.196 Thread 0x000001d6aa3ac410 DEOPT UNPACKING pc=0x000001d687585ba3 sp=0x0000006a834fe330 mode 2
Event: 80.196 Thread 0x000001d6aa3ac410 Uncommon trap: trap_request=0xffffff54 fr.pc=0x000001d687c985f0 relative=0x0000000000004d90
Event: 80.196 Thread 0x000001d6aa3ac410 Uncommon trap: reason=speculate_null_assert action=make_not_entrant pc=0x000001d687c985f0 method=java.lang.invoke.MethodType$ConcurrentWeakInternSet.add(Ljava/lang/Object;)Ljava/lang/Object; @ 47 c2
Event: 80.196 Thread 0x000001d6aa3ac410 DEOPT PACKING pc=0x000001d687c985f0 sp=0x0000006a834fe460
Event: 80.196 Thread 0x000001d6aa3ac410 DEOPT UNPACKING pc=0x000001d687585ba3 sp=0x0000006a834fe3f8 mode 2
Event: 80.204 Thread 0x000001d6aa3ace30 Uncommon trap: trap_request=0xffffff45 fr.pc=0x000001d687bd3cd8 relative=0x0000000000001338
Event: 80.204 Thread 0x000001d6aa3ace30 Uncommon trap: reason=unstable_if action=reinterpret pc=0x000001d687bd3cd8 method=java.util.concurrent.ConcurrentHashMap.addCount(JI)V @ 34 c2
Event: 80.204 Thread 0x000001d6aa3ace30 DEOPT PACKING pc=0x000001d687bd3cd8 sp=0x0000006a839fe450
Event: 80.204 Thread 0x000001d6aa3ace30 DEOPT UNPACKING pc=0x000001d687585ba3 sp=0x0000006a839fe310 mode 2
Event: 80.204 Thread 0x000001d6aa3a8c60 Uncommon trap: trap_request=0xffffff45 fr.pc=0x000001d687ba0f98 relative=0x0000000000000158
Event: 80.204 Thread 0x000001d6aa3a8c60 Uncommon trap: reason=unstable_if action=reinterpret pc=0x000001d687ba0f98 method=java.util.concurrent.ConcurrentHashMap.addCount(JI)V @ 7 c2
Event: 80.204 Thread 0x000001d6aa3a8c60 DEOPT PACKING pc=0x000001d687ba0f98 sp=0x0000006a835fe6b0
Event: 80.204 Thread 0x000001d6aa3a8c60 DEOPT UNPACKING pc=0x000001d687585ba3 sp=0x0000006a835fe610 mode 2
Event: 80.215 Thread 0x000001d6aa3a8c60 DEOPT PACKING pc=0x000001d68044e5dc sp=0x0000006a835fdae0
Event: 80.215 Thread 0x000001d6aa3a8c60 DEOPT UNPACKING pc=0x000001d6875866e3 sp=0x0000006a835fd060 mode 0

Classes unloaded (0 events):
No events

Classes redefined (0 events):
No events

Internal exceptions (20 events):
Event: 77.069 Thread 0x000001d6a97f8e80 Exception <a 'java/lang/NoSuchMethodError'{0x00000000ed513f88}: 'java.lang.Object java.lang.invoke.DirectMethodHandle$Holder.newInvokeSpecial(java.lang.Object, int, java.lang.Object)'> (0x00000000ed513f88) 
thrown [s\open\src\hotspot\share\interpreter\linkResolver.cpp, line 759]
Event: 77.347 Thread 0x000001d6a97f8e80 Exception <a 'java/lang/NoSuchMethodError'{0x00000000ecfb2278}: 'java.lang.Object java.lang.invoke.DirectMethodHandle$Holder.newInvokeSpecial(java.lang.Object, java.lang.Object, java.lang.Object, int)'> (0x00000000ecfb2278) 
thrown [s\open\src\hotspot\share\interpreter\linkResolver.cpp, line 759]
Event: 77.348 Thread 0x000001d6a97f8e80 Exception <a 'java/lang/NoSuchMethodError'{0x00000000ecfb73a0}: 'java.lang.Object java.lang.invoke.DirectMethodHandle$Holder.invokeSpecial(java.lang.Object, java.lang.Object, java.lang.Object, java.lang.Object, int)'> (0x00000000ecfb73a0) 
thrown [s\open\src\hotspot\share\interpreter\linkResolver.cpp, line 759]
Event: 77.348 Thread 0x000001d6a97f8e80 Exception <a 'java/lang/NoSuchMethodError'{0x00000000ecfbbcb0}: 'java.lang.Object java.lang.invoke.Invokers$Holder.linkToTargetMethod(java.lang.Object, java.lang.Object, int, java.lang.Object)'> (0x00000000ecfbbcb0) 
thrown [s\open\src\hotspot\share\interpreter\linkResolver.cpp, line 759]
Event: 77.486 Thread 0x000001d6a97f8e80 Exception <a 'java/lang/NoSuchMethodError'{0x00000000ecc37418}: 'int java.lang.invoke.DirectMethodHandle$Holder.invokeSpecialIFC(java.lang.Object, java.lang.Object, java.lang.Object)'> (0x00000000ecc37418) 
thrown [s\open\src\hotspot\share\interpreter\linkResolver.cpp, line 759]
Event: 77.661 Thread 0x000001d6a97f8e80 Exception <a 'java/lang/NoSuchMethodError'{0x00000000ec894798}: 'java.lang.Object java.lang.invoke.DirectMethodHandle$Holder.newInvokeSpecial(java.lang.Object, java.lang.Object, java.lang.Object, java.lang.Object, int)'> (0x00000000ec894798) 
thrown [s\open\src\hotspot\share\interpreter\linkResolver.cpp, line 759]
Event: 77.661 Thread 0x000001d6a97f8e80 Exception <a 'java/lang/NoSuchMethodError'{0x00000000ec899a78}: 'java.lang.Object java.lang.invoke.DirectMethodHandle$Holder.invokeSpecial(java.lang.Object, java.lang.Object, java.lang.Object, java.lang.Object, java.lang.Object, int)'> (0x00000000ec899a78) 
thrown [s\open\src\hotspot\share\interpreter\linkResolver.cpp, line 759]
Event: 77.663 Thread 0x000001d6a97f8e80 Exception <a 'java/lang/NoSuchMethodError'{0x00000000ec89e708}: 'java.lang.Object java.lang.invoke.Invokers$Holder.linkToTargetMethod(java.lang.Object, java.lang.Object, java.lang.Object, int, java.lang.Object)'> (0x00000000ec89e708) 
thrown [s\open\src\hotspot\share\interpreter\linkResolver.cpp, line 759]
Event: 77.672 Thread 0x000001d6a97f8e80 Exception <a 'java/lang/NoSuchMethodError'{0x00000000ec8da490}: 'void java.lang.invoke.DirectMethodHandle$Holder.invokeSpecial(java.lang.Object, java.lang.Object, java.lang.Object, java.lang.Object, java.lang.Object, java.lang.Object)'> (0x00000000ec8da490) 
thrown [s\open\src\hotspot\share\interpreter\linkResolver.cpp, line 759]
Event: 77.680 Thread 0x000001d6a97f8e80 Exception <a 'java/lang/NoSuchMethodError'{0x00000000ec7189a8}: 'void java.lang.invoke.DirectMethodHandle$Holder.invokeStatic(java.lang.Object, java.lang.Object, java.lang.Object, int, java.lang.Object)'> (0x00000000ec7189a8) 
thrown [s\open\src\hotspot\share\interpreter\linkResolver.cpp, line 759]
Event: 77.727 Thread 0x000001d6a97f8e80 Exception <a 'java/lang/NoSuchMethodError'{0x00000000ec6e80d8}: 'int java.lang.invoke.DirectMethodHandle$Holder.invokeInterface(java.lang.Object, java.lang.Object, java.lang.Object, java.lang.Object, java.lang.Object)'> (0x00000000ec6e80d8) 
thrown [s\open\src\hotspot\share\interpreter\linkResolver.cpp, line 759]
Event: 77.848 Thread 0x000001d6a97f8e80 Exception <a 'sun/nio/fs/WindowsException'{0x00000000ec38fed0}> (0x00000000ec38fed0) 
thrown [s\open\src\hotspot\share\prims\jni.cpp, line 516]
Event: 79.710 Thread 0x000001d6a97f8e80 Exception <a 'java/lang/NoSuchMethodError'{0x00000000ea9cd798}: 'int java.lang.invoke.DirectMethodHandle$Holder.invokeInterface(java.lang.Object, java.lang.Object, java.lang.Object, java.lang.Object)'> (0x00000000ea9cd798) 
thrown [s\open\src\hotspot\share\interpreter\linkResolver.cpp, line 759]
Event: 79.787 Thread 0x000001d6a97f8e80 Exception <a 'java/lang/NoSuchMethodError'{0x00000000ea7ab3b8}: 'java.lang.Object java.lang.invoke.DirectMethodHandle$Holder.invokeStatic(java.lang.Object, long, java.lang.Object)'> (0x00000000ea7ab3b8) 
thrown [s\open\src\hotspot\share\interpreter\linkResolver.cpp, line 759]
Event: 79.789 Thread 0x000001d6a97f8e80 Exception <a 'java/lang/NoSuchMethodError'{0x00000000ea7b30f0}: 'java.lang.Object java.lang.invoke.DirectMethodHandle$Holder.newInvokeSpecial(java.lang.Object, long)'> (0x00000000ea7b30f0) 
thrown [s\open\src\hotspot\share\interpreter\linkResolver.cpp, line 759]
Event: 79.801 Thread 0x000001d6a97f8e80 Exception <a 'java/lang/NoSuchMethodError'{0x00000000ea625898}: 'java.lang.Object java.lang.invoke.Invokers$Holder.linkToTargetMethod(java.lang.Object, java.lang.Object, java.lang.Object, java.lang.Object, long, java.lang.Object, java.lang.Object)'> (0x00000000ea625898) 
thrown [s\open\src\hotspot\share\interpreter\linkResolver.cpp, line 759]
Event: 79.809 Thread 0x000001d6a97f8e80 Exception <a 'java/lang/NoSuchMethodError'{0x00000000ea66bd88}: 'java.lang.Object java.lang.invoke.DirectMethodHandle$Holder.newInvokeSpecial(java.lang.Object, java.lang.Object, java.lang.Object, long, java.lang.Object)'> (0x00000000ea66bd88) 
thrown [s\open\src\hotspot\share\interpreter\linkResolver.cpp, line 759]
Event: 79.810 Thread 0x000001d6a97f8e80 Exception <a 'java/lang/NoSuchMethodError'{0x00000000ea670eb8}: 'java.lang.Object java.lang.invoke.DirectMethodHandle$Holder.invokeSpecial(java.lang.Object, java.lang.Object, java.lang.Object, java.lang.Object, long, java.lang.Object)'> (0x00000000ea670eb8) 
thrown [s\open\src\hotspot\share\interpreter\linkResolver.cpp, line 759]
Event: 79.811 Thread 0x000001d6a97f8e80 Exception <a 'java/lang/NoSuchMethodError'{0x00000000ea6756a0}: 'java.lang.Object java.lang.invoke.Invokers$Holder.linkToTargetMethod(java.lang.Object, java.lang.Object, long, java.lang.Object, java.lang.Object)'> (0x00000000ea6756a0) 
thrown [s\open\src\hotspot\share\interpreter\linkResolver.cpp, line 759]
Event: 79.907 Thread 0x000001d6a97f8e80 Exception <a 'java/lang/NoSuchMethodError'{0x00000000ea4e73a0}: 'java.lang.Object java.lang.invoke.DirectMethodHandle$Holder.invokeSpecial(java.lang.Object, java.lang.Object, long, java.lang.Object, java.lang.Object)'> (0x00000000ea4e73a0) 
thrown [s\open\src\hotspot\share\interpreter\linkResolver.cpp, line 759]

VM Operations (20 events):
Event: 77.862 Executing VM operation: HandshakeAllThreads done
Event: 77.866 Executing VM operation: HandshakeAllThreads
Event: 77.866 Executing VM operation: HandshakeAllThreads done
Event: 77.975 Executing VM operation: HandshakeAllThreads
Event: 77.975 Executing VM operation: HandshakeAllThreads done
Event: 78.414 Executing VM operation: HandshakeAllThreads
Event: 78.414 Executing VM operation: HandshakeAllThreads done
Event: 78.414 Executing VM operation: Cleanup
Event: 78.415 Executing VM operation: Cleanup done
Event: 78.923 Executing VM operation: HandshakeAllThreads
Event: 78.923 Executing VM operation: HandshakeAllThreads done
Event: 79.590 Executing VM operation: ICBufferFull
Event: 79.590 Executing VM operation: ICBufferFull done
Event: 79.702 Executing VM operation: HandshakeAllThreads
Event: 79.702 Executing VM operation: HandshakeAllThreads done
Event: 79.881 Executing VM operation: HandshakeAllThreads
Event: 79.881 Executing VM operation: HandshakeAllThreads done
Event: 79.885 Executing VM operation: HandshakeAllThreads
Event: 79.885 Executing VM operation: HandshakeAllThreads done
Event: 80.888 Executing VM operation: Cleanup

Events (20 events):
Event: 79.246 loading class sun/security/ssl/NewSessionTicket$T12NewSessionTicketMessage done
Event: 79.247 loading class sun/security/ssl/SSLCipher$T12GcmReadCipherGenerator$GcmReadCipher
Event: 79.249 loading class sun/security/ssl/SSLCipher$T12GcmReadCipherGenerator$GcmReadCipher done
Event: 79.249 loading class com/sun/crypto/provider/GaloisCounterMode$GCMDecrypt
Event: 79.249 loading class com/sun/crypto/provider/GaloisCounterMode$GCMDecrypt done
Event: 79.250 loading class jdk/internal/event/TLSHandshakeEvent
Event: 79.250 loading class jdk/internal/event/TLSHandshakeEvent done
Event: 79.250 loading class javax/net/ssl/SSLEngineResult$HandshakeStatus
Event: 79.251 loading class javax/net/ssl/SSLEngineResult$HandshakeStatus done
Event: 79.311 loading class java/nio/charset/UnsupportedCharsetException
Event: 79.312 loading class java/nio/charset/UnsupportedCharsetException done
Event: 79.342 Thread 0x000001d6a91f9b40 Thread exited: 0x000001d6a91f9b40
Event: 79.533 Thread 0x000001d6ad4a5080 Thread added: 0x000001d6ad4a5080
Event: 80.192 Thread 0x000001d6aa3abf00 Thread added: 0x000001d6aa3abf00
Event: 80.194 Thread 0x000001d6aa3ac410 Thread added: 0x000001d6aa3ac410
Event: 80.194 Thread 0x000001d6aa3a8c60 Thread added: 0x000001d6aa3a8c60
Event: 80.195 Thread 0x000001d6aa3ae780 Thread added: 0x000001d6aa3ae780
Event: 80.202 Thread 0x000001d6aa3aec90 Thread added: 0x000001d6aa3aec90
Event: 80.202 Thread 0x000001d6aa3ac920 Thread added: 0x000001d6aa3ac920
Event: 80.203 Thread 0x000001d6aa3ace30 Thread added: 0x000001d6aa3ace30


Dynamic libraries:
0x00007ff62ad40000 - 0x00007ff62ad50000 	C:\Program Files\Java\jdk-17\bin\java.exe
0x00007ff8bca20000 - 0x00007ff8bcc80000 	C:\WINDOWS\SYSTEM32\ntdll.dll
0x00007ff8bb750000 - 0x00007ff8bb817000 	C:\WINDOWS\System32\KERNEL32.DLL
0x00007ff8ba160000 - 0x00007ff8ba52a000 	C:\WINDOWS\System32\KERNELBASE.dll
0x00007ff8b9c30000 - 0x00007ff8b9d7b000 	C:\WINDOWS\System32\ucrtbase.dll
0x00007ff8b3120000 - 0x00007ff8b3139000 	C:\Program Files\Java\jdk-17\bin\jli.dll
0x00007ff8b3080000 - 0x00007ff8b309b000 	C:\Program Files\Java\jdk-17\bin\VCRUNTIME140.dll
0x00007ff8bb1a0000 - 0x00007ff8bb252000 	C:\WINDOWS\System32\ADVAPI32.dll
0x00007ff8bbda0000 - 0x00007ff8bbe49000 	C:\WINDOWS\System32\msvcrt.dll
0x00007ff8bc020000 - 0x00007ff8bc0c6000 	C:\WINDOWS\System32\sechost.dll
0x00007ff8bbc00000 - 0x00007ff8bbd16000 	C:\WINDOWS\System32\RPCRT4.dll
0x00007ff8bbe50000 - 0x00007ff8bc01c000 	C:\WINDOWS\System32\USER32.dll
0x00007ff8b9c00000 - 0x00007ff8b9c27000 	C:\WINDOWS\System32\win32u.dll
0x00007ff8bb720000 - 0x00007ff8bb74a000 	C:\WINDOWS\System32\GDI32.dll
0x00007ff8b9f60000 - 0x00007ff8ba091000 	C:\WINDOWS\System32\gdi32full.dll
0x00007ff8b9e20000 - 0x00007ff8b9ec3000 	C:\WINDOWS\System32\msvcp_win.dll
0x00007ff8b8dd0000 - 0x00007ff8b9067000 	C:\WINDOWS\WinSxS\amd64_microsoft.windows.common-controls_6595b64144ccf1df_6.0.26100.3624_none_3e086962e3345f24\COMCTL32.dll
0x00007ff8b6770000 - 0x00007ff8b677b000 	C:\WINDOWS\SYSTEM32\VERSION.dll
0x00007ff8bacd0000 - 0x00007ff8bacff000 	C:\WINDOWS\System32\IMM32.DLL
0x00007ff8b3160000 - 0x00007ff8b316c000 	C:\Program Files\Java\jdk-17\bin\vcruntime140_1.dll
0x00007ff8a25e0000 - 0x00007ff8a266e000 	C:\Program Files\Java\jdk-17\bin\msvcp140.dll
0x00007ff83fb50000 - 0x00007ff840731000 	C:\Program Files\Java\jdk-17\bin\server\jvm.dll
0x00007ff8bc0d0000 - 0x00007ff8bc0d8000 	C:\WINDOWS\System32\PSAPI.DLL
0x00007ff8a4430000 - 0x00007ff8a4466000 	C:\WINDOWS\SYSTEM32\WINMM.dll
0x00007ff89c190000 - 0x00007ff89c19a000 	C:\WINDOWS\SYSTEM32\WSOCK32.dll
0x00007ff8bc0f0000 - 0x00007ff8bc164000 	C:\WINDOWS\System32\WS2_32.dll
0x00007ff8b8030000 - 0x00007ff8b804a000 	C:\WINDOWS\SYSTEM32\kernel.appcore.dll
0x00007ff8b30c0000 - 0x00007ff8b30ca000 	C:\Program Files\Java\jdk-17\bin\jimage.dll
0x00007ff8b9380000 - 0x00007ff8b95c1000 	C:\WINDOWS\SYSTEM32\DBGHELP.DLL
0x00007ff8bb290000 - 0x00007ff8bb612000 	C:\WINDOWS\System32\combase.dll
0x00007ff8ba820000 - 0x00007ff8ba8f6000 	C:\WINDOWS\System32\OLEAUT32.dll
0x00007ff8b9270000 - 0x00007ff8b92a9000 	C:\WINDOWS\SYSTEM32\dbgcore.DLL
0x00007ff8b9d80000 - 0x00007ff8b9e19000 	C:\WINDOWS\System32\bcryptPrimitives.dll
0x00007ff8a3a40000 - 0x00007ff8a3a4e000 	C:\Program Files\Java\jdk-17\bin\instrument.dll
0x00007ff8a9550000 - 0x00007ff8a9575000 	C:\Program Files\Java\jdk-17\bin\java.dll
0x00007ff887550000 - 0x00007ff887627000 	C:\Program Files\Java\jdk-17\bin\jsvml.dll
0x00007ff8bc170000 - 0x00007ff8bc899000 	C:\WINDOWS\System32\SHELL32.dll
0x00007ff8ba530000 - 0x00007ff8ba698000 	C:\WINDOWS\System32\wintypes.dll
0x00007ff8b6920000 - 0x00007ff8b7172000 	C:\WINDOWS\SYSTEM32\windows.storage.dll
0x00007ff8bbb10000 - 0x00007ff8bbbfd000 	C:\WINDOWS\System32\SHCORE.dll
0x00007ff8bac40000 - 0x00007ff8baca4000 	C:\WINDOWS\System32\shlwapi.dll
0x00007ff8b9b10000 - 0x00007ff8b9b3f000 	C:\WINDOWS\SYSTEM32\profapi.dll
0x00007ff8a3cd0000 - 0x00007ff8a3ce8000 	C:\Program Files\Java\jdk-17\bin\zip.dll
0x00007ff8aac30000 - 0x00007ff8aac49000 	C:\Program Files\Java\jdk-17\bin\net.dll
0x00007ff8b52f0000 - 0x00007ff8b540d000 	C:\WINDOWS\SYSTEM32\WINHTTP.dll
0x00007ff8b7f20000 - 0x00007ff8b7f8a000 	C:\WINDOWS\system32\mswsock.dll
0x00007ff8a3e40000 - 0x00007ff8a3e56000 	C:\Program Files\Java\jdk-17\bin\nio.dll
0x00007ff8a93a0000 - 0x00007ff8a93b0000 	C:\Program Files\Java\jdk-17\bin\verify.dll
0x00007ff8a2d70000 - 0x00007ff8a2d97000 	C:\Users\LG\.gradle\native\1def1411415f61bf3af743bc5b6707747c0891f09f0c88961ee8f79bc544acac\windows-amd64\native-platform.dll
0x00007ff8a27a0000 - 0x00007ff8a2818000 	C:\Users\LG\.gradle\native\0.2.7\x86_64-windows-gnu\gradle-fileevents.dll
0x00007ff8a4490000 - 0x00007ff8a449a000 	C:\Program Files\Java\jdk-17\bin\management.dll
0x00007ff8a4200000 - 0x00007ff8a420b000 	C:\Program Files\Java\jdk-17\bin\management_ext.dll
0x00007ff8b74f0000 - 0x00007ff8b7523000 	C:\WINDOWS\SYSTEM32\IPHLPAPI.DLL
0x00007ff8bacc0000 - 0x00007ff8bacca000 	C:\WINDOWS\System32\NSI.dll
0x00007ff8acbf0000 - 0x00007ff8acc0f000 	C:\WINDOWS\SYSTEM32\dhcpcsvc6.DLL
0x00007ff8ac940000 - 0x00007ff8ac965000 	C:\WINDOWS\SYSTEM32\dhcpcsvc.DLL
0x00007ff8b7590000 - 0x00007ff8b76b5000 	C:\WINDOWS\SYSTEM32\DNSAPI.dll
0x00007ff8b9760000 - 0x00007ff8b977c000 	C:\WINDOWS\SYSTEM32\CRYPTSP.dll
0x00007ff8b79d0000 - 0x00007ff8b7a0a000 	C:\WINDOWS\system32\rsaenh.dll
0x00007ff8b7fc0000 - 0x00007ff8b7feb000 	C:\WINDOWS\SYSTEM32\USERENV.dll
0x00007ff8b9ae0000 - 0x00007ff8b9b06000 	C:\WINDOWS\SYSTEM32\bcrypt.dll
0x00007ff8b8aa0000 - 0x00007ff8b8aac000 	C:\WINDOWS\SYSTEM32\CRYPTBASE.dll
0x00007ff8b3100000 - 0x00007ff8b310e000 	C:\Program Files\Java\jdk-17\bin\sunmscapi.dll
0x00007ff8ba6a0000 - 0x00007ff8ba817000 	C:\WINDOWS\System32\CRYPT32.dll
0x00007ff8b8c90000 - 0x00007ff8b8cc0000 	C:\WINDOWS\SYSTEM32\ncrypt.dll
0x00007ff8b8c40000 - 0x00007ff8b8c7f000 	C:\WINDOWS\SYSTEM32\NTASN1.dll
0x00007ff8347d0000 - 0x00007ff8347d8000 	C:\WINDOWS\system32\wshunix.dll
0x00007ff8ac450000 - 0x00007ff8ac45b000 	C:\Windows\System32\rasadhlp.dll
0x00007ff8b0220000 - 0x00007ff8b02a5000 	C:\WINDOWS\System32\fwpuclnt.dll

dbghelp: loaded successfully - version: 4.0.5 - missing functions: none
symbol engine: initialized successfully - sym options: 0x614 - pdb path: .;C:\Program Files\Java\jdk-17\bin;C:\WINDOWS\SYSTEM32;C:\WINDOWS\WinSxS\amd64_microsoft.windows.common-controls_6595b64144ccf1df_6.0.26100.3624_none_3e086962e3345f24;C:\Program Files\Java\jdk-17\bin\server;C:\Users\LG\.gradle\native\1def1411415f61bf3af743bc5b6707747c0891f09f0c88961ee8f79bc544acac\windows-amd64;C:\Users\LG\.gradle\native\0.2.7\x86_64-windows-gnu

VM Arguments:
jvm_args: --add-opens=java.base/java.lang=ALL-UNNAMED --add-opens=java.base/java.lang.invoke=ALL-UNNAMED --add-opens=java.base/java.util=ALL-UNNAMED --add-opens=java.prefs/java.util.prefs=ALL-UNNAMED --add-exports=jdk.compiler/com.sun.tools.javac.api=ALL-UNNAMED --add-exports=jdk.compiler/com.sun.tools.javac.util=ALL-UNNAMED --add-opens=java.base/java.util=ALL-UNNAMED --add-opens=java.prefs/java.util.prefs=ALL-UNNAMED --add-opens=java.base/java.nio.charset=ALL-UNNAMED --add-opens=java.base/java.net=ALL-UNNAMED --add-opens=java.base/java.util.concurrent.atomic=ALL-UNNAMED --add-opens=java.xml/javax.xml.namespace=ALL-UNNAMED -XX:MaxMetaspaceSize=384m -XX:+HeapDumpOnOutOfMemoryError -Xms256m -Xmx512m -Dfile.encoding=x-windows-949 -Duser.country=KR -Duser.language=ko -Duser.variant -javaagent:C:\Users\LG\.gradle\wrapper\dists\gradle-8.13-bin\5xuhj0ry160q40clulazy9h7d\gradle-8.13\lib\agents\gradle-instrumentation-agent-8.13.jar 
java_command: org.gradle.launcher.daemon.bootstrap.GradleDaemon 8.13
java_class_path (initial): C:\Users\LG\.gradle\wrapper\dists\gradle-8.13-bin\5xuhj0ry160q40clulazy9h7d\gradle-8.13\lib\gradle-daemon-main-8.13.jar
Launcher Type: SUN_STANDARD

[Global flags]
     intx CICompilerCount                          = 4                                         {product} {ergonomic}
   size_t CompressedClassSpaceSize                 = 335544320                                 {product} {ergonomic}
     uint ConcGCThreads                            = 2                                         {product} {ergonomic}
     uint G1ConcRefinementThreads                  = 8                                         {product} {ergonomic}
   size_t G1HeapRegionSize                         = 1048576                                   {product} {ergonomic}
    uintx GCDrainStackTargetSize                   = 64                                        {product} {ergonomic}
     bool HeapDumpOnOutOfMemoryError               = true                                   {manageable} {command line}
   size_t InitialHeapSize                          = 268435456                                 {product} {command line}
   size_t MarkStackSize                            = 4194304                                   {product} {ergonomic}
   size_t MaxHeapSize                              = 536870912                                 {product} {command line}
   size_t MaxMetaspaceSize                         = 402653184                                 {product} {command line}
   size_t MaxNewSize                               = 321912832                                 {product} {ergonomic}
   size_t MinHeapDeltaBytes                        = 1048576                                   {product} {ergonomic}
   size_t MinHeapSize                              = 268435456                                 {product} {command line}
    uintx NonNMethodCodeHeapSize                   = 5839372                                {pd product} {ergonomic}
    uintx NonProfiledCodeHeapSize                  = 122909434                              {pd product} {ergonomic}
    uintx ProfiledCodeHeapSize                     = 122909434                              {pd product} {ergonomic}
    uintx ReservedCodeCacheSize                    = 251658240                              {pd product} {ergonomic}
     bool SegmentedCodeCache                       = true                                      {product} {ergonomic}
   size_t SoftMaxHeapSize                          = 536870912                              {manageable} {ergonomic}
     bool UseCompressedClassPointers               = true                           {product lp64_product} {ergonomic}
     bool UseCompressedOops                        = true                           {product lp64_product} {ergonomic}
     bool UseG1GC                                  = true                                      {product} {ergonomic}
     bool UseLargePagesIndividualAllocation        = false                                  {pd product} {ergonomic}

Logging:
Log output configuration:
 #0: stdout all=warning uptime,level,tags
 #1: stderr all=off uptime,level,tags

Environment Variables:
JAVA_HOME=C:\Program Files\Java\jdk-17
CLASSPATH=C:\Bit\WeatherWeb\backend\\gradle\wrapper\gradle-wrapper.jar
PATH=C:\Program Files\MySQL\MySQL Server 8.0\bin\;C:\Program Files\nodejs\;C:\Program Files\Java\jdk-17\bin;C:\Program Files\PuTTY\;C:\Program Files\MySQL\MySQL Shell 8.0\bin\;C:\Program Files\MySQL\MySQL Shell 8.0\bin;C:\Users\LG\AppData\Local\Microsoft\WindowsApps;C:\Users\LG\AppData\Local\Programs\Microsoft VS Code\bin;C:\Users\LG\AppData\Roaming\npm;C:\Windows\System32;C:\Windows;
USERNAME=LG
OS=Windows_NT
PROCESSOR_IDENTIFIER=Intel64 Family 6 Model 126 Stepping 5, GenuineIntel



---------------  S Y S T E M  ---------------

OS:
 Windows 11 , 64 bit Build 26100 (10.0.26100.3775)
OS uptime: 5 days 22:33 hours

CPU: total 8 (initial active 8) (4 cores per cpu, 2 threads per core) family 6 model 126 stepping 5 microcode 0x96, cx8, cmov, fxsr, ht, mmx, 3dnowpref, sse, sse2, sse3, ssse3, sse4.1, sse4.2, popcnt, lzcnt, tsc, tscinvbit, avx, avx2, aes, erms, clmul, bmi1, bmi2, adx, avx512f, avx512dq, avx512cd, avx512bw, avx512vl, sha, fma, vzeroupper, avx512_vpopcntdq, avx512_vpclmulqdq, avx512_vaes, avx512_vnni, clflush, clflushopt, avx512_vbmi2, avx512_vbmi

Memory: 4k page, system-wide physical 7901M (815M free)
TotalPageFile size 32477M (AvailPageFile size 9M)
current process WorkingSet (physical memory assigned to process): 312M, peak: 318M
current process commit charge ("private bytes"): 473M, peak: 479M

vm_info: Java HotSpot(TM) 64-Bit Server VM (17.0.14+8-LTS-191) for windows-amd64 JRE (17.0.14+8-LTS-191), built on Dec  3 2024 11:07:59 by "mach5one" with MS VC++ 17.6 (VS2022)

END.
